[Licensing::Module] Trying to connect to existing licensing client channel...
Built from '6000.3/staging' branch; Version is '6000.3.2f1 (a9779f353c9b) revision 11106207'; Using compiler version '194234433'; Build Type 'Release'
OS: 'Windows 11  (10.0.26200) 64bit Professional' Language: 'en' Physical Memory: 15752 MB
BatchMode: 1, IsHumanControllingUs: 0, StartBugReporterOnCrash: 0, Is64bit: 1
[Licensing::IpcConnector] Successfully connected to: "LicenseClient-Tray" at "2026-01-15T06:29:51.6577813Z"
Date: 2026-01-15T06:29:51Z

COMMAND LINE ARGUMENTS:
C:\Program Files\Unity\Hub\Editor\6000.3.2f1\Editor\Unity.exe
-adb2
-batchMode
-noUpm
-name
AssetImportWorker1
-projectPath
C:/Users/Tray/Unity/LOLMirrorMatch
-logFile
Logs/AssetImportWorker1.log
-srvPort
51910
-licensingIpc
LicenseClient-Tray
-job-worker-count
5
-background-job-worker-count
8
-gc-helper-count
1
-name
AssetImport
Successfully changed project path to: C:/Users/Tray/Unity/LOLMirrorMatch
C:/Users/Tray/Unity/LOLMirrorMatch
[UnityMemory] Configuration Parameters - Can be set up in boot.config
    "memorysetup-temp-allocator-size-nav-mesh-worker=65536"
    "memorysetup-temp-allocator-size-audio-worker=65536"
    "memorysetup-temp-allocator-size-gfx=262144"
    "memorysetup-allocator-temp-initial-block-size-main=262144"
    "memorysetup-allocator-temp-initial-block-size-worker=262144"
    "memorysetup-temp-allocator-size-background-worker=32768"
    "memorysetup-temp-allocator-size-job-worker=262144"
    "memorysetup-temp-allocator-size-preload-manager=33554432"
    "memorysetup-temp-allocator-size-gi-baking-worker=262144"
    "memorysetup-temp-allocator-size-gi-baking-worker=262144"
    "memorysetup-temp-allocator-size-gi-baking-worker=262144"
    "memorysetup-temp-allocator-size-gi-baking-worker=262144"
    "memorysetup-temp-allocator-size-gi-baking-worker=262144"
    "memorysetup-bucket-allocator-granularity=16"
    "memorysetup-bucket-allocator-bucket-count=8"
    "memorysetup-bucket-allocator-block-size=33554432"
    "memorysetup-bucket-allocator-block-count=8"
    "memorysetup-main-allocator-block-size=16777216"
    "memorysetup-thread-allocator-block-size=16777216"
    "memorysetup-gfx-main-allocator-block-size=16777216"
    "memorysetup-gfx-thread-allocator-block-size=16777216"
    "memorysetup-cache-allocator-block-size=4194304"
    "memorysetup-typetree-allocator-block-size=2097152"
    "memorysetup-profiler-bucket-allocator-granularity=16"
    "memorysetup-profiler-bucket-allocator-bucket-count=8"
    "memorysetup-profiler-bucket-allocator-block-size=33554432"
    "memorysetup-profiler-bucket-allocator-block-count=8"
    "memorysetup-profiler-allocator-block-size=16777216"
    "memorysetup-profiler-editor-allocator-block-size=1048576"
    "memorysetup-temp-allocator-size-main=16777216"
    "memorysetup-job-temp-allocator-block-size=2097152"
    "memorysetup-job-temp-allocator-block-size-background=1048576"
    "memorysetup-job-temp-allocator-reduction-small-platforms=262144"
    "memorysetup-temp-allocator-size-cloud-worker=32768"
Player connection [4384]  Target information:

Player connection [4384]  * "[IP] 192.168.1.226 [Port] 0 [Flags] 2 [Guid] 2169830868 [EditorId] 2169830868 [Version] 1048832 [Id] WindowsEditor(7,MSI) [Debug] 1 [PackageName] WindowsEditor [ProjectName] Editor" 

Player connection [4384] Host joined multi-casting on [225.0.0.222:54997]...
Player connection [4384] Host joined alternative multi-casting on [225.0.0.222:34997]...
JobSystem: Creating JobQueue using job-worker-count value 5
Input System module state changed to: Initialized.
[Physics::Module] Initialized fallback backend.
[Physics::Module] Id: 0xdecafbad
Library Redirect Path: Library/
[Physics::Module] Selected backend.
[Physics::Module] Name: PhysX
[Physics::Module] Id: 0xf2b8ea05
[Physics::Module] SDK Version: 4.1.2
[Physics::Module] Integration Version: 1.0.0
[Physics::Module] Threading Mode: Multi-Threaded
Refreshing native plugins compatible for Editor in 14.68 ms, found 5 plugins.
Preloading 1 native plugins for Editor in 1.65 ms.
Initialize engine version: 6000.3.2f1 (a9779f353c9b)
[Subsystems] Discovering subsystems at path C:/Program Files/Unity/Hub/Editor/6000.3.2f1/Editor/Data/Resources/UnitySubsystems
[Subsystems] Discovering subsystems at path C:/Users/Tray/Unity/LOLMirrorMatch/Assets
GfxDevice: creating device client; kGfxThreadingModeNonThreaded
Direct3D:
    Version:  Direct3D 11.0 [level 11.1]
    Renderer: Radeon RX 5500M (ID=0x7340)
    Vendor:   ATI
    VRAM:     4055 MB
    Driver:   32.0.11038.8002
Initialize mono
Mono path[0] = 'C:/Program Files/Unity/Hub/Editor/6000.3.2f1/Editor/Data/Managed'
Mono path[1] = 'C:/Program Files/Unity/Hub/Editor/6000.3.2f1/Editor/Data/MonoBleedingEdge/lib/mono/unityjit-win32'
Mono config path = 'C:/Program Files/Unity/Hub/Editor/6000.3.2f1/Editor/Data/MonoBleedingEdge/etc'
Using monoOptions --debugger-agent=transport=dt_socket,embedding=1,server=y,suspend=n,address=127.0.0.1:56836
Begin MonoManager ReloadAssembly
Registering precompiled unity dll's ...
Register platform support module: C:/Program Files/Unity/Hub/Editor/6000.3.2f1/Editor/Data/PlaybackEngines/WebGLSupport/UnityEditor.WebGL.Extensions.dll
Register platform support module: C:/Program Files/Unity/Hub/Editor/6000.3.2f1/Editor/Data/PlaybackEngines/WindowsStandaloneSupport/UnityEditor.WindowsStandalone.Extensions.dll
[Licensing::Module] Licensing is not yet initialized.
[Licensing::Client] Handshaking with LicensingClient:
  Version:                 1.17.4+4293ba1
  Session Id:              a6ecf3fdc32e4f0199889a3cda8e8cae
  Correlation Id:          7960d505467c558d691ce346e1b87298
  External correlation Id: 2557725019770732125
  Machine Id:              MUO+ykhDnXWC5hgtd5lZAnH3Mwk=
[Licensing::Module] Successfully connected to LicensingClient on channel: "LicenseClient-Tray" (connect: 0.00s, validation: 0.00s, handshake: 2.48s)
[Licensing::IpcConnector] Successfully connected to: "LicenseClient-Tray-notifications" at "2026-01-15T06:29:54.1415717Z"
[Licensing::Module] Licensing Background thread has ended after 2.48s
[Licensing::Module] Licensing is initialized (took 1.38s).
[Licensing::Client] Successfully resolved entitlement details
[Licensing::Module] License group:
  Id: 18968360639405-UnityPersXXXX
  Product: Unity Personal
  Type: Assigned
  Expiration: Unlimited
Register platform support module: C:/Program Files/Unity/Hub/Editor/6000.3.2f1/Editor/Data/PlaybackEngines/AndroidPlayer/UnityEditor.Android.Extensions.dll
Registered in 1.386358 seconds.
- Loaded All Assemblies, in  1.887 seconds
Native extension for Android target not found
Android Extension - Scanning For ADB Devices 247 ms
Native extension for WindowsStandalone target not found
Native extension for WebGL target not found
Mono: successfully reloaded assembly
- Finished resetting the current domain, in  0.784 seconds
Domain Reload Profiling: 2666ms
	BeginReloadAssembly (141ms)
		ExecutionOrderSort (0ms)
		DisableScriptedObjects (0ms)
		BackupInstance (0ms)
		ReleaseScriptingObjects (0ms)
		CreateAndSetChildDomain (1ms)
	RebuildCommonClasses (56ms)
	RebuildNativeTypeToScriptingClass (18ms)
	initialDomainReloadingComplete (1449ms)
	LoadAllAssembliesAndSetupDomain (216ms)
		LoadAssemblies (135ms)
		RebuildTransferFunctionScriptingTraits (0ms)
		AnalyzeDomain (211ms)
			TypeCache.Refresh (209ms)
				TypeCache.ScanAssembly (195ms)
			BuildScriptInfoCaches (0ms)
			ResolveRequiredComponents (0ms)
	FinalizeReload (785ms)
		ReleaseScriptCaches (0ms)
		RebuildScriptCaches (0ms)
		SetupLoadedEditorAssemblies (726ms)
			LogAssemblyErrors (0ms)
			InitializePlatformSupportModulesInManaged (354ms)
			SetLoadedEditorAssemblies (5ms)
			BeforeProcessingInitializeOnLoad (100ms)
			ProcessInitializeOnLoadAttributes (182ms)
			ProcessInitializeOnLoadMethodAttributes (84ms)
			AfterProcessingInitializeOnLoad (0ms)
			EditorAssembliesLoaded (0ms)
		ExecutionOrderSort2 (0ms)
		AwakeInstancesAfterBackupRestoration (0ms)
Assembly reference Packages/com.unity.cinemachine/Editor/Samples/ExposeHDRPInternals/HDRP-Editor-ref.asmref has no target assembly definition
========================================================================
Worker process is ready to serve import requests
Import Worker Mode flag is 0x00
Assembly reference Packages/com.unity.cinemachine/Editor/Samples/ExposeHDRPInternals/HDRP-Editor-ref.asmref has no target assembly definition
Assembly reference Packages/com.unity.cinemachine/Editor/Samples/ExposeHDRPInternals/HDRP-Editor-ref.asmref has no target assembly definition
Begin MonoManager ReloadAssembly
[Licensing::Client] Successfully resolved entitlement details
Duplicate assembly 'System.Runtime.CompilerServices.Unsafe.dll' with different versions detected, using 'Packages/com.unity.collections/Unity.Collections.Tests/System.Runtime.CompilerServices.Unsafe/System.Runtime.CompilerServices.Unsafe.dll, AssemblyName=System.Runtime.CompilerServices.Unsafe, Version=6.0.0.0, Culture=neutral, PublicKeyToken=b03f5f7f11d50a3a' and ignoring 'Packages/com.unity.ai.assistant/Plugins/Markdig/Dependencies/System.Runtime.CompilerServices.Unsafe.dll, AssemblyName=System.Runtime.CompilerServices.Unsafe, Version=4.0.6.0, Culture=neutral, PublicKeyToken=b03f5f7f11d50a3a'.Symbol file LoadedFromMemory is not a mono symbol file
Symbol file LoadedFromMemory is not a mono symbol file
- Loaded All Assemblies, in  1.444 seconds
Assembly reference Packages/com.unity.cinemachine/Editor/Samples/ExposeHDRPInternals/HDRP-Editor-ref.asmref has no target assembly definition
'Packages/com.unity.cinemachine/Editor/Obsolete/CinemachineVirtualCameraBaseEditor.cs' contains partial class of Unity.Object, exactly 1 of the partial classes needs to be in a file with the same filename. This is to know the one that can be referenced from ie. GameObjects
'Packages/com.unity.cinemachine/Editor/Editors/CinemachineVirtualCameraBaseEditor.cs' contains partial class of Unity.Object, exactly 1 of the partial classes needs to be in a file with the same filename. This is to know the one that can be referenced from ie. GameObjects
Refreshing native plugins compatible for Editor in 11.11 ms, found 5 plugins.
Native extension for Android target not found
Native extension for WindowsStandalone target not found
Native extension for WebGL target not found
Assembly reference Packages/com.unity.cinemachine/Editor/Samples/ExposeHDRPInternals/HDRP-Editor-ref.asmref has no target assembly definition
Package Manager log level set to [2]
[Package Manager] Failed to launch server process. Reason: Unity was launched with the -noUpm command-line argument
[Package Manager] Unable to send message (not connected to server process).
[Package Manager] Cannot connect to Unity Package Manager local server
Refreshing native plugins compatible for Editor in 10.92 ms, found 5 plugins.
[Package Manager] Failed to launch server process. Reason: Unity was launched with the -noUpm command-line argument
[Package Manager] Unable to send message (not connected to server process).
[Package Manager] Cannot connect to Unity Package Manager local server
[Package Manager] Failed to launch server process. Reason: Unity was launched with the -noUpm command-line argument
[Package Manager] Unable to send message (not connected to server process).
[Package Manager] Cannot connect to Unity Package Manager local server
Mono: successfully reloaded assembly
- Finished resetting the current domain, in  1.343 seconds
Domain Reload Profiling: 2770ms
	BeginReloadAssembly (176ms)
		ExecutionOrderSort (0ms)
		DisableScriptedObjects (6ms)
		BackupInstance (0ms)
		ReleaseScriptingObjects (0ms)
		CreateAndSetChildDomain (43ms)
	RebuildCommonClasses (43ms)
	RebuildNativeTypeToScriptingClass (13ms)
	initialDomainReloadingComplete (42ms)
	LoadAllAssembliesAndSetupDomain (1153ms)
		LoadAssemblies (635ms)
		RebuildTransferFunctionScriptingTraits (0ms)
		AnalyzeDomain (600ms)
			TypeCache.Refresh (451ms)
				TypeCache.ScanAssembly (418ms)
			BuildScriptInfoCaches (126ms)
			ResolveRequiredComponents (16ms)
	FinalizeReload (1343ms)
		ReleaseScriptCaches (0ms)
		RebuildScriptCaches (0ms)
		SetupLoadedEditorAssemblies (1163ms)
			LogAssemblyErrors (0ms)
			InitializePlatformSupportModulesInManaged (12ms)
			SetLoadedEditorAssemblies (7ms)
			BeforeProcessingInitializeOnLoad (307ms)
			ProcessInitializeOnLoadAttributes (517ms)
			ProcessInitializeOnLoadMethodAttributes (309ms)
			AfterProcessingInitializeOnLoad (11ms)
			EditorAssembliesLoaded (1ms)
		ExecutionOrderSort2 (0ms)
		AwakeInstancesAfterBackupRestoration (7ms)
Launched and connected shader compiler UnityShaderCompiler.exe after 0.01 seconds
Refreshing native plugins compatible for Editor in 14.02 ms, found 5 plugins.
Preloading 1 native plugins for Editor in 0.14 ms.
Unloading 59 Unused Serialized files (Serialized files now loaded: 0)
Unloading 11037 unused Assets / (22.1 MB). Loaded Objects now: 11860.
Memory consumption went from 222.0 MB to 199.8 MB.
Total: 27.005700 ms (FindLiveObjects: 2.139300 ms CreateObjectMapping: 2.581600 ms MarkObjects: 10.827700 ms  DeleteObjects: 11.455300 ms)

========================================================================
Received Import Request.
  Time since last request: 18344.819037 seconds.
  path: Assets/Sprites/Game/HealthBar/HealthDelayed.png
  artifactKey: Guid(07be9a5eb04a90b46a81d5f804de7d20) Importer(2089858483,b0f066a214c2f5e87bad3c948f4d605d)
Start importing Assets/Sprites/Game/HealthBar/HealthDelayed.png using Guid(07be9a5eb04a90b46a81d5f804de7d20) Importer(2089858483,b0f066a214c2f5e87bad3c948f4d605d) (ScriptedImporter) -> (artifact id: '3f4899044fbc42c92dbf1d0eb1c2fe2b') in 0.1556623 seconds
Number of updated asset objects reloaded before import = 0Number of asset objects unloaded after import = 3

========================================================================
Received Import Request.
  Time since last request: 0.000017 seconds.
  path: Assets/Sprites/Game/HealthBar/EnemyHealth.png
  artifactKey: Guid(4c544d8a962895b45a1120c478bbf2e5) Importer(2089858483,b0f066a214c2f5e87bad3c948f4d605d)
Start importing Assets/Sprites/Game/HealthBar/EnemyHealth.png using Guid(4c544d8a962895b45a1120c478bbf2e5) Importer(2089858483,b0f066a214c2f5e87bad3c948f4d605d) (ScriptedImporter) -> (artifact id: '8c8ca23574cb825c10137137c143bb1b') in 0.0097332 seconds
Number of updated asset objects reloaded before import = 0Number of asset objects unloaded after import = 3

========================================================================
Received Import Request.
  Time since last request: 0.000022 seconds.
  path: Assets/Settings/Lit2DSceneTemplate.scenetemplate
  artifactKey: Guid(d03ed43fc9d8a4f2e9fa70c1c7916eb9) Importer(2089858483,b0f066a214c2f5e87bad3c948f4d605d)
Start importing Assets/Settings/Lit2DSceneTemplate.scenetemplate using Guid(d03ed43fc9d8a4f2e9fa70c1c7916eb9) Importer(2089858483,b0f066a214c2f5e87bad3c948f4d605d) (ScriptedImporter) -> (artifact id: '93472425cad9a39beaffdb5bf1af0fef') in 0.0608215 seconds
Number of updated asset objects reloaded before import = 0Number of asset objects unloaded after import = 3

========================================================================
Received Import Request.
  Time since last request: 0.000025 seconds.
  path: Assets/Scripts/IteamEffect.cs
  artifactKey: Guid(1da8679a19b7cc343804d64d797f671c) Importer(2089858483,b0f066a214c2f5e87bad3c948f4d605d)
Start importing Assets/Scripts/IteamEffect.cs using Guid(1da8679a19b7cc343804d64d797f671c) Importer(2089858483,b0f066a214c2f5e87bad3c948f4d605d) (ScriptedImporter) -> (artifact id: 'ef4454b4fdac16ca9e8115d18a4934f6') in 0.0043354 seconds
Number of updated asset objects reloaded before import = 0Number of asset objects unloaded after import = 0

========================================================================
Received Import Request.
  Time since last request: 0.000017 seconds.
  path: Assets/Scripts/Champions/Ezreal/EzrealQ.cs
  artifactKey: Guid(26667cfb265aae249b53dea56e0a503d) Importer(2089858483,b0f066a214c2f5e87bad3c948f4d605d)
Start importing Assets/Scripts/Champions/Ezreal/EzrealQ.cs using Guid(26667cfb265aae249b53dea56e0a503d) Importer(2089858483,b0f066a214c2f5e87bad3c948f4d605d) (ScriptedImporter) -> (artifact id: 'faa0f14379bd714f33f194cc761c503c') in 0.0036179 seconds
Number of updated asset objects reloaded before import = 0Number of asset objects unloaded after import = 0

========================================================================
Received Import Request.
  Time since last request: 0.000017 seconds.
  path: Assets/Sprites/Champions/Ezreal/Ezreal_Attack/Ezreal_Attack_0002_Layer-15.png
  artifactKey: Guid(2376fe9c72ecdb54c8f8798bca98c85c) Importer(2089858483,b0f066a214c2f5e87bad3c948f4d605d)
Start importing Assets/Sprites/Champions/Ezreal/Ezreal_Attack/Ezreal_Attack_0002_Layer-15.png using Guid(2376fe9c72ecdb54c8f8798bca98c85c) Importer(2089858483,b0f066a214c2f5e87bad3c948f4d605d) (ScriptedImporter) -> (artifact id: '4f76f8a5bf0bdcf24f55c5d3a0275cd3') in 0.0087915 seconds
Number of updated asset objects reloaded before import = 0Number of asset objects unloaded after import = 3

========================================================================
Received Import Request.
  Time since last request: 0.000018 seconds.
  path: Assets/Scenes/Game.unity
  artifactKey: Guid(8c9cfa26abfee488c85f1582747f6a02) Importer(815301076,1909f56bfc062723c751e8b465ee728b)
Start importing Assets/Scenes/Game.unity using Guid(8c9cfa26abfee488c85f1582747f6a02) Importer(815301076,1909f56bfc062723c751e8b465ee728b) (PreviewImporter) -> (artifact id: '1e7e7180438bf057a664c081c57a9947') in 0.0007285 seconds
Number of updated asset objects reloaded before import = 0Number of asset objects unloaded after import = 0

========================================================================
Received Import Request.
  Time since last request: 0.000015 seconds.
  path: Assets/Sprites/Game/HealthBar/Border.png
  artifactKey: Guid(a53d5e235f7258c45aed84024cab44f8) Importer(2089858483,b0f066a214c2f5e87bad3c948f4d605d)
Start importing Assets/Sprites/Game/HealthBar/Border.png using Guid(a53d5e235f7258c45aed84024cab44f8) Importer(2089858483,b0f066a214c2f5e87bad3c948f4d605d) (ScriptedImporter) -> (artifact id: 'd6bd0793720d382abb9d8159cbe822ce') in 0.0075586 seconds
Number of updated asset objects reloaded before import = 0Number of asset objects unloaded after import = 3

========================================================================
Received Import Request.
  Time since last request: 0.000017 seconds.
  path: Assets/Sprites/Game/HealthBar/PlayerHealth.png
  artifactKey: Guid(92aa27bcc3886264897a0f76c35bdad5) Importer(2089858483,b0f066a214c2f5e87bad3c948f4d605d)
Start importing Assets/Sprites/Game/HealthBar/PlayerHealth.png using Guid(92aa27bcc3886264897a0f76c35bdad5) Importer(2089858483,b0f066a214c2f5e87bad3c948f4d605d) (ScriptedImporter) -> (artifact id: 'fdde7e494d50e643d83369fa47207061') in 0.0094333 seconds
Number of updated asset objects reloaded before import = 0Number of asset objects unloaded after import = 3

========================================================================
Received Import Request.
  Time since last request: 0.000023 seconds.
  path: Assets/TextMesh Pro/Shaders/TMP_SDF-URP Lit.shadergraph
  artifactKey: Guid(a3d800b099a06e0478fb790c5e79057a) Importer(2089858483,b0f066a214c2f5e87bad3c948f4d605d)
Start importing Assets/TextMesh Pro/Shaders/TMP_SDF-URP Lit.shadergraph using Guid(a3d800b099a06e0478fb790c5e79057a) Importer(2089858483,b0f066a214c2f5e87bad3c948f4d605d) (ScriptedImporter) -> (artifact id: 'f0cda6699a01fde4e0d2727108f1ee4c') in 0.02973 seconds
Number of updated asset objects reloaded before import = 0Number of asset objects unloaded after import = 4

========================================================================
Received Import Request.
  Time since last request: 0.000016 seconds.
  path: Assets/Sprites/Game/Indicator.png
  artifactKey: Guid(e89b52baf719db44ba03353c30881209) Importer(2089858483,b0f066a214c2f5e87bad3c948f4d605d)
Start importing Assets/Sprites/Game/Indicator.png using Guid(e89b52baf719db44ba03353c30881209) Importer(2089858483,b0f066a214c2f5e87bad3c948f4d605d) (ScriptedImporter) -> (artifact id: 'e8c19cd722af80cd518e614994d381e9') in 0.0091139 seconds
Number of updated asset objects reloaded before import = 0Number of asset objects unloaded after import = 3

========================================================================
Received Import Request.
  Time since last request: 0.000019 seconds.
  path: Assets/TextMesh Pro/Shaders/TMPro_Surface.cginc
  artifactKey: Guid(d930090c0cd643c7b55f19a38538c162) Importer(2089858483,b0f066a214c2f5e87bad3c948f4d605d)
Start importing Assets/TextMesh Pro/Shaders/TMPro_Surface.cginc using Guid(d930090c0cd643c7b55f19a38538c162) Importer(2089858483,b0f066a214c2f5e87bad3c948f4d605d) (ScriptedImporter) -> (artifact id: '9d63b578bcaf9caba35a4478ae7738c0') in 0.003794 seconds
Number of updated asset objects reloaded before import = 0Number of asset objects unloaded after import = 1

========================================================================
Received Import Request.
  Time since last request: 0.000016 seconds.
  path: Assets/Scripts/ChampionState.cs
  artifactKey: Guid(d3f41f0662e1dc84f9d85e93f1f007d9) Importer(2089858483,b0f066a214c2f5e87bad3c948f4d605d)
Start importing Assets/Scripts/ChampionState.cs using Guid(d3f41f0662e1dc84f9d85e93f1f007d9) Importer(2089858483,b0f066a214c2f5e87bad3c948f4d605d) (ScriptedImporter) -> (artifact id: '52ec0a412b5e9cc8891c79cb6719df1f') in 0.0037255 seconds
Number of updated asset objects reloaded before import = 0Number of asset objects unloaded after import = 0

========================================================================
Received Import Request.
  Time since last request: 0.000017 seconds.
  path: Assets/TextMesh Pro/Shaders/TMPro_Mobile.cginc
  artifactKey: Guid(c334973cef89a9840b0b0c507e0377ab) Importer(2089858483,b0f066a214c2f5e87bad3c948f4d605d)
Start importing Assets/TextMesh Pro/Shaders/TMPro_Mobile.cginc using Guid(c334973cef89a9840b0b0c507e0377ab) Importer(2089858483,b0f066a214c2f5e87bad3c948f4d605d) (ScriptedImporter) -> (artifact id: '5f948a83e2ff0a80774c961b707909e7') in 0.0038267 seconds
Number of updated asset objects reloaded before import = 0Number of asset objects unloaded after import = 1

========================================================================
Received Import Request.
  Time since last request: 0.000018 seconds.
  path: Assets/TextMesh Pro/Shaders/TMP_SDF-Mobile.shader
  artifactKey: Guid(fe393ace9b354375a9cb14cdbbc28be4) Importer(2089858483,b0f066a214c2f5e87bad3c948f4d605d)
Start importing Assets/TextMesh Pro/Shaders/TMP_SDF-Mobile.shader using Guid(fe393ace9b354375a9cb14cdbbc28be4) Importer(2089858483,b0f066a214c2f5e87bad3c948f4d605d) (ScriptedImporter) -> (artifact id: 'e340bf7c6564f6d05d23d3c5440461f8') in 0.0050243 seconds
Number of updated asset objects reloaded before import = 0Number of asset objects unloaded after import = 1

========================================================================
Received Import Request.
  Time since last request: 0.000020 seconds.
  path: Assets/TextMesh Pro/Shaders/TMP_SDF-URP Unlit.shadergraph
  artifactKey: Guid(124c112a6e8f1a54e8b0870e881b56d8) Importer(2089858483,b0f066a214c2f5e87bad3c948f4d605d)
Start importing Assets/TextMesh Pro/Shaders/TMP_SDF-URP Unlit.shadergraph using Guid(124c112a6e8f1a54e8b0870e881b56d8) Importer(2089858483,b0f066a214c2f5e87bad3c948f4d605d) (ScriptedImporter) -> (artifact id: '2b903a9cdcab550aae74a17493750124') in 0.0157206 seconds
Number of updated asset objects reloaded before import = 0Number of asset objects unloaded after import = 4

========================================================================
Received Import Request.
  Time since last request: 0.000016 seconds.
  path: Assets/Scripts/ChampionSwitcher.cs
  artifactKey: Guid(df7dc4367a9ca154884863c4484237e2) Importer(2089858483,b0f066a214c2f5e87bad3c948f4d605d)
Start importing Assets/Scripts/ChampionSwitcher.cs using Guid(df7dc4367a9ca154884863c4484237e2) Importer(2089858483,b0f066a214c2f5e87bad3c948f4d605d) (ScriptedImporter) -> (artifact id: 'bc58613307d7fbe03ed12031f9726c5d') in 0.0037528 seconds
Number of updated asset objects reloaded before import = 0Number of asset objects unloaded after import = 0

========================================================================
Received Import Request.
  Time since last request: 0.000016 seconds.
  path: Assets/Scripts/DamageType.cs
  artifactKey: Guid(6679c17e2166aec4eae1ab42f290c858) Importer(2089858483,b0f066a214c2f5e87bad3c948f4d605d)
Start importing Assets/Scripts/DamageType.cs using Guid(6679c17e2166aec4eae1ab42f290c858) Importer(2089858483,b0f066a214c2f5e87bad3c948f4d605d) (ScriptedImporter) -> (artifact id: 'fa8f8972370d824d4f3bc09cc5423826') in 0.0034218 seconds
Number of updated asset objects reloaded before import = 0Number of asset objects unloaded after import = 0

========================================================================
Received Import Request.
  Time since last request: 0.000016 seconds.
  path: Assets/Scripts/SkillUIManager.cs
  artifactKey: Guid(74a52eab3901d774082ce3c3f50f2836) Importer(2089858483,b0f066a214c2f5e87bad3c948f4d605d)
Start importing Assets/Scripts/SkillUIManager.cs using Guid(74a52eab3901d774082ce3c3f50f2836) Importer(2089858483,b0f066a214c2f5e87bad3c948f4d605d) (ScriptedImporter) -> (artifact id: '85736872dffa4a0176a09cf063c321fa') in 0.0044924 seconds
Number of updated asset objects reloaded before import = 0Number of asset objects unloaded after import = 0

========================================================================
Received Import Request.
  Time since last request: 0.000018 seconds.
  path: Assets/Sprites/Game/GameBackground.png
  artifactKey: Guid(7ca499046d028b8428e4494e3e9ba67f) Importer(2089858483,b0f066a214c2f5e87bad3c948f4d605d)
Start importing Assets/Sprites/Game/GameBackground.png using Guid(7ca499046d028b8428e4494e3e9ba67f) Importer(2089858483,b0f066a214c2f5e87bad3c948f4d605d) (ScriptedImporter) -> (artifact id: '8241ca05badc3079cdfa0d317770adf2') in 0.0254704 seconds
Number of updated asset objects reloaded before import = 0Number of asset objects unloaded after import = 3

========================================================================
Received Import Request.
  Time since last request: 0.000020 seconds.
  path: Assets/TextMesh Pro/Fonts/LiberationSans - OFL.txt
  artifactKey: Guid(6e59c59b81ab47f9b6ec5781fa725d2c) Importer(2089858483,b0f066a214c2f5e87bad3c948f4d605d)
Start importing Assets/TextMesh Pro/Fonts/LiberationSans - OFL.txt using Guid(6e59c59b81ab47f9b6ec5781fa725d2c) Importer(2089858483,b0f066a214c2f5e87bad3c948f4d605d) (ScriptedImporter) -> (artifact id: '81d0c0f4be955ad5a2601b9658c132b6') in 0.0039517 seconds
Number of updated asset objects reloaded before import = 0Number of asset objects unloaded after import = 1

========================================================================
Received Import Request.
  Time since last request: 0.000025 seconds.
  path: Assets/Sprites/Champions/Ezreal/Ezreal_Attack/Ezreal_Attack_0012_Layer-25.png
  artifactKey: Guid(4913c64f6876a1a4e9438a0ebf1bafca) Importer(2089858483,b0f066a214c2f5e87bad3c948f4d605d)
Start importing Assets/Sprites/Champions/Ezreal/Ezreal_Attack/Ezreal_Attack_0012_Layer-25.png using Guid(4913c64f6876a1a4e9438a0ebf1bafca) Importer(2089858483,b0f066a214c2f5e87bad3c948f4d605d) (ScriptedImporter) -> (artifact id: 'ba29fef75a6ef68b5a236df2457b8751') in 0.0099334 seconds
Number of updated asset objects reloaded before import = 0Number of asset objects unloaded after import = 3

========================================================================
Received Import Request.
  Time since last request: 0.000022 seconds.
  path: Assets/Sprites/Champions/Ezreal/Ezreal_Attack/Ezreal_Attack_0011_Layer-24.png
  artifactKey: Guid(8189e2cfafde8bc43b0f4f61a4b80baa) Importer(2089858483,b0f066a214c2f5e87bad3c948f4d605d)
Start importing Assets/Sprites/Champions/Ezreal/Ezreal_Attack/Ezreal_Attack_0011_Layer-24.png using Guid(8189e2cfafde8bc43b0f4f61a4b80baa) Importer(2089858483,b0f066a214c2f5e87bad3c948f4d605d) (ScriptedImporter) -> (artifact id: '16c1216b9b9d72fc3a77f99652c45512') in 0.0095602 seconds
Number of updated asset objects reloaded before import = 0Number of asset objects unloaded after import = 3

========================================================================
Received Import Request.
  Time since last request: 0.000020 seconds.
  path: Assets/Sprites/Champions/Ezreal/Ezreal_Attack/Ezreal_Attack_0036_Layer-49.png
  artifactKey: Guid(14deecb4823d84e4093e5f620bc0dc67) Importer(2089858483,b0f066a214c2f5e87bad3c948f4d605d)
Start importing Assets/Sprites/Champions/Ezreal/Ezreal_Attack/Ezreal_Attack_0036_Layer-49.png using Guid(14deecb4823d84e4093e5f620bc0dc67) Importer(2089858483,b0f066a214c2f5e87bad3c948f4d605d) (ScriptedImporter) -> (artifact id: 'a46d096248b854e3a5991f1d1f250a44') in 0.0085167 seconds
Number of updated asset objects reloaded before import = 0Number of asset objects unloaded after import = 3

========================================================================
Received Import Request.
  Time since last request: 0.000017 seconds.
  path: Assets/Sprites/Champions/Ezreal/Ezreal_Attack/Ezreal_Attack_0022_Layer-35.png
  artifactKey: Guid(72a51a09d7009c74095f079551acbefa) Importer(2089858483,b0f066a214c2f5e87bad3c948f4d605d)
Start importing Assets/Sprites/Champions/Ezreal/Ezreal_Attack/Ezreal_Attack_0022_Layer-35.png using Guid(72a51a09d7009c74095f079551acbefa) Importer(2089858483,b0f066a214c2f5e87bad3c948f4d605d) (ScriptedImporter) -> (artifact id: '407e769cea9b1fa04b457a4b23bf635b') in 0.0089886 seconds
Number of updated asset objects reloaded before import = 0Number of asset objects unloaded after import = 3

========================================================================
Received Import Request.
  Time since last request: 0.000027 seconds.
  path: Assets/Sprites/Champions/Ezreal/Ezreal_Attack/Ezreal_Attack_0019_Layer-32.png
  artifactKey: Guid(4de255e36293e1749b537d73973e7064) Importer(2089858483,b0f066a214c2f5e87bad3c948f4d605d)
Start importing Assets/Sprites/Champions/Ezreal/Ezreal_Attack/Ezreal_Attack_0019_Layer-32.png using Guid(4de255e36293e1749b537d73973e7064) Importer(2089858483,b0f066a214c2f5e87bad3c948f4d605d) (ScriptedImporter) -> (artifact id: '29dda28bee0ff20eacac35efa1d59e44') in 0.0086095 seconds
Number of updated asset objects reloaded before import = 0Number of asset objects unloaded after import = 3

========================================================================
Received Import Request.
  Time since last request: 0.000033 seconds.
  path: Assets/Sprites/Champions/Ezreal/Ezreal_Idle/Ezreal_Idle_0007_Layer-13.png
  artifactKey: Guid(e9cc29269c464464694718192ce22ef8) Importer(2089858483,b0f066a214c2f5e87bad3c948f4d605d)
Start importing Assets/Sprites/Champions/Ezreal/Ezreal_Idle/Ezreal_Idle_0007_Layer-13.png using Guid(e9cc29269c464464694718192ce22ef8) Importer(2089858483,b0f066a214c2f5e87bad3c948f4d605d) (ScriptedImporter) -> (artifact id: 'a14f94a58c837ca17bf771ece73a53f5') in 0.0084965 seconds
Number of updated asset objects reloaded before import = 0Number of asset objects unloaded after import = 3

========================================================================
Received Import Request.
  Time since last request: 0.000016 seconds.
  path: Assets/Sprites/Champions/Ezreal/Ezreal_Idle/Ezreal_Idle_0005_Layer-11.png
  artifactKey: Guid(4baf3457669650f47ba3957a97920510) Importer(2089858483,b0f066a214c2f5e87bad3c948f4d605d)
Start importing Assets/Sprites/Champions/Ezreal/Ezreal_Idle/Ezreal_Idle_0005_Layer-11.png using Guid(4baf3457669650f47ba3957a97920510) Importer(2089858483,b0f066a214c2f5e87bad3c948f4d605d) (ScriptedImporter) -> (artifact id: 'a051633b6621adfcb85ae3cee76a0d83') in 0.009802 seconds
Number of updated asset objects reloaded before import = 0Number of asset objects unloaded after import = 3

========================================================================
Received Import Request.
  Time since last request: 0.000028 seconds.
  path: Assets/Sprites/Champions/Ezreal/Ezreal_Idle/Ezreal_Idle_0012_Layer-18.png
  artifactKey: Guid(50d8198f0d48577498e05ef3ab77a43b) Importer(2089858483,b0f066a214c2f5e87bad3c948f4d605d)
Start importing Assets/Sprites/Champions/Ezreal/Ezreal_Idle/Ezreal_Idle_0012_Layer-18.png using Guid(50d8198f0d48577498e05ef3ab77a43b) Importer(2089858483,b0f066a214c2f5e87bad3c948f4d605d) (ScriptedImporter) -> (artifact id: '255582745c3b5b560e5cb877afa5713b') in 0.0118689 seconds
Number of updated asset objects reloaded before import = 0Number of asset objects unloaded after import = 3

========================================================================
Received Import Request.
  Time since last request: 0.000017 seconds.
  path: Assets/Sprites/Champions/Ezreal/Ezreal_Idle/Ezreal_Idle_0011_Layer-17.png
  artifactKey: Guid(3a2c765f303304d4181d1204e5bfdda5) Importer(2089858483,b0f066a214c2f5e87bad3c948f4d605d)
Start importing Assets/Sprites/Champions/Ezreal/Ezreal_Idle/Ezreal_Idle_0011_Layer-17.png using Guid(3a2c765f303304d4181d1204e5bfdda5) Importer(2089858483,b0f066a214c2f5e87bad3c948f4d605d) (ScriptedImporter) -> (artifact id: '340be656afc0e045ae4ee0d7c714306b') in 0.0092061 seconds
Number of updated asset objects reloaded before import = 0Number of asset objects unloaded after import = 3

========================================================================
Received Import Request.
  Time since last request: 0.000018 seconds.
  path: Assets/Sprites/Champions/Ezreal/Ezreal_Attack/Ezreal_Attack_0014_Layer-27.png
  artifactKey: Guid(3fd8a40150447c34ab45824bb74ef18a) Importer(2089858483,b0f066a214c2f5e87bad3c948f4d605d)
Start importing Assets/Sprites/Champions/Ezreal/Ezreal_Attack/Ezreal_Attack_0014_Layer-27.png using Guid(3fd8a40150447c34ab45824bb74ef18a) Importer(2089858483,b0f066a214c2f5e87bad3c948f4d605d) (ScriptedImporter) -> (artifact id: 'ca0328ae1a79f5b02a107511532325ab') in 0.0099521 seconds
Number of updated asset objects reloaded before import = 0Number of asset objects unloaded after import = 3

========================================================================
Received Import Request.
  Time since last request: 0.000018 seconds.
  path: Assets/Sprites/Champions/Ezreal/Ezreal_Idle/Ezreal_Idle_0030_Layer-36.png
  artifactKey: Guid(607d2b7ca27038f4f88ed5c4c8ae5cc7) Importer(2089858483,b0f066a214c2f5e87bad3c948f4d605d)
Start importing Assets/Sprites/Champions/Ezreal/Ezreal_Idle/Ezreal_Idle_0030_Layer-36.png using Guid(607d2b7ca27038f4f88ed5c4c8ae5cc7) Importer(2089858483,b0f066a214c2f5e87bad3c948f4d605d) (ScriptedImporter) -> (artifact id: '2fc99ad9d50060d67f31e23a90c01fb9') in 0.0093449 seconds
Number of updated asset objects reloaded before import = 0Number of asset objects unloaded after import = 3

========================================================================
Received Import Request.
  Time since last request: 0.000026 seconds.
  path: Assets/Sprites/Champions/Ezreal/Ezreal_Q/Ezreal_Q_0004_Layer-30.png
  artifactKey: Guid(ff6e8b4f8d86c6f419d3a718222e2354) Importer(2089858483,b0f066a214c2f5e87bad3c948f4d605d)
Start importing Assets/Sprites/Champions/Ezreal/Ezreal_Q/Ezreal_Q_0004_Layer-30.png using Guid(ff6e8b4f8d86c6f419d3a718222e2354) Importer(2089858483,b0f066a214c2f5e87bad3c948f4d605d) (ScriptedImporter) -> (artifact id: 'dc1db9c4614e94ab06138ee35ba55e17') in 0.0131757 seconds
Number of updated asset objects reloaded before import = 0Number of asset objects unloaded after import = 3

========================================================================
Received Import Request.
  Time since last request: 0.000014 seconds.
  path: Assets/Sprites/Champions/Ezreal/Ezreal_Q/Ezreal_Q_0003_Layer-29.png
  artifactKey: Guid(6f3493e99d820df46a2532c976e84751) Importer(2089858483,b0f066a214c2f5e87bad3c948f4d605d)
Start importing Assets/Sprites/Champions/Ezreal/Ezreal_Q/Ezreal_Q_0003_Layer-29.png using Guid(6f3493e99d820df46a2532c976e84751) Importer(2089858483,b0f066a214c2f5e87bad3c948f4d605d) (ScriptedImporter) -> (artifact id: '4d754d56fa3f5d80660140088e0531e6') in 0.0106396 seconds
Number of updated asset objects reloaded before import = 0Number of asset objects unloaded after import = 3

========================================================================
Received Import Request.
  Time since last request: 0.000019 seconds.
  path: Assets/Sprites/Champions/Ezreal/Ezreal_Idle/Ezreal_Idle_0001_Layer-2.png
  artifactKey: Guid(cb0b8720aa2e08547864449b28183497) Importer(2089858483,b0f066a214c2f5e87bad3c948f4d605d)
Start importing Assets/Sprites/Champions/Ezreal/Ezreal_Idle/Ezreal_Idle_0001_Layer-2.png using Guid(cb0b8720aa2e08547864449b28183497) Importer(2089858483,b0f066a214c2f5e87bad3c948f4d605d) (ScriptedImporter) -> (artifact id: '0869dd9c573e7dd4cc5bf881edb74bdd') in 0.0111798 seconds
Number of updated asset objects reloaded before import = 0Number of asset objects unloaded after import = 3

========================================================================
Received Import Request.
  Time since last request: 0.000017 seconds.
  path: Assets/Sprites/Champions/Ezreal/Ezreal_Idle/Ezreal_Idle_0017_Layer-23.png
  artifactKey: Guid(8e86711a7dd6684408b4a744da0d9001) Importer(2089858483,b0f066a214c2f5e87bad3c948f4d605d)
Start importing Assets/Sprites/Champions/Ezreal/Ezreal_Idle/Ezreal_Idle_0017_Layer-23.png using Guid(8e86711a7dd6684408b4a744da0d9001) Importer(2089858483,b0f066a214c2f5e87bad3c948f4d605d) (ScriptedImporter) -> (artifact id: '03c0a635a7a13e63ef58ccaf491bf57c') in 0.0113785 seconds
Number of updated asset objects reloaded before import = 0Number of asset objects unloaded after import = 3

========================================================================
Received Import Request.
  Time since last request: 0.000020 seconds.
  path: Assets/Sprites/Champions/Ezreal/Ezreal_Idle/Ezreal_Idle_0016_Layer-22.png
  artifactKey: Guid(712e549e66f322d408a19f533a192ae3) Importer(2089858483,b0f066a214c2f5e87bad3c948f4d605d)
Start importing Assets/Sprites/Champions/Ezreal/Ezreal_Idle/Ezreal_Idle_0016_Layer-22.png using Guid(712e549e66f322d408a19f533a192ae3) Importer(2089858483,b0f066a214c2f5e87bad3c948f4d605d) (ScriptedImporter) -> (artifact id: 'f836e5d458ac8c24297155042e352c4e') in 0.0107547 seconds
Number of updated asset objects reloaded before import = 0Number of asset objects unloaded after import = 3

========================================================================
Received Import Request.
  Time since last request: 0.000034 seconds.
  path: Assets/Sprites/Champions/Ezreal/Ezreal_Idle/Ezreal_Idle_0024_Layer-30.png
  artifactKey: Guid(285d6624044aed847ab755d1f1bf57f0) Importer(2089858483,b0f066a214c2f5e87bad3c948f4d605d)
Start importing Assets/Sprites/Champions/Ezreal/Ezreal_Idle/Ezreal_Idle_0024_Layer-30.png using Guid(285d6624044aed847ab755d1f1bf57f0) Importer(2089858483,b0f066a214c2f5e87bad3c948f4d605d) (ScriptedImporter) -> (artifact id: 'b0d3c436821ada332b8d9b2f44c11558') in 0.0102254 seconds
Number of updated asset objects reloaded before import = 0Number of asset objects unloaded after import = 3

========================================================================
Received Import Request.
  Time since last request: 0.000019 seconds.
  path: Assets/Sprites/Champions/Ezreal/Ezreal_Attack/Ezreal_Attack_0017_Layer-30.png
  artifactKey: Guid(6d988724a51b59f47a3144b615710f5f) Importer(2089858483,b0f066a214c2f5e87bad3c948f4d605d)
Start importing Assets/Sprites/Champions/Ezreal/Ezreal_Attack/Ezreal_Attack_0017_Layer-30.png using Guid(6d988724a51b59f47a3144b615710f5f) Importer(2089858483,b0f066a214c2f5e87bad3c948f4d605d) (ScriptedImporter) -> (artifact id: '907b3db35049bc1f25350be0cf9bbf3d') in 0.0089378 seconds
Number of updated asset objects reloaded before import = 0Number of asset objects unloaded after import = 3

========================================================================
Received Import Request.
  Time since last request: 0.000024 seconds.
  path: Assets/Sprites/Champions/Ezreal/Ezreal_Idle/Ezreal_Idle_0006_Layer-12.png
  artifactKey: Guid(2d622a28be890294db9ad8201a09ca8c) Importer(2089858483,b0f066a214c2f5e87bad3c948f4d605d)
Start importing Assets/Sprites/Champions/Ezreal/Ezreal_Idle/Ezreal_Idle_0006_Layer-12.png using Guid(2d622a28be890294db9ad8201a09ca8c) Importer(2089858483,b0f066a214c2f5e87bad3c948f4d605d) (ScriptedImporter) -> (artifact id: '124af38a63da264836c799b07c04ce35') in 0.0109004 seconds
Number of updated asset objects reloaded before import = 0Number of asset objects unloaded after import = 3

========================================================================
Received Import Request.
  Time since last request: 0.000026 seconds.
  path: Assets/Sprites/Champions/Lux/Lux_Attack/Lux_Attack_0007_Layer-15.png
  artifactKey: Guid(79861e9f5a5276f4f80ac4ccf5f24ca7) Importer(2089858483,b0f066a214c2f5e87bad3c948f4d605d)
Start importing Assets/Sprites/Champions/Lux/Lux_Attack/Lux_Attack_0007_Layer-15.png using Guid(79861e9f5a5276f4f80ac4ccf5f24ca7) Importer(2089858483,b0f066a214c2f5e87bad3c948f4d605d) (ScriptedImporter) -> (artifact id: '4ff0df406b7b18793d46ce00820a4e06') in 0.0100576 seconds
Number of updated asset objects reloaded before import = 0Number of asset objects unloaded after import = 3

========================================================================
Received Import Request.
  Time since last request: 0.000026 seconds.
  path: Assets/Sprites/Champions/Ezreal/Ezreal_Run/Ezreal_Run_0005_Layer-14.png
  artifactKey: Guid(90b5b005df04ca246a56c6b2eda83a3d) Importer(2089858483,b0f066a214c2f5e87bad3c948f4d605d)
Start importing Assets/Sprites/Champions/Ezreal/Ezreal_Run/Ezreal_Run_0005_Layer-14.png using Guid(90b5b005df04ca246a56c6b2eda83a3d) Importer(2089858483,b0f066a214c2f5e87bad3c948f4d605d) (ScriptedImporter) -> (artifact id: 'a0f92841298b45e8015ca0565fe05c0b') in 0.0090087 seconds
Number of updated asset objects reloaded before import = 0Number of asset objects unloaded after import = 3

========================================================================
Received Import Request.
  Time since last request: 0.000030 seconds.
  path: Assets/Sprites/Champions/Ezreal/Icon/Ezreal_Rising_Spell_Force.png
  artifactKey: Guid(4f71d0f24b6ef6742ade09ede9c6624a) Importer(2089858483,b0f066a214c2f5e87bad3c948f4d605d)
Start importing Assets/Sprites/Champions/Ezreal/Icon/Ezreal_Rising_Spell_Force.png using Guid(4f71d0f24b6ef6742ade09ede9c6624a) Importer(2089858483,b0f066a214c2f5e87bad3c948f4d605d) (ScriptedImporter) -> (artifact id: '14c79ceb9a4946eae86d55bbe94ef2d3') in 0.0095072 seconds
Number of updated asset objects reloaded before import = 0Number of asset objects unloaded after import = 3

========================================================================
Received Import Request.
  Time since last request: 0.000017 seconds.
  path: Assets/Sprites/Champions/Lux/Lux_Attack/Lux_Attack_0004_Layer-12.png
  artifactKey: Guid(451518098de8aab4894fc7e509cc0833) Importer(2089858483,b0f066a214c2f5e87bad3c948f4d605d)
Start importing Assets/Sprites/Champions/Lux/Lux_Attack/Lux_Attack_0004_Layer-12.png using Guid(451518098de8aab4894fc7e509cc0833) Importer(2089858483,b0f066a214c2f5e87bad3c948f4d605d) (ScriptedImporter) -> (artifact id: 'dfd2cb97ed87c9f603c2195a978d01aa') in 0.0112611 seconds
Number of updated asset objects reloaded before import = 0Number of asset objects unloaded after import = 3

========================================================================
Received Import Request.
  Time since last request: 0.000017 seconds.
  path: Assets/Sprites/Champions/Ezreal/Ezreal_Run/Ezreal_Run_0003_Layer-12.png
  artifactKey: Guid(3b6dd708a4dbf424daf6f083513be0b7) Importer(2089858483,b0f066a214c2f5e87bad3c948f4d605d)
Start importing Assets/Sprites/Champions/Ezreal/Ezreal_Run/Ezreal_Run_0003_Layer-12.png using Guid(3b6dd708a4dbf424daf6f083513be0b7) Importer(2089858483,b0f066a214c2f5e87bad3c948f4d605d) (ScriptedImporter) -> (artifact id: 'e749605de03db8a189ee262d4a12717e') in 0.0084964 seconds
Number of updated asset objects reloaded before import = 0Number of asset objects unloaded after import = 3

========================================================================
Received Import Request.
  Time since last request: 0.000021 seconds.
  path: Assets/Sprites/Champions/Ezreal/Ezreal_Idle/Ezreal_Idle_0033_Layer-39.png
  artifactKey: Guid(106c720327f95ec4799988ffc02fe2b1) Importer(2089858483,b0f066a214c2f5e87bad3c948f4d605d)
Start importing Assets/Sprites/Champions/Ezreal/Ezreal_Idle/Ezreal_Idle_0033_Layer-39.png using Guid(106c720327f95ec4799988ffc02fe2b1) Importer(2089858483,b0f066a214c2f5e87bad3c948f4d605d) (ScriptedImporter) -> (artifact id: '4d0c0ff5f5306affe0a6cd5779beedde') in 0.0125596 seconds
Number of updated asset objects reloaded before import = 0Number of asset objects unloaded after import = 3

========================================================================
Received Import Request.
  Time since last request: 0.000034 seconds.
  path: Assets/Scenes/Game.unity
  artifactKey: Guid(8c9cfa26abfee488c85f1582747f6a02) Importer(2089858483,b0f066a214c2f5e87bad3c948f4d605d)
Start importing Assets/Scenes/Game.unity using Guid(8c9cfa26abfee488c85f1582747f6a02) Importer(2089858483,b0f066a214c2f5e87bad3c948f4d605d) (ScriptedImporter) -> (artifact id: '6312cd00406cdd250fb77f6cae6cf430') in 0.0075379 seconds
Number of updated asset objects reloaded before import = 0Number of asset objects unloaded after import = 1

========================================================================
Received Import Request.
  Time since last request: 0.000029 seconds.
  path: Assets/TextMesh Pro/Sprites/EmojiOne Attribution.txt
  artifactKey: Guid(381dcb09d5029d14897e55f98031fca5) Importer(2089858483,b0f066a214c2f5e87bad3c948f4d605d)
Start importing Assets/TextMesh Pro/Sprites/EmojiOne Attribution.txt using Guid(381dcb09d5029d14897e55f98031fca5) Importer(2089858483,b0f066a214c2f5e87bad3c948f4d605d) (ScriptedImporter) -> (artifact id: 'a571e45d98484ff59a150c1bce1e613d') in 0.0040997 seconds
Number of updated asset objects reloaded before import = 0Number of asset objects unloaded after import = 1

========================================================================
Received Import Request.
  Time since last request: 0.000016 seconds.
  path: Assets/Sprites/Champions/Ezreal/Ezreal_Attack/Ezreal_Attack_0040_Layer-53.png
  artifactKey: Guid(aeef37faf79bd1745894bc576c117c04) Importer(2089858483,b0f066a214c2f5e87bad3c948f4d605d)
Start importing Assets/Sprites/Champions/Ezreal/Ezreal_Attack/Ezreal_Attack_0040_Layer-53.png using Guid(aeef37faf79bd1745894bc576c117c04) Importer(2089858483,b0f066a214c2f5e87bad3c948f4d605d) (ScriptedImporter) -> (artifact id: 'd905e7088d76b75940f211a4b5a0f8e9') in 0.0114835 seconds
Number of updated asset objects reloaded before import = 0Number of asset objects unloaded after import = 3

========================================================================
Received Import Request.
  Time since last request: 0.000021 seconds.
  path: Assets/Sprites/Champions/Lux/Lux_Idle/Lux_Idle_0007_Layer-15.png
  artifactKey: Guid(aac86e1973d0244458390964a294bb5c) Importer(2089858483,b0f066a214c2f5e87bad3c948f4d605d)
Start importing Assets/Sprites/Champions/Lux/Lux_Idle/Lux_Idle_0007_Layer-15.png using Guid(aac86e1973d0244458390964a294bb5c) Importer(2089858483,b0f066a214c2f5e87bad3c948f4d605d) (ScriptedImporter) -> (artifact id: '36fbed98f669b76dc8cf98998e8e96e5') in 0.0086521 seconds
Number of updated asset objects reloaded before import = 0Number of asset objects unloaded after import = 3

========================================================================
Received Import Request.
  Time since last request: 0.000019 seconds.
  path: Assets/Sprites/Champions/Lux/Lux_Run/Lux_Run_0002_Layer-9.png
  artifactKey: Guid(2ea9267b76ba737439f42195b36ad6bb) Importer(2089858483,b0f066a214c2f5e87bad3c948f4d605d)
Start importing Assets/Sprites/Champions/Lux/Lux_Run/Lux_Run_0002_Layer-9.png using Guid(2ea9267b76ba737439f42195b36ad6bb) Importer(2089858483,b0f066a214c2f5e87bad3c948f4d605d) (ScriptedImporter) -> (artifact id: '207f8bc8d475a975d14620d783f401c4') in 0.0085532 seconds
Number of updated asset objects reloaded before import = 0Number of asset objects unloaded after import = 3

========================================================================
Received Import Request.
  Time since last request: 0.000025 seconds.
  path: Assets/Sprites/Champions/Lux/Lux_Idle/Lux_Idle_0016_Layer-24.png
  artifactKey: Guid(91be516865987cc438a0ff5966bfdb4c) Importer(2089858483,b0f066a214c2f5e87bad3c948f4d605d)
Start importing Assets/Sprites/Champions/Lux/Lux_Idle/Lux_Idle_0016_Layer-24.png using Guid(91be516865987cc438a0ff5966bfdb4c) Importer(2089858483,b0f066a214c2f5e87bad3c948f4d605d) (ScriptedImporter) -> (artifact id: '09919f72e6c92c1a5ba335d7ce1f4854') in 0.008547 seconds
Number of updated asset objects reloaded before import = 0Number of asset objects unloaded after import = 3

========================================================================
Received Import Request.
  Time since last request: 0.000029 seconds.
  path: Assets/Sprites/Champions/Lux/Lux_Run/Lux_Run_0000_Layer-7.png
  artifactKey: Guid(a856bca83c6ee5048aa9393272231572) Importer(2089858483,b0f066a214c2f5e87bad3c948f4d605d)
Start importing Assets/Sprites/Champions/Lux/Lux_Run/Lux_Run_0000_Layer-7.png using Guid(a856bca83c6ee5048aa9393272231572) Importer(2089858483,b0f066a214c2f5e87bad3c948f4d605d) (ScriptedImporter) -> (artifact id: '9c6259c9a8e65327ae75ff65edd0aa00') in 0.0117246 seconds
Number of updated asset objects reloaded before import = 0Number of asset objects unloaded after import = 3

========================================================================
Received Import Request.
  Time since last request: 0.000020 seconds.
  path: Assets/Sprites/Champions/Lux/Lux_Attack/Lux_Attack_0011_Layer-19.png
  artifactKey: Guid(d88fa3692135402448b4ec77991f9fc2) Importer(2089858483,b0f066a214c2f5e87bad3c948f4d605d)
Start importing Assets/Sprites/Champions/Lux/Lux_Attack/Lux_Attack_0011_Layer-19.png using Guid(d88fa3692135402448b4ec77991f9fc2) Importer(2089858483,b0f066a214c2f5e87bad3c948f4d605d) (ScriptedImporter) -> (artifact id: '5c6d492ca5c1a48f4bbd8711615db8a9') in 0.0086421 seconds
Number of updated asset objects reloaded before import = 0Number of asset objects unloaded after import = 3

========================================================================
Received Import Request.
  Time since last request: 0.000019 seconds.
  path: Assets/Sprites/Champions/Lux/Lux_Attack/Lux_Attack_0012_Layer-20.png
  artifactKey: Guid(acfc4bcad70b0e44197ad72509742334) Importer(2089858483,b0f066a214c2f5e87bad3c948f4d605d)
Start importing Assets/Sprites/Champions/Lux/Lux_Attack/Lux_Attack_0012_Layer-20.png using Guid(acfc4bcad70b0e44197ad72509742334) Importer(2089858483,b0f066a214c2f5e87bad3c948f4d605d) (ScriptedImporter) -> (artifact id: 'fbff3cc4da0160afc0f9459fe591524a') in 0.0086494 seconds
Number of updated asset objects reloaded before import = 0Number of asset objects unloaded after import = 3

========================================================================
Received Import Request.
  Time since last request: 0.000020 seconds.
  path: Assets/Prefabs/Object/Ezreal_Bullet.prefab
  artifactKey: Guid(40dca2c2847a25a4e83615ff507393ae) Importer(2089858483,b0f066a214c2f5e87bad3c948f4d605d)
Start importing Assets/Prefabs/Object/Ezreal_Bullet.prefab using Guid(40dca2c2847a25a4e83615ff507393ae) Importer(2089858483,b0f066a214c2f5e87bad3c948f4d605d) (ScriptedImporter) -> (artifact id: 'c74095e799053ae3019b83c70d0a99cd') in 0.0426091 seconds
Number of updated asset objects reloaded before import = 0Number of asset objects unloaded after import = 10

========================================================================
Received Import Request.
  Time since last request: 0.000028 seconds.
  path: Assets/Sprites/Champions/Ezreal/Ezreal/EzrealQ.png
  artifactKey: Guid(18099abe3ac1dde45b04325ecf3bf626) Importer(2089858483,b0f066a214c2f5e87bad3c948f4d605d)
Start importing Assets/Sprites/Champions/Ezreal/Ezreal/EzrealQ.png using Guid(18099abe3ac1dde45b04325ecf3bf626) Importer(2089858483,b0f066a214c2f5e87bad3c948f4d605d) (ScriptedImporter) -> (artifact id: '033b1102cfe595da642ccd4f2013f6e6') in 0.0096164 seconds
Number of updated asset objects reloaded before import = 0Number of asset objects unloaded after import = 3

========================================================================
Received Import Request.
  Time since last request: 0.000046 seconds.
  path: Assets/TextMesh Pro/Shaders/TMP_SDF-HDRP LIT.shadergraph
  artifactKey: Guid(ca2ed216f98028c4dae6c5224a952b3c) Importer(2089858483,b0f066a214c2f5e87bad3c948f4d605d)
Start importing Assets/TextMesh Pro/Shaders/TMP_SDF-HDRP LIT.shadergraph using Guid(ca2ed216f98028c4dae6c5224a952b3c) Importer(2089858483,b0f066a214c2f5e87bad3c948f4d605d) (ScriptedImporter) -> (artifact id: '604317ac9e9c0b0f53d9f78cf30dd238') in 0.0072727 seconds
Number of updated asset objects reloaded before import = 0Number of asset objects unloaded after import = 3

========================================================================
Received Import Request.
  Time since last request: 0.000017 seconds.
  path: Assets/Sprites/Champions/Lux/Lux_Run/Lux_Run_0011_Layer-18.png
  artifactKey: Guid(41ea2896cbab24d4699b5addd2498dd2) Importer(2089858483,b0f066a214c2f5e87bad3c948f4d605d)
Start importing Assets/Sprites/Champions/Lux/Lux_Run/Lux_Run_0011_Layer-18.png using Guid(41ea2896cbab24d4699b5addd2498dd2) Importer(2089858483,b0f066a214c2f5e87bad3c948f4d605d) (ScriptedImporter) -> (artifact id: '483a5363a4885995573def122b25112e') in 0.0084062 seconds
Number of updated asset objects reloaded before import = 0Number of asset objects unloaded after import = 3

========================================================================
Received Import Request.
  Time since last request: 0.000019 seconds.
  path: Assets/Sprites/Champions/Lux/Lux_Run/Lux_Run_0004_Layer-11.png
  artifactKey: Guid(75f0ad4154166d34487820f359c468e8) Importer(2089858483,b0f066a214c2f5e87bad3c948f4d605d)
Start importing Assets/Sprites/Champions/Lux/Lux_Run/Lux_Run_0004_Layer-11.png using Guid(75f0ad4154166d34487820f359c468e8) Importer(2089858483,b0f066a214c2f5e87bad3c948f4d605d) (ScriptedImporter) -> (artifact id: 'a3d891bb0d0161122d673c3cae695fbc') in 0.0099482 seconds
Number of updated asset objects reloaded before import = 0Number of asset objects unloaded after import = 3

========================================================================
Received Import Request.
  Time since last request: 0.000022 seconds.
  path: Assets/Sprites/Champions/Lux/Lux_Run/Lux_Run_0008_Layer-15.png
  artifactKey: Guid(234583a855f74b04aac5b0064a444999) Importer(2089858483,b0f066a214c2f5e87bad3c948f4d605d)
Start importing Assets/Sprites/Champions/Lux/Lux_Run/Lux_Run_0008_Layer-15.png using Guid(234583a855f74b04aac5b0064a444999) Importer(2089858483,b0f066a214c2f5e87bad3c948f4d605d) (ScriptedImporter) -> (artifact id: '73fb55a70403065e7a2865e46c8eb77a') in 0.0093861 seconds
Number of updated asset objects reloaded before import = 0Number of asset objects unloaded after import = 3

========================================================================
Received Import Request.
  Time since last request: 0.000026 seconds.
  path: Assets/Sprites/Champions/Lux/Lux_Run/Lux_Run_0009_Layer-16.png
  artifactKey: Guid(28dbd6526d14759499fce21e30d8f1b5) Importer(2089858483,b0f066a214c2f5e87bad3c948f4d605d)
Start importing Assets/Sprites/Champions/Lux/Lux_Run/Lux_Run_0009_Layer-16.png using Guid(28dbd6526d14759499fce21e30d8f1b5) Importer(2089858483,b0f066a214c2f5e87bad3c948f4d605d) (ScriptedImporter) -> (artifact id: '48f24e0cf8906e8d17b94a46afde3207') in 0.0104582 seconds
Number of updated asset objects reloaded before import = 0Number of asset objects unloaded after import = 3

========================================================================
Received Import Request.
  Time since last request: 0.000051 seconds.
  path: Assets/Scripts/PlayerData.cs
  artifactKey: Guid(8fb2a1fefd1079947a222491c128bd5b) Importer(2089858483,b0f066a214c2f5e87bad3c948f4d605d)
Start importing Assets/Scripts/PlayerData.cs using Guid(8fb2a1fefd1079947a222491c128bd5b) Importer(2089858483,b0f066a214c2f5e87bad3c948f4d605d) (ScriptedImporter) -> (artifact id: '573d5eaec6939f264e91e0758a6defe8') in 0.0035718 seconds
Number of updated asset objects reloaded before import = 0Number of asset objects unloaded after import = 0

========================================================================
Received Import Request.
  Time since last request: 0.000015 seconds.
  path: Assets/Sprites/Champions/Ezreal/Ezreal_Run/Ezreal_Run_0002_Layer-11.png
  artifactKey: Guid(ba3e865ec70ec624dadc62297d228b5e) Importer(2089858483,b0f066a214c2f5e87bad3c948f4d605d)
Start importing Assets/Sprites/Champions/Ezreal/Ezreal_Run/Ezreal_Run_0002_Layer-11.png using Guid(ba3e865ec70ec624dadc62297d228b5e) Importer(2089858483,b0f066a214c2f5e87bad3c948f4d605d) (ScriptedImporter) -> (artifact id: '2708a08c504e32c0bb4939f1a7686fc5') in 0.0108169 seconds
Number of updated asset objects reloaded before import = 0Number of asset objects unloaded after import = 3

========================================================================
Received Import Request.
  Time since last request: 0.000021 seconds.
  path: Assets/Sprites/Champions/Ezreal/Ezreal_Idle/Ezreal_Idle_0010_Layer-16.png
  artifactKey: Guid(12abf1ef218aa3a48b58cf1bec85aedf) Importer(2089858483,b0f066a214c2f5e87bad3c948f4d605d)
Start importing Assets/Sprites/Champions/Ezreal/Ezreal_Idle/Ezreal_Idle_0010_Layer-16.png using Guid(12abf1ef218aa3a48b58cf1bec85aedf) Importer(2089858483,b0f066a214c2f5e87bad3c948f4d605d) (ScriptedImporter) -> (artifact id: '6fcceadd5cf45775a789515ca57ac311') in 0.0084911 seconds
Number of updated asset objects reloaded before import = 0Number of asset objects unloaded after import = 3

========================================================================
Received Import Request.
  Time since last request: 0.000018 seconds.
  path: Assets/Sprites/Champions/Lux/Lux_Idle/Lux_Idle_0004_Layer-12.png
  artifactKey: Guid(017e737f96942244d9f9ca8a4acd46ef) Importer(2089858483,b0f066a214c2f5e87bad3c948f4d605d)
Start importing Assets/Sprites/Champions/Lux/Lux_Idle/Lux_Idle_0004_Layer-12.png using Guid(017e737f96942244d9f9ca8a4acd46ef) Importer(2089858483,b0f066a214c2f5e87bad3c948f4d605d) (ScriptedImporter) -> (artifact id: '033c075b7a138d8fb6bc720006f0940a') in 0.0087428 seconds
Number of updated asset objects reloaded before import = 0Number of asset objects unloaded after import = 3

========================================================================
Received Import Request.
  Time since last request: 0.000023 seconds.
  path: Assets/Sprites/Champions/Lux/Lux_Run/Lux_Run_0010_Layer-17.png
  artifactKey: Guid(bbed34a0698005e42aa208a5f082bd75) Importer(2089858483,b0f066a214c2f5e87bad3c948f4d605d)
Start importing Assets/Sprites/Champions/Lux/Lux_Run/Lux_Run_0010_Layer-17.png using Guid(bbed34a0698005e42aa208a5f082bd75) Importer(2089858483,b0f066a214c2f5e87bad3c948f4d605d) (ScriptedImporter) -> (artifact id: 'b58ff34c4a70caa99934f8cfa636cd50') in 0.0096237 seconds
Number of updated asset objects reloaded before import = 0Number of asset objects unloaded after import = 3

========================================================================
Received Import Request.
  Time since last request: 0.000032 seconds.
  path: Assets/Sprites/Champions/Ezreal/Ezreal_Attack/Ezreal_Attack_0000_Layer-13.png
  artifactKey: Guid(7eba4523abaae094488fb97bbe63765c) Importer(2089858483,b0f066a214c2f5e87bad3c948f4d605d)
Start importing Assets/Sprites/Champions/Ezreal/Ezreal_Attack/Ezreal_Attack_0000_Layer-13.png using Guid(7eba4523abaae094488fb97bbe63765c) Importer(2089858483,b0f066a214c2f5e87bad3c948f4d605d) (ScriptedImporter) -> (artifact id: 'fd46e41fe41376c167edfafdb8c9de05') in 0.0122946 seconds
Number of updated asset objects reloaded before import = 0Number of asset objects unloaded after import = 3

========================================================================
Received Import Request.
  Time since last request: 0.000020 seconds.
  path: Assets/TextMesh Pro/Shaders/TMP_Bitmap-Mobile.shader
  artifactKey: Guid(1e3b057af24249748ff873be7fafee47) Importer(2089858483,b0f066a214c2f5e87bad3c948f4d605d)
Start importing Assets/TextMesh Pro/Shaders/TMP_Bitmap-Mobile.shader using Guid(1e3b057af24249748ff873be7fafee47) Importer(2089858483,b0f066a214c2f5e87bad3c948f4d605d) (ScriptedImporter) -> (artifact id: 'cc48cc040dff028a2fbb9a9211c44aad') in 0.0048105 seconds
Number of updated asset objects reloaded before import = 0Number of asset objects unloaded after import = 1

========================================================================
Received Import Request.
  Time since last request: 0.000016 seconds.
  path: Assets/Sprites/Champions/Ezreal/Ezreal_Attack/Ezreal_Attack_0039_Layer-52.png
  artifactKey: Guid(3d36e3d7ef93cfb4baa93a38983598bb) Importer(2089858483,b0f066a214c2f5e87bad3c948f4d605d)
Start importing Assets/Sprites/Champions/Ezreal/Ezreal_Attack/Ezreal_Attack_0039_Layer-52.png using Guid(3d36e3d7ef93cfb4baa93a38983598bb) Importer(2089858483,b0f066a214c2f5e87bad3c948f4d605d) (ScriptedImporter) -> (artifact id: 'b15fb9abe118230a5c00ab0decf7a33a') in 0.009696 seconds
Number of updated asset objects reloaded before import = 0Number of asset objects unloaded after import = 3

========================================================================
Received Import Request.
  Time since last request: 0.000022 seconds.
  path: Assets/Sprites/Champions/Lux/Lux_Idle/Lux_Idle_0012_Layer-20.png
  artifactKey: Guid(cc9808d432889d249b7daebdd3137946) Importer(2089858483,b0f066a214c2f5e87bad3c948f4d605d)
Start importing Assets/Sprites/Champions/Lux/Lux_Idle/Lux_Idle_0012_Layer-20.png using Guid(cc9808d432889d249b7daebdd3137946) Importer(2089858483,b0f066a214c2f5e87bad3c948f4d605d) (ScriptedImporter) -> (artifact id: '0484e91108e1378bd6f7c17ddc13ea12') in 0.0104803 seconds
Number of updated asset objects reloaded before import = 0Number of asset objects unloaded after import = 3

========================================================================
Received Import Request.
  Time since last request: 0.000021 seconds.
  path: Assets/Sprites/Champions/Lux/Lux_Attack/Lux_Attack_0013_Layer-21.png
  artifactKey: Guid(35a7cdcc6e1e0da489e45725cc376459) Importer(2089858483,b0f066a214c2f5e87bad3c948f4d605d)
Start importing Assets/Sprites/Champions/Lux/Lux_Attack/Lux_Attack_0013_Layer-21.png using Guid(35a7cdcc6e1e0da489e45725cc376459) Importer(2089858483,b0f066a214c2f5e87bad3c948f4d605d) (ScriptedImporter) -> (artifact id: '6dd119bf7ef62f2f3d7d0a4ee529eb12') in 0.010975 seconds
Number of updated asset objects reloaded before import = 0Number of asset objects unloaded after import = 3

========================================================================
Received Import Request.
  Time since last request: 0.000032 seconds.
  path: Assets/Sprites/Champions/Ezreal/Ezreal_Q/Ezreal_Q_0002_Layer-28.png
  artifactKey: Guid(75ebfcd90d8fc7741ad177f95da166ac) Importer(2089858483,b0f066a214c2f5e87bad3c948f4d605d)
Start importing Assets/Sprites/Champions/Ezreal/Ezreal_Q/Ezreal_Q_0002_Layer-28.png using Guid(75ebfcd90d8fc7741ad177f95da166ac) Importer(2089858483,b0f066a214c2f5e87bad3c948f4d605d) (ScriptedImporter) -> (artifact id: '4ffcaf5c8e44c58d947767b6b6d2ec79') in 0.0086203 seconds
Number of updated asset objects reloaded before import = 0Number of asset objects unloaded after import = 3

========================================================================
Received Import Request.
  Time since last request: 0.000027 seconds.
  path: Assets/Sprites/Champions/Lux/Lux_Attack/Lux_Attack_0005_Layer-13.png
  artifactKey: Guid(4e832c93c0cb92a47bf43a790abe4738) Importer(2089858483,b0f066a214c2f5e87bad3c948f4d605d)
Start importing Assets/Sprites/Champions/Lux/Lux_Attack/Lux_Attack_0005_Layer-13.png using Guid(4e832c93c0cb92a47bf43a790abe4738) Importer(2089858483,b0f066a214c2f5e87bad3c948f4d605d) (ScriptedImporter) -> (artifact id: '81268ab459b9a51714946790fdcd792e') in 0.0102882 seconds
Number of updated asset objects reloaded before import = 0Number of asset objects unloaded after import = 3

========================================================================
Received Import Request.
  Time since last request: 0.000018 seconds.
  path: Assets/Animation/Champions/Ezreal/Ezreal.controller
  artifactKey: Guid(2d04e29282081c64a88eb6e310dcd8c7) Importer(2089858483,b0f066a214c2f5e87bad3c948f4d605d)
Start importing Assets/Animation/Champions/Ezreal/Ezreal.controller using Guid(2d04e29282081c64a88eb6e310dcd8c7) Importer(2089858483,b0f066a214c2f5e87bad3c948f4d605d) (ScriptedImporter) -> (artifact id: '33fea5c447bef49369dd25f342c2964a') in 0.0070751 seconds
Number of updated asset objects reloaded before import = 0Number of asset objects unloaded after import = 17

========================================================================
Received Import Request.
  Time since last request: 0.000025 seconds.
  path: Assets/Sprites/Champions/Ezreal/Ezreal_Attack/Ezreal_Attack_0031_Layer-44.png
  artifactKey: Guid(32ff5b459b68e42438625c3fb5b201b6) Importer(2089858483,b0f066a214c2f5e87bad3c948f4d605d)
Start importing Assets/Sprites/Champions/Ezreal/Ezreal_Attack/Ezreal_Attack_0031_Layer-44.png using Guid(32ff5b459b68e42438625c3fb5b201b6) Importer(2089858483,b0f066a214c2f5e87bad3c948f4d605d) (ScriptedImporter) -> (artifact id: '06acacf0e13db2cf69d283221b12be93') in 0.0090103 seconds
Number of updated asset objects reloaded before import = 0Number of asset objects unloaded after import = 3

========================================================================
Received Import Request.
  Time since last request: 0.000023 seconds.
  path: Assets/TextMesh Pro/Shaders/TMPro.cginc
  artifactKey: Guid(407bc68d299748449bbf7f48ee690f8d) Importer(2089858483,b0f066a214c2f5e87bad3c948f4d605d)
Start importing Assets/TextMesh Pro/Shaders/TMPro.cginc using Guid(407bc68d299748449bbf7f48ee690f8d) Importer(2089858483,b0f066a214c2f5e87bad3c948f4d605d) (ScriptedImporter) -> (artifact id: '5089683b32d82eb48f7ec1df7213cdd1') in 0.0042707 seconds
Number of updated asset objects reloaded before import = 0Number of asset objects unloaded after import = 1

========================================================================
Received Import Request.
  Time since last request: 0.000028 seconds.
  path: Assets/TextMesh Pro/Shaders/TMP_SDF Overlay.shader
  artifactKey: Guid(dd89cf5b9246416f84610a006f916af7) Importer(2089858483,b0f066a214c2f5e87bad3c948f4d605d)
Start importing Assets/TextMesh Pro/Shaders/TMP_SDF Overlay.shader using Guid(dd89cf5b9246416f84610a006f916af7) Importer(2089858483,b0f066a214c2f5e87bad3c948f4d605d) (ScriptedImporter) -> (artifact id: '18ffb6699595d403c2db4ba6d90bb23b') in 0.0051745 seconds
Number of updated asset objects reloaded before import = 0Number of asset objects unloaded after import = 1

========================================================================
Received Import Request.
  Time since last request: 0.000021 seconds.
  path: Assets/Sprites/Champions/Lux/Lux_Attack/Lux_Attack_0008_Layer-16.png
  artifactKey: Guid(332d1d59ceab0c945a993ce0d5b24d5b) Importer(2089858483,b0f066a214c2f5e87bad3c948f4d605d)
Start importing Assets/Sprites/Champions/Lux/Lux_Attack/Lux_Attack_0008_Layer-16.png using Guid(332d1d59ceab0c945a993ce0d5b24d5b) Importer(2089858483,b0f066a214c2f5e87bad3c948f4d605d) (ScriptedImporter) -> (artifact id: 'd03a53579a92c6ff432b7dcad8a72466') in 0.0104103 seconds
Number of updated asset objects reloaded before import = 0Number of asset objects unloaded after import = 3

========================================================================
Received Import Request.
  Time since last request: 0.000023 seconds.
  path: Assets/Sprites/Champions/Ezreal/Ezreal_Run/Ezreal_Run_0008_Layer-17.png
  artifactKey: Guid(10d19dc853e601149b4913652ef04807) Importer(2089858483,b0f066a214c2f5e87bad3c948f4d605d)
Start importing Assets/Sprites/Champions/Ezreal/Ezreal_Run/Ezreal_Run_0008_Layer-17.png using Guid(10d19dc853e601149b4913652ef04807) Importer(2089858483,b0f066a214c2f5e87bad3c948f4d605d) (ScriptedImporter) -> (artifact id: 'af7ae677a1c11e3c8890a2dc380e3a55') in 0.0125182 seconds
Number of updated asset objects reloaded before import = 0Number of asset objects unloaded after import = 3

========================================================================
Received Import Request.
  Time since last request: 0.000045 seconds.
  path: Assets/Sprites/Champions/Ezreal/Ezreal_Run/Ezreal_Run_0011_Layer-20.png
  artifactKey: Guid(48e897445c2015a42a9aa5119d980a62) Importer(2089858483,b0f066a214c2f5e87bad3c948f4d605d)
Start importing Assets/Sprites/Champions/Ezreal/Ezreal_Run/Ezreal_Run_0011_Layer-20.png using Guid(48e897445c2015a42a9aa5119d980a62) Importer(2089858483,b0f066a214c2f5e87bad3c948f4d605d) (ScriptedImporter) -> (artifact id: '70191bf9db5ec1588d9366d1a6e56631') in 0.0120227 seconds
Number of updated asset objects reloaded before import = 0Number of asset objects unloaded after import = 3

========================================================================
Received Import Request.
  Time since last request: 0.000022 seconds.
  path: Assets/Sprites/Champions/Lux/Lux_Attack/Lux_Attack_0006_Layer-14.png
  artifactKey: Guid(2f63cdc2e0d00034e8b26198ae22561a) Importer(2089858483,b0f066a214c2f5e87bad3c948f4d605d)
Start importing Assets/Sprites/Champions/Lux/Lux_Attack/Lux_Attack_0006_Layer-14.png using Guid(2f63cdc2e0d00034e8b26198ae22561a) Importer(2089858483,b0f066a214c2f5e87bad3c948f4d605d) (ScriptedImporter) -> (artifact id: 'dcb35dca3607fec4462831846d1480ef') in 0.012559 seconds
Number of updated asset objects reloaded before import = 0Number of asset objects unloaded after import = 3

========================================================================
Received Import Request.
  Time since last request: 0.000049 seconds.
  path: Assets/TextMesh Pro/Shaders/TMP_Bitmap.shader
  artifactKey: Guid(128e987d567d4e2c824d754223b3f3b0) Importer(2089858483,b0f066a214c2f5e87bad3c948f4d605d)
Start importing Assets/TextMesh Pro/Shaders/TMP_Bitmap.shader using Guid(128e987d567d4e2c824d754223b3f3b0) Importer(2089858483,b0f066a214c2f5e87bad3c948f4d605d) (ScriptedImporter) -> (artifact id: '12468e2e04f1c643cb09ba29498b5700') in 0.0059822 seconds
Number of updated asset objects reloaded before import = 0Number of asset objects unloaded after import = 1

========================================================================
Received Import Request.
  Time since last request: 0.000022 seconds.
  path: Assets/TextMesh Pro/Resources/LineBreaking Following Characters.txt
  artifactKey: Guid(fade42e8bc714b018fac513c043d323b) Importer(2089858483,b0f066a214c2f5e87bad3c948f4d605d)
Start importing Assets/TextMesh Pro/Resources/LineBreaking Following Characters.txt using Guid(fade42e8bc714b018fac513c043d323b) Importer(2089858483,b0f066a214c2f5e87bad3c948f4d605d) (ScriptedImporter) -> (artifact id: 'a7939ac1575a7b939a7b590719a73ce8') in 0.0047459 seconds
Number of updated asset objects reloaded before import = 0Number of asset objects unloaded after import = 1

========================================================================
Received Import Request.
  Time since last request: 0.000023 seconds.
  path: Assets/Sprites/Game/BasicAttack.png
  artifactKey: Guid(7ea09093f9ab8ae49b587aaee455dc72) Importer(2089858483,b0f066a214c2f5e87bad3c948f4d605d)
Start importing Assets/Sprites/Game/BasicAttack.png using Guid(7ea09093f9ab8ae49b587aaee455dc72) Importer(2089858483,b0f066a214c2f5e87bad3c948f4d605d) (ScriptedImporter) -> (artifact id: '876d3265f3613deaa8e364d412a6deff') in 0.01032 seconds
Number of updated asset objects reloaded before import = 0Number of asset objects unloaded after import = 3

========================================================================
Received Import Request.
  Time since last request: 0.000019 seconds.
  path: Assets/Sprites/Champions/Lux/Lux_Run/Lux_Run_0006_Layer-13.png
  artifactKey: Guid(d83e4c9623f2b4844a23bb29731e9bf4) Importer(2089858483,b0f066a214c2f5e87bad3c948f4d605d)
Start importing Assets/Sprites/Champions/Lux/Lux_Run/Lux_Run_0006_Layer-13.png using Guid(d83e4c9623f2b4844a23bb29731e9bf4) Importer(2089858483,b0f066a214c2f5e87bad3c948f4d605d) (ScriptedImporter) -> (artifact id: '7eb7627350c0166e6063dee910a83f60') in 0.0103591 seconds
Number of updated asset objects reloaded before import = 0Number of asset objects unloaded after import = 3

========================================================================
Received Import Request.
  Time since last request: 0.000023 seconds.
  path: Assets/Sprites/Champions/Ezreal/Ezreal_Q/Ezreal_Q_0000_Layer-26.png
  artifactKey: Guid(17a22b0f249bec64dad5082045aac218) Importer(2089858483,b0f066a214c2f5e87bad3c948f4d605d)
Start importing Assets/Sprites/Champions/Ezreal/Ezreal_Q/Ezreal_Q_0000_Layer-26.png using Guid(17a22b0f249bec64dad5082045aac218) Importer(2089858483,b0f066a214c2f5e87bad3c948f4d605d) (ScriptedImporter) -> (artifact id: 'ba845a56b3a1254aa33400fd9c13dbd3') in 0.0126561 seconds
Number of updated asset objects reloaded before import = 0Number of asset objects unloaded after import = 3

========================================================================
Received Import Request.
  Time since last request: 0.000032 seconds.
  path: Assets/Sprites/Champions/Ezreal/Ezreal_Q/Ezreal_Q_0005_Layer-31.png
  artifactKey: Guid(6be6123d34b159744b5fd3ffa28372ff) Importer(2089858483,b0f066a214c2f5e87bad3c948f4d605d)
Start importing Assets/Sprites/Champions/Ezreal/Ezreal_Q/Ezreal_Q_0005_Layer-31.png using Guid(6be6123d34b159744b5fd3ffa28372ff) Importer(2089858483,b0f066a214c2f5e87bad3c948f4d605d) (ScriptedImporter) -> (artifact id: '0af07ba622a64d917ee5ee0e0722d62d') in 0.012476 seconds
Number of updated asset objects reloaded before import = 0Number of asset objects unloaded after import = 3

========================================================================
Received Import Request.
  Time since last request: 0.000016 seconds.
  path: Assets/TextMesh Pro/Sprites/EmojiOne.png
  artifactKey: Guid(dffef66376be4fa480fb02b19edbe903) Importer(2089858483,b0f066a214c2f5e87bad3c948f4d605d)
Start importing Assets/TextMesh Pro/Sprites/EmojiOne.png using Guid(dffef66376be4fa480fb02b19edbe903) Importer(2089858483,b0f066a214c2f5e87bad3c948f4d605d) (ScriptedImporter) -> (artifact id: 'a9c72db1d3a88275b2b6d0bdda8e21cc') in 0.0120117 seconds
Number of updated asset objects reloaded before import = 0Number of asset objects unloaded after import = 1

Editor requested this worker to shutdown with reason: Scaling down because of idle timeout
AssetImportWorker is now disconnected from the server
Process exiting
Exiting without the bug reporter. Application will terminate with return code 0