[Licensing::Module] Trying to connect to existing licensing client channel...
Built from '6000.3/staging' branch; Version is '6000.3.2f1 (a9779f353c9b) revision 11106207'; Using compiler version '194234433'; Build Type 'Release'
OS: 'Windows 11  (10.0.26200) 64bit Professional' Language: 'en' Physical Memory: 15752 MB
BatchMode: 1, IsHumanControllingUs: 0, StartBugReporterOnCrash: 0, Is64bit: 1
[Licensing::IpcConnector] Successfully connected to: "LicenseClient-Tray" at "2026-01-15T06:29:51.6679494Z"
Date: 2026-01-15T06:29:51Z

COMMAND LINE ARGUMENTS:
C:\Program Files\Unity\Hub\Editor\6000.3.2f1\Editor\Unity.exe
-adb2
-batchMode
-noUpm
-name
AssetImportWorker0
-projectPath
C:/Users/Tray/Unity/LOLMirrorMatch
-logFile
Logs/AssetImportWorker0.log
-srvPort
51910
-licensingIpc
LicenseClient-Tray
-job-worker-count
5
-background-job-worker-count
8
-gc-helper-count
1
-name
AssetImport
Successfully changed project path to: C:/Users/Tray/Unity/LOLMirrorMatch
C:/Users/Tray/Unity/LOLMirrorMatch
[UnityMemory] Configuration Parameters - Can be set up in boot.config
    "memorysetup-temp-allocator-size-nav-mesh-worker=65536"
    "memorysetup-temp-allocator-size-audio-worker=65536"
    "memorysetup-temp-allocator-size-gfx=262144"
    "memorysetup-allocator-temp-initial-block-size-main=262144"
    "memorysetup-allocator-temp-initial-block-size-worker=262144"
    "memorysetup-temp-allocator-size-background-worker=32768"
    "memorysetup-temp-allocator-size-job-worker=262144"
    "memorysetup-temp-allocator-size-preload-manager=33554432"
    "memorysetup-temp-allocator-size-gi-baking-worker=262144"
    "memorysetup-temp-allocator-size-gi-baking-worker=262144"
    "memorysetup-temp-allocator-size-gi-baking-worker=262144"
    "memorysetup-temp-allocator-size-gi-baking-worker=262144"
    "memorysetup-temp-allocator-size-gi-baking-worker=262144"
    "memorysetup-bucket-allocator-granularity=16"
    "memorysetup-bucket-allocator-bucket-count=8"
    "memorysetup-bucket-allocator-block-size=33554432"
    "memorysetup-bucket-allocator-block-count=8"
    "memorysetup-main-allocator-block-size=16777216"
    "memorysetup-thread-allocator-block-size=16777216"
    "memorysetup-gfx-main-allocator-block-size=16777216"
    "memorysetup-gfx-thread-allocator-block-size=16777216"
    "memorysetup-cache-allocator-block-size=4194304"
    "memorysetup-typetree-allocator-block-size=2097152"
    "memorysetup-profiler-bucket-allocator-granularity=16"
    "memorysetup-profiler-bucket-allocator-bucket-count=8"
    "memorysetup-profiler-bucket-allocator-block-size=33554432"
    "memorysetup-profiler-bucket-allocator-block-count=8"
    "memorysetup-profiler-allocator-block-size=16777216"
    "memorysetup-profiler-editor-allocator-block-size=1048576"
    "memorysetup-temp-allocator-size-main=16777216"
    "memorysetup-job-temp-allocator-block-size=2097152"
    "memorysetup-job-temp-allocator-block-size-background=1048576"
    "memorysetup-job-temp-allocator-reduction-small-platforms=262144"
    "memorysetup-temp-allocator-size-cloud-worker=32768"
Player connection [15972]  Target information:

Player connection [15972]  * "[IP] 192.168.1.226 [Port] 0 [Flags] 2 [Guid] 3246584379 [EditorId] 3246584379 [Version] 1048832 [Id] WindowsEditor(7,MSI) [Debug] 1 [PackageName] WindowsEditor [ProjectName] Editor" 

Player connection [15972] Host joined multi-casting on [225.0.0.222:54997]...
Player connection [15972] Host joined alternative multi-casting on [225.0.0.222:34997]...
JobSystem: Creating JobQueue using job-worker-count value 5
Input System module state changed to: Initialized.
[Physics::Module] Initialized fallback backend.
[Physics::Module] Id: 0xdecafbad
Library Redirect Path: Library/
[Physics::Module] Selected backend.
[Physics::Module] Name: PhysX
[Physics::Module] Id: 0xf2b8ea05
[Physics::Module] SDK Version: 4.1.2
[Physics::Module] Integration Version: 1.0.0
[Physics::Module] Threading Mode: Multi-Threaded
Refreshing native plugins compatible for Editor in 13.85 ms, found 5 plugins.
Preloading 1 native plugins for Editor in 1.38 ms.
Initialize engine version: 6000.3.2f1 (a9779f353c9b)
[Subsystems] Discovering subsystems at path C:/Program Files/Unity/Hub/Editor/6000.3.2f1/Editor/Data/Resources/UnitySubsystems
[Subsystems] Discovering subsystems at path C:/Users/Tray/Unity/LOLMirrorMatch/Assets
GfxDevice: creating device client; kGfxThreadingModeNonThreaded
Direct3D:
    Version:  Direct3D 11.0 [level 11.1]
    Renderer: Radeon RX 5500M (ID=0x7340)
    Vendor:   ATI
    VRAM:     4055 MB
    Driver:   32.0.11038.8002
Initialize mono
Mono path[0] = 'C:/Program Files/Unity/Hub/Editor/6000.3.2f1/Editor/Data/Managed'
Mono path[1] = 'C:/Program Files/Unity/Hub/Editor/6000.3.2f1/Editor/Data/MonoBleedingEdge/lib/mono/unityjit-win32'
Mono config path = 'C:/Program Files/Unity/Hub/Editor/6000.3.2f1/Editor/Data/MonoBleedingEdge/etc'
Using monoOptions --debugger-agent=transport=dt_socket,embedding=1,server=y,suspend=n,address=127.0.0.1:56932
Begin MonoManager ReloadAssembly
Registering precompiled unity dll's ...
Register platform support module: C:/Program Files/Unity/Hub/Editor/6000.3.2f1/Editor/Data/PlaybackEngines/WebGLSupport/UnityEditor.WebGL.Extensions.dll
Register platform support module: C:/Program Files/Unity/Hub/Editor/6000.3.2f1/Editor/Data/PlaybackEngines/WindowsStandaloneSupport/UnityEditor.WindowsStandalone.Extensions.dll
[Licensing::Module] Licensing is not yet initialized.
[Licensing::Client] Handshaking with LicensingClient:
  Version:                 1.17.4+4293ba1
  Session Id:              cad60cac38c34ed8b0b2e7ef3b0a5f1e
  Correlation Id:          7960d505467c558d691ce346e1b87298
  External correlation Id: 1243104301877646804
  Machine Id:              MUO+ykhDnXWC5hgtd5lZAnH3Mwk=
[Licensing::Module] Successfully connected to LicensingClient on channel: "LicenseClient-Tray" (connect: 0.00s, validation: 0.00s, handshake: 2.47s)
[Licensing::IpcConnector] Successfully connected to: "LicenseClient-Tray-notifications" at "2026-01-15T06:29:54.1365348Z"
[Licensing::Module] Licensing Background thread has ended after 2.47s
[Licensing::Module] Licensing is initialized (took 1.37s).
[Licensing::Client] Successfully resolved entitlement details
[Licensing::Module] License group:
  Id: 18968360639405-UnityPersXXXX
  Product: Unity Personal
  Type: Assigned
  Expiration: Unlimited
Register platform support module: C:/Program Files/Unity/Hub/Editor/6000.3.2f1/Editor/Data/PlaybackEngines/AndroidPlayer/UnityEditor.Android.Extensions.dll
Registered in 1.381120 seconds.
- Loaded All Assemblies, in  1.889 seconds
Native extension for Android target not found
Android Extension - Scanning For ADB Devices 256 ms
Native extension for WindowsStandalone target not found
Native extension for WebGL target not found
Mono: successfully reloaded assembly
- Finished resetting the current domain, in  0.795 seconds
Domain Reload Profiling: 2680ms
	BeginReloadAssembly (140ms)
		ExecutionOrderSort (0ms)
		DisableScriptedObjects (0ms)
		BackupInstance (0ms)
		ReleaseScriptingObjects (0ms)
		CreateAndSetChildDomain (1ms)
	RebuildCommonClasses (63ms)
	RebuildNativeTypeToScriptingClass (22ms)
	initialDomainReloadingComplete (1449ms)
	LoadAllAssembliesAndSetupDomain (210ms)
		LoadAssemblies (134ms)
		RebuildTransferFunctionScriptingTraits (0ms)
		AnalyzeDomain (204ms)
			TypeCache.Refresh (203ms)
				TypeCache.ScanAssembly (187ms)
			BuildScriptInfoCaches (0ms)
			ResolveRequiredComponents (0ms)
	FinalizeReload (796ms)
		ReleaseScriptCaches (0ms)
		RebuildScriptCaches (0ms)
		SetupLoadedEditorAssemblies (736ms)
			LogAssemblyErrors (0ms)
			InitializePlatformSupportModulesInManaged (365ms)
			SetLoadedEditorAssemblies (5ms)
			BeforeProcessingInitializeOnLoad (109ms)
			ProcessInitializeOnLoadAttributes (174ms)
			ProcessInitializeOnLoadMethodAttributes (83ms)
			AfterProcessingInitializeOnLoad (0ms)
			EditorAssembliesLoaded (0ms)
		ExecutionOrderSort2 (0ms)
		AwakeInstancesAfterBackupRestoration (0ms)
Assembly reference Packages/com.unity.cinemachine/Editor/Samples/ExposeHDRPInternals/HDRP-Editor-ref.asmref has no target assembly definition
========================================================================
Worker process is ready to serve import requests
Import Worker Mode flag is 0x00
Assembly reference Packages/com.unity.cinemachine/Editor/Samples/ExposeHDRPInternals/HDRP-Editor-ref.asmref has no target assembly definition
Assembly reference Packages/com.unity.cinemachine/Editor/Samples/ExposeHDRPInternals/HDRP-Editor-ref.asmref has no target assembly definition
Begin MonoManager ReloadAssembly
[Licensing::Client] Successfully resolved entitlement details
Duplicate assembly 'System.Runtime.CompilerServices.Unsafe.dll' with different versions detected, using 'Packages/com.unity.collections/Unity.Collections.Tests/System.Runtime.CompilerServices.Unsafe/System.Runtime.CompilerServices.Unsafe.dll, AssemblyName=System.Runtime.CompilerServices.Unsafe, Version=6.0.0.0, Culture=neutral, PublicKeyToken=b03f5f7f11d50a3a' and ignoring 'Packages/com.unity.ai.assistant/Plugins/Markdig/Dependencies/System.Runtime.CompilerServices.Unsafe.dll, AssemblyName=System.Runtime.CompilerServices.Unsafe, Version=4.0.6.0, Culture=neutral, PublicKeyToken=b03f5f7f11d50a3a'.Symbol file LoadedFromMemory is not a mono symbol file
Symbol file LoadedFromMemory is not a mono symbol file
- Loaded All Assemblies, in  1.442 seconds
Assembly reference Packages/com.unity.cinemachine/Editor/Samples/ExposeHDRPInternals/HDRP-Editor-ref.asmref has no target assembly definition
'Packages/com.unity.cinemachine/Editor/Obsolete/CinemachineVirtualCameraBaseEditor.cs' contains partial class of Unity.Object, exactly 1 of the partial classes needs to be in a file with the same filename. This is to know the one that can be referenced from ie. GameObjects
'Packages/com.unity.cinemachine/Editor/Editors/CinemachineVirtualCameraBaseEditor.cs' contains partial class of Unity.Object, exactly 1 of the partial classes needs to be in a file with the same filename. This is to know the one that can be referenced from ie. GameObjects
Refreshing native plugins compatible for Editor in 10.53 ms, found 5 plugins.
Native extension for Android target not found
Native extension for WindowsStandalone target not found
Native extension for WebGL target not found
Assembly reference Packages/com.unity.cinemachine/Editor/Samples/ExposeHDRPInternals/HDRP-Editor-ref.asmref has no target assembly definition
Package Manager log level set to [2]
[Package Manager] Failed to launch server process. Reason: Unity was launched with the -noUpm command-line argument
[Package Manager] Unable to send message (not connected to server process).
[Package Manager] Cannot connect to Unity Package Manager local server
Refreshing native plugins compatible for Editor in 11.68 ms, found 5 plugins.
[Package Manager] Failed to launch server process. Reason: Unity was launched with the -noUpm command-line argument
[Package Manager] Unable to send message (not connected to server process).
[Package Manager] Cannot connect to Unity Package Manager local server
[Package Manager] Failed to launch server process. Reason: Unity was launched with the -noUpm command-line argument
[Package Manager] Unable to send message (not connected to server process).
[Package Manager] Cannot connect to Unity Package Manager local server
Mono: successfully reloaded assembly
- Finished resetting the current domain, in  1.343 seconds
Domain Reload Profiling: 2769ms
	BeginReloadAssembly (177ms)
		ExecutionOrderSort (0ms)
		DisableScriptedObjects (6ms)
		BackupInstance (0ms)
		ReleaseScriptingObjects (0ms)
		CreateAndSetChildDomain (43ms)
	RebuildCommonClasses (42ms)
	RebuildNativeTypeToScriptingClass (13ms)
	initialDomainReloadingComplete (42ms)
	LoadAllAssembliesAndSetupDomain (1152ms)
		LoadAssemblies (636ms)
		RebuildTransferFunctionScriptingTraits (0ms)
		AnalyzeDomain (597ms)
			TypeCache.Refresh (431ms)
				TypeCache.ScanAssembly (403ms)
			BuildScriptInfoCaches (144ms)
			ResolveRequiredComponents (16ms)
	FinalizeReload (1343ms)
		ReleaseScriptCaches (0ms)
		RebuildScriptCaches (0ms)
		SetupLoadedEditorAssemblies (1160ms)
			LogAssemblyErrors (0ms)
			InitializePlatformSupportModulesInManaged (14ms)
			SetLoadedEditorAssemblies (9ms)
			BeforeProcessingInitializeOnLoad (312ms)
			ProcessInitializeOnLoadAttributes (507ms)
			ProcessInitializeOnLoadMethodAttributes (308ms)
			AfterProcessingInitializeOnLoad (9ms)
			EditorAssembliesLoaded (1ms)
		ExecutionOrderSort2 (0ms)
		AwakeInstancesAfterBackupRestoration (6ms)
Launched and connected shader compiler UnityShaderCompiler.exe after 0.01 seconds
Refreshing native plugins compatible for Editor in 12.83 ms, found 5 plugins.
Preloading 1 native plugins for Editor in 0.14 ms.
Unloading 59 Unused Serialized files (Serialized files now loaded: 0)
Unloading 11037 unused Assets / (21.8 MB). Loaded Objects now: 11860.
Memory consumption went from 223.6 MB to 201.8 MB.
Total: 22.650400 ms (FindLiveObjects: 1.426100 ms CreateObjectMapping: 1.953000 ms MarkObjects: 9.666200 ms  DeleteObjects: 9.602700 ms)

========================================================================
Received Import Request.
  Time since last request: 18344.811928 seconds.
  path: Assets/TextMesh Pro/Shaders/TMP_SDF.shader
  artifactKey: Guid(68e6db2ebdc24f95958faec2be5558d6) Importer(2089858483,b0f066a214c2f5e87bad3c948f4d605d)
Start importing Assets/TextMesh Pro/Shaders/TMP_SDF.shader using Guid(68e6db2ebdc24f95958faec2be5558d6) Importer(2089858483,b0f066a214c2f5e87bad3c948f4d605d) (ScriptedImporter) -> (artifact id: '1050efbf33ccca32dbb1eb1d4bd8d7ba') in 0.1075283 seconds
Number of updated asset objects reloaded before import = 0Number of asset objects unloaded after import = 1

========================================================================
Received Import Request.
  Time since last request: 0.000018 seconds.
  path: Assets/TextMesh Pro/Resources/Fonts & Materials/LiberationSans SDF - Fallback.asset
  artifactKey: Guid(2e498d1c8094910479dc3e1b768306a4) Importer(2089858483,b0f066a214c2f5e87bad3c948f4d605d)
Start importing Assets/TextMesh Pro/Resources/Fonts & Materials/LiberationSans SDF - Fallback.asset using Guid(2e498d1c8094910479dc3e1b768306a4) Importer(2089858483,b0f066a214c2f5e87bad3c948f4d605d) (ScriptedImporter) -> (artifact id: '1ad5dea0a52456a4717fa20d02934fbf') in 0.0706705 seconds
Number of updated asset objects reloaded before import = 0Number of asset objects unloaded after import = 5

========================================================================
Received Import Request.
  Time since last request: 0.000022 seconds.
  path: Assets/TextMesh Pro/Resources/Fonts & Materials/LiberationSans SDF - Outline.mat
  artifactKey: Guid(79459efec17a4d00a321bdcc27bbc385) Importer(2089858483,b0f066a214c2f5e87bad3c948f4d605d)
Start importing Assets/TextMesh Pro/Resources/Fonts & Materials/LiberationSans SDF - Outline.mat using Guid(79459efec17a4d00a321bdcc27bbc385) Importer(2089858483,b0f066a214c2f5e87bad3c948f4d605d) (ScriptedImporter) -> (artifact id: 'b00df83fcd021a52771207480034bce0') in 0.0250862 seconds
Number of updated asset objects reloaded before import = 0Number of asset objects unloaded after import = 2

========================================================================
Received Import Request.
  Time since last request: 0.000030 seconds.
  path: Assets/Animation/Champions/Ezreal/Ezreal_Idle.anim
  artifactKey: Guid(70cfd5335df569045996e1d8feddabd1) Importer(815301076,1909f56bfc062723c751e8b465ee728b)
Start importing Assets/Animation/Champions/Ezreal/Ezreal_Idle.anim using Guid(70cfd5335df569045996e1d8feddabd1) Importer(815301076,1909f56bfc062723c751e8b465ee728b) (PreviewImporter) -> (artifact id: 'e4aa13037851e5fa81a01ac0f4cd6451') in 0.0219221 seconds
Number of updated asset objects reloaded before import = 0Number of asset objects unloaded after import = 1

========================================================================
Received Import Request.
  Time since last request: 0.000013 seconds.
  path: Assets/Sprites/Game/HealthBar/Level.png
  artifactKey: Guid(77e9cdca40f8d2649b905a20b0c5679e) Importer(2089858483,b0f066a214c2f5e87bad3c948f4d605d)
Start importing Assets/Sprites/Game/HealthBar/Level.png using Guid(77e9cdca40f8d2649b905a20b0c5679e) Importer(2089858483,b0f066a214c2f5e87bad3c948f4d605d) (ScriptedImporter) -> (artifact id: 'cc0eecdebdfd728d49f0593369bd7954') in 0.0399192 seconds
Number of updated asset objects reloaded before import = 0Number of asset objects unloaded after import = 3

========================================================================
Received Import Request.
  Time since last request: 0.000020 seconds.
  path: Assets/Sprites/Game/HealthBar/BarBackground.png
  artifactKey: Guid(dab743598dc6b4845abaf7fb26467711) Importer(2089858483,b0f066a214c2f5e87bad3c948f4d605d)
Start importing Assets/Sprites/Game/HealthBar/BarBackground.png using Guid(dab743598dc6b4845abaf7fb26467711) Importer(2089858483,b0f066a214c2f5e87bad3c948f4d605d) (ScriptedImporter) -> (artifact id: '7b9dd9f74738600924dfd3b3fc583558') in 0.0081698 seconds
Number of updated asset objects reloaded before import = 0Number of asset objects unloaded after import = 3

========================================================================
Received Import Request.
  Time since last request: 0.000016 seconds.
  path: Assets/Animation/Champions/Ezreal/Ezreal_Q.anim
  artifactKey: Guid(c6ed2db48eada7248937d5dbe6b3bb73) Importer(2089858483,b0f066a214c2f5e87bad3c948f4d605d)
Start importing Assets/Animation/Champions/Ezreal/Ezreal_Q.anim using Guid(c6ed2db48eada7248937d5dbe6b3bb73) Importer(2089858483,b0f066a214c2f5e87bad3c948f4d605d) (ScriptedImporter) -> (artifact id: 'f47396dafa3a5694dfb6a349e82fb25c') in 0.0132694 seconds
Number of updated asset objects reloaded before import = 0Number of asset objects unloaded after import = 1

========================================================================
Received Import Request.
  Time since last request: 0.000018 seconds.
  path: Assets/Scripts/SkillBase.cs
  artifactKey: Guid(647dcaeccbba48141baf726d6543c86a) Importer(2089858483,b0f066a214c2f5e87bad3c948f4d605d)
Start importing Assets/Scripts/SkillBase.cs using Guid(647dcaeccbba48141baf726d6543c86a) Importer(2089858483,b0f066a214c2f5e87bad3c948f4d605d) (ScriptedImporter) -> (artifact id: '89eda906aef4318cfca74c2f315f793c') in 0.0041364 seconds
Number of updated asset objects reloaded before import = 0Number of asset objects unloaded after import = 0

========================================================================
Received Import Request.
  Time since last request: 0.000027 seconds.
  path: Assets/Data/Ezreal/EzrealQ_Data.asset
  artifactKey: Guid(85b51fe2bdcc66d41a40235ebbee483b) Importer(2089858483,b0f066a214c2f5e87bad3c948f4d605d)
Start importing Assets/Data/Ezreal/EzrealQ_Data.asset using Guid(85b51fe2bdcc66d41a40235ebbee483b) Importer(2089858483,b0f066a214c2f5e87bad3c948f4d605d) (ScriptedImporter) -> (artifact id: '2b882d9561008f47b1be1efe7c93f73c') in 0.0109535 seconds
Number of updated asset objects reloaded before import = 0Number of asset objects unloaded after import = 11

========================================================================
Received Import Request.
  Time since last request: 0.000018 seconds.
  path: Assets/Sprites/Game/HealthBar/Frame.png
  artifactKey: Guid(27e21477346d5234ea01f0d20f1162ef) Importer(2089858483,b0f066a214c2f5e87bad3c948f4d605d)
Start importing Assets/Sprites/Game/HealthBar/Frame.png using Guid(27e21477346d5234ea01f0d20f1162ef) Importer(2089858483,b0f066a214c2f5e87bad3c948f4d605d) (ScriptedImporter) -> (artifact id: 'efea6b81469960b35e6e41fd9481ed19') in 0.0087643 seconds
Number of updated asset objects reloaded before import = 0Number of asset objects unloaded after import = 3

========================================================================
Received Import Request.
  Time since last request: 0.000015 seconds.
  path: Assets/Data/Ezreal/Ezreal_Data.asset
  artifactKey: Guid(fe5b158b2502a0c41a1b19733455520d) Importer(2089858483,b0f066a214c2f5e87bad3c948f4d605d)
Start importing Assets/Data/Ezreal/Ezreal_Data.asset using Guid(fe5b158b2502a0c41a1b19733455520d) Importer(2089858483,b0f066a214c2f5e87bad3c948f4d605d) (ScriptedImporter) -> (artifact id: '61c448cc5f21ca53f3bc08375171d888') in 0.007524 seconds
Number of updated asset objects reloaded before import = 0Number of asset objects unloaded after import = 1

========================================================================
Received Import Request.
  Time since last request: 0.000016 seconds.
  path: Assets/Sprites/Game/HealthBar/PhisicalShield.png
  artifactKey: Guid(f0063e07f1e326d4095d7c56a6f5bf99) Importer(2089858483,b0f066a214c2f5e87bad3c948f4d605d)
Start importing Assets/Sprites/Game/HealthBar/PhisicalShield.png using Guid(f0063e07f1e326d4095d7c56a6f5bf99) Importer(2089858483,b0f066a214c2f5e87bad3c948f4d605d) (ScriptedImporter) -> (artifact id: '4e9ef6415c65d199e3da75e990ddbbe6') in 0.007426 seconds
Number of updated asset objects reloaded before import = 0Number of asset objects unloaded after import = 3

========================================================================
Received Import Request.
  Time since last request: 0.000017 seconds.
  path: Assets/Settings/Renderer2D.asset
  artifactKey: Guid(424799608f7334c24bf367e4bbfa7f9a) Importer(2089858483,b0f066a214c2f5e87bad3c948f4d605d)
Start importing Assets/Settings/Renderer2D.asset using Guid(424799608f7334c24bf367e4bbfa7f9a) Importer(2089858483,b0f066a214c2f5e87bad3c948f4d605d) (ScriptedImporter) -> (artifact id: '38370912602e07ca6cfab7010dd83895') in 0.0247278 seconds
Number of updated asset objects reloaded before import = 0Number of asset objects unloaded after import = 1

========================================================================
Received Import Request.
  Time since last request: 0.000015 seconds.
  path: Assets/Scripts/SkillUI.cs
  artifactKey: Guid(cde02f60c79941046ae6edfd0504e51e) Importer(2089858483,b0f066a214c2f5e87bad3c948f4d605d)
Start importing Assets/Scripts/SkillUI.cs using Guid(cde02f60c79941046ae6edfd0504e51e) Importer(2089858483,b0f066a214c2f5e87bad3c948f4d605d) (ScriptedImporter) -> (artifact id: '1651c686187232df9cf36822163dd799') in 0.0036029 seconds
Number of updated asset objects reloaded before import = 0Number of asset objects unloaded after import = 0

========================================================================
Received Import Request.
  Time since last request: 0.000025 seconds.
  path: Assets/TextMesh Pro/Resources/Fonts & Materials/LiberationSans SDF - Drop Shadow.mat
  artifactKey: Guid(e73a58f6e2794ae7b1b7e50b7fb811b0) Importer(2089858483,b0f066a214c2f5e87bad3c948f4d605d)
Start importing Assets/TextMesh Pro/Resources/Fonts & Materials/LiberationSans SDF - Drop Shadow.mat using Guid(e73a58f6e2794ae7b1b7e50b7fb811b0) Importer(2089858483,b0f066a214c2f5e87bad3c948f4d605d) (ScriptedImporter) -> (artifact id: 'b50f70aea5300ae5431f88aae00fffc5') in 0.0130583 seconds
Number of updated asset objects reloaded before import = 0Number of asset objects unloaded after import = 2

========================================================================
Received Import Request.
  Time since last request: 0.000018 seconds.
  path: Assets/TextMesh Pro/Shaders/SDFFunctions.hlsl
  artifactKey: Guid(96de908384869cd409c75efa351d5edf) Importer(2089858483,b0f066a214c2f5e87bad3c948f4d605d)
Start importing Assets/TextMesh Pro/Shaders/SDFFunctions.hlsl using Guid(96de908384869cd409c75efa351d5edf) Importer(2089858483,b0f066a214c2f5e87bad3c948f4d605d) (ScriptedImporter) -> (artifact id: '9a405412695d2dc7f86c9271164b2257') in 0.0038398 seconds
Number of updated asset objects reloaded before import = 0Number of asset objects unloaded after import = 1

========================================================================
Received Import Request.
  Time since last request: 0.000016 seconds.
  path: Assets/Sprites/Game/HealthBar/MagicShield.png
  artifactKey: Guid(61930d16b056bd1439414970e9873606) Importer(2089858483,b0f066a214c2f5e87bad3c948f4d605d)
Start importing Assets/Sprites/Game/HealthBar/MagicShield.png using Guid(61930d16b056bd1439414970e9873606) Importer(2089858483,b0f066a214c2f5e87bad3c948f4d605d) (ScriptedImporter) -> (artifact id: '0a365028e4723c4e84dee8b162ec8f33') in 0.008371 seconds
Number of updated asset objects reloaded before import = 0Number of asset objects unloaded after import = 3

========================================================================
Received Import Request.
  Time since last request: 0.000014 seconds.
  path: Assets/TextMesh Pro/Resources/Fonts & Materials/LiberationSans SDF.asset
  artifactKey: Guid(8f586378b4e144a9851e7b34d9b748ee) Importer(2089858483,b0f066a214c2f5e87bad3c948f4d605d)
Start importing Assets/TextMesh Pro/Resources/Fonts & Materials/LiberationSans SDF.asset using Guid(8f586378b4e144a9851e7b34d9b748ee) Importer(2089858483,b0f066a214c2f5e87bad3c948f4d605d) (ScriptedImporter) -> (artifact id: '7ef53c97c81315400308ec227dcfef3b') in 0.0367672 seconds
Number of updated asset objects reloaded before import = 0Number of asset objects unloaded after import = 8

========================================================================
Received Import Request.
  Time since last request: 0.000026 seconds.
  path: Assets/Sprites/Champions/Ezreal/Ezreal_Attack/Ezreal_Attack_0003_Layer-16.png
  artifactKey: Guid(d583d3c98beb5f249956165a3b393dd3) Importer(2089858483,b0f066a214c2f5e87bad3c948f4d605d)
Start importing Assets/Sprites/Champions/Ezreal/Ezreal_Attack/Ezreal_Attack_0003_Layer-16.png using Guid(d583d3c98beb5f249956165a3b393dd3) Importer(2089858483,b0f066a214c2f5e87bad3c948f4d605d) (ScriptedImporter) -> (artifact id: '6eed084270c96db7938db6ca0551490d') in 0.0089778 seconds
Number of updated asset objects reloaded before import = 0Number of asset objects unloaded after import = 3

========================================================================
Received Import Request.
  Time since last request: 0.000031 seconds.
  path: Assets/TextMesh Pro/Shaders/TMP_SDF-HDRP UNLIT.shadergraph
  artifactKey: Guid(f63d574838ccfb44f84acc05fed0af48) Importer(2089858483,b0f066a214c2f5e87bad3c948f4d605d)
Start importing Assets/TextMesh Pro/Shaders/TMP_SDF-HDRP UNLIT.shadergraph using Guid(f63d574838ccfb44f84acc05fed0af48) Importer(2089858483,b0f066a214c2f5e87bad3c948f4d605d) (ScriptedImporter) -> (artifact id: 'b6c2efeffd340f30e813db09db2de1a7') in 0.0073079 seconds
Number of updated asset objects reloaded before import = 0Number of asset objects unloaded after import = 3

========================================================================
Received Import Request.
  Time since last request: 0.000015 seconds.
  path: Assets/Sprites/Champions/Ezreal/Ezreal_Idle/Ezreal_Idle_0014_Layer-20.png
  artifactKey: Guid(34641cea29fc9f343b693db1c1781df6) Importer(2089858483,b0f066a214c2f5e87bad3c948f4d605d)
Start importing Assets/Sprites/Champions/Ezreal/Ezreal_Idle/Ezreal_Idle_0014_Layer-20.png using Guid(34641cea29fc9f343b693db1c1781df6) Importer(2089858483,b0f066a214c2f5e87bad3c948f4d605d) (ScriptedImporter) -> (artifact id: '6cac912ea2622d068d022876df7d1a19') in 0.0136648 seconds
Number of updated asset objects reloaded before import = 0Number of asset objects unloaded after import = 3

========================================================================
Received Import Request.
  Time since last request: 0.000021 seconds.
  path: Assets/Sprites/Champions/Ezreal/Ezreal_Attack/Ezreal_Attack_0013_Layer-26.png
  artifactKey: Guid(564e31a6564d6484d8a31c43d647010b) Importer(2089858483,b0f066a214c2f5e87bad3c948f4d605d)
Start importing Assets/Sprites/Champions/Ezreal/Ezreal_Attack/Ezreal_Attack_0013_Layer-26.png using Guid(564e31a6564d6484d8a31c43d647010b) Importer(2089858483,b0f066a214c2f5e87bad3c948f4d605d) (ScriptedImporter) -> (artifact id: 'b18291b5239f432067f62d97964bc5d4') in 0.0088471 seconds
Number of updated asset objects reloaded before import = 0Number of asset objects unloaded after import = 3

========================================================================
Received Import Request.
  Time since last request: 0.000017 seconds.
  path: Assets/Sprites/Champions/Ezreal/Ezreal_Attack/Ezreal_Attack_0018_Layer-31.png
  artifactKey: Guid(977eb4dc7c7ef1342b79431dfe29a4e7) Importer(2089858483,b0f066a214c2f5e87bad3c948f4d605d)
Start importing Assets/Sprites/Champions/Ezreal/Ezreal_Attack/Ezreal_Attack_0018_Layer-31.png using Guid(977eb4dc7c7ef1342b79431dfe29a4e7) Importer(2089858483,b0f066a214c2f5e87bad3c948f4d605d) (ScriptedImporter) -> (artifact id: '7ea739ec0780aad1b959e6e40721d53c') in 0.0083155 seconds
Number of updated asset objects reloaded before import = 0Number of asset objects unloaded after import = 3

========================================================================
Received Import Request.
  Time since last request: 0.000019 seconds.
  path: Assets/Sprites/Champions/Ezreal/Ezreal_Attack/Ezreal_Attack_0038_Layer-51.png
  artifactKey: Guid(4d41dce653d58b44c890bc61d18ff44d) Importer(2089858483,b0f066a214c2f5e87bad3c948f4d605d)
Start importing Assets/Sprites/Champions/Ezreal/Ezreal_Attack/Ezreal_Attack_0038_Layer-51.png using Guid(4d41dce653d58b44c890bc61d18ff44d) Importer(2089858483,b0f066a214c2f5e87bad3c948f4d605d) (ScriptedImporter) -> (artifact id: '92c9f941dcb2aaaeca9699413e11f753') in 0.0118708 seconds
Number of updated asset objects reloaded before import = 0Number of asset objects unloaded after import = 3

========================================================================
Received Import Request.
  Time since last request: 0.000024 seconds.
  path: Assets/Sprites/Champions/Ezreal/Ezreal_Attack/Ezreal_Attack_0033_Layer-46.png
  artifactKey: Guid(e05393422edb5a84d88a22beca96e6b9) Importer(2089858483,b0f066a214c2f5e87bad3c948f4d605d)
Start importing Assets/Sprites/Champions/Ezreal/Ezreal_Attack/Ezreal_Attack_0033_Layer-46.png using Guid(e05393422edb5a84d88a22beca96e6b9) Importer(2089858483,b0f066a214c2f5e87bad3c948f4d605d) (ScriptedImporter) -> (artifact id: 'c1a1d8f227b16dda6f9479690fead93f') in 0.0086272 seconds
Number of updated asset objects reloaded before import = 0Number of asset objects unloaded after import = 3

========================================================================
Received Import Request.
  Time since last request: 0.000019 seconds.
  path: Assets/Sprites/Champions/Ezreal/Ezreal_Attack/Ezreal_Attack_0024_Layer-37.png
  artifactKey: Guid(8996a7e19dc20fc4d8ecb8e8fa55eca5) Importer(2089858483,b0f066a214c2f5e87bad3c948f4d605d)
Start importing Assets/Sprites/Champions/Ezreal/Ezreal_Attack/Ezreal_Attack_0024_Layer-37.png using Guid(8996a7e19dc20fc4d8ecb8e8fa55eca5) Importer(2089858483,b0f066a214c2f5e87bad3c948f4d605d) (ScriptedImporter) -> (artifact id: '641c1f48ea5a6e2e324cfdf391bbf01e') in 0.0099632 seconds
Number of updated asset objects reloaded before import = 0Number of asset objects unloaded after import = 3

========================================================================
Received Import Request.
  Time since last request: 0.000020 seconds.
  path: Assets/Sprites/Champions/Ezreal/Ezreal_Attack/Ezreal_Attack_0021_Layer-34.png
  artifactKey: Guid(7a277058e5f51b0479a34bf9807de0f8) Importer(2089858483,b0f066a214c2f5e87bad3c948f4d605d)
Start importing Assets/Sprites/Champions/Ezreal/Ezreal_Attack/Ezreal_Attack_0021_Layer-34.png using Guid(7a277058e5f51b0479a34bf9807de0f8) Importer(2089858483,b0f066a214c2f5e87bad3c948f4d605d) (ScriptedImporter) -> (artifact id: 'e6eb1be60c36707ca9d3bfb9f8dd44fa') in 0.0104676 seconds
Number of updated asset objects reloaded before import = 0Number of asset objects unloaded after import = 3

========================================================================
Received Import Request.
  Time since last request: 0.000023 seconds.
  path: Assets/Sprites/Champions/Ezreal/Ezreal_Idle/Ezreal_Idle_0009_Layer-15.png
  artifactKey: Guid(2981822019b80b846b6c9b5d0fd8a184) Importer(2089858483,b0f066a214c2f5e87bad3c948f4d605d)
Start importing Assets/Sprites/Champions/Ezreal/Ezreal_Idle/Ezreal_Idle_0009_Layer-15.png using Guid(2981822019b80b846b6c9b5d0fd8a184) Importer(2089858483,b0f066a214c2f5e87bad3c948f4d605d) (ScriptedImporter) -> (artifact id: 'bf022b3179c73828aa1370ab69808713') in 0.0086382 seconds
Number of updated asset objects reloaded before import = 0Number of asset objects unloaded after import = 3

========================================================================
Received Import Request.
  Time since last request: 0.000024 seconds.
  path: Assets/Sprites/Champions/Ezreal/Ezreal_Attack/Ezreal_Attack_0009_Layer-22.png
  artifactKey: Guid(a452d777ef075f749b21d809507b6abc) Importer(2089858483,b0f066a214c2f5e87bad3c948f4d605d)
Start importing Assets/Sprites/Champions/Ezreal/Ezreal_Attack/Ezreal_Attack_0009_Layer-22.png using Guid(a452d777ef075f749b21d809507b6abc) Importer(2089858483,b0f066a214c2f5e87bad3c948f4d605d) (ScriptedImporter) -> (artifact id: '0c599680bb2b3c38662de159d347afdb') in 0.0086538 seconds
Number of updated asset objects reloaded before import = 0Number of asset objects unloaded after import = 3

========================================================================
Received Import Request.
  Time since last request: 0.000036 seconds.
  path: Assets/Sprites/Champions/Ezreal/Ezreal_Idle/Ezreal_Idle_0028_Layer-34.png
  artifactKey: Guid(f4975e111fe30904da2b7438610bc7a3) Importer(2089858483,b0f066a214c2f5e87bad3c948f4d605d)
Start importing Assets/Sprites/Champions/Ezreal/Ezreal_Idle/Ezreal_Idle_0028_Layer-34.png using Guid(f4975e111fe30904da2b7438610bc7a3) Importer(2089858483,b0f066a214c2f5e87bad3c948f4d605d) (ScriptedImporter) -> (artifact id: '9b363a9961ff8886216db40d5081c3ce') in 0.0091613 seconds
Number of updated asset objects reloaded before import = 0Number of asset objects unloaded after import = 3

========================================================================
Received Import Request.
  Time since last request: 0.000017 seconds.
  path: Assets/Sprites/Champions/Ezreal/Ezreal_Idle/Ezreal_Idle_0029_Layer-35.png
  artifactKey: Guid(9955eda0a27615140bd7cf23fa1dbb33) Importer(2089858483,b0f066a214c2f5e87bad3c948f4d605d)
Start importing Assets/Sprites/Champions/Ezreal/Ezreal_Idle/Ezreal_Idle_0029_Layer-35.png using Guid(9955eda0a27615140bd7cf23fa1dbb33) Importer(2089858483,b0f066a214c2f5e87bad3c948f4d605d) (ScriptedImporter) -> (artifact id: 'a7104cf1259db8206ef3b9f466ac4dd5') in 0.0084467 seconds
Number of updated asset objects reloaded before import = 0Number of asset objects unloaded after import = 3

========================================================================
Received Import Request.
  Time since last request: 0.000017 seconds.
  path: Assets/Sprites/Champions/Ezreal/Ezreal_Q/Ezreal_Q_0006_Layer-32.png
  artifactKey: Guid(a97b1604b885ec147ad39047bfeebdb5) Importer(2089858483,b0f066a214c2f5e87bad3c948f4d605d)
Start importing Assets/Sprites/Champions/Ezreal/Ezreal_Q/Ezreal_Q_0006_Layer-32.png using Guid(a97b1604b885ec147ad39047bfeebdb5) Importer(2089858483,b0f066a214c2f5e87bad3c948f4d605d) (ScriptedImporter) -> (artifact id: '61339d8b87187b9eee20455b7b2d5cb0') in 0.0095309 seconds
Number of updated asset objects reloaded before import = 0Number of asset objects unloaded after import = 3

========================================================================
Received Import Request.
  Time since last request: 0.000022 seconds.
  path: Assets/Sprites/Champions/Ezreal/Ezreal_Idle/Ezreal_Idle_0020_Layer-26.png
  artifactKey: Guid(53e1ea673c1af96468dfb925b9193563) Importer(2089858483,b0f066a214c2f5e87bad3c948f4d605d)
Start importing Assets/Sprites/Champions/Ezreal/Ezreal_Idle/Ezreal_Idle_0020_Layer-26.png using Guid(53e1ea673c1af96468dfb925b9193563) Importer(2089858483,b0f066a214c2f5e87bad3c948f4d605d) (ScriptedImporter) -> (artifact id: '1286d4846229bb42e5468bb74a33cc04') in 0.0083957 seconds
Number of updated asset objects reloaded before import = 0Number of asset objects unloaded after import = 3

========================================================================
Received Import Request.
  Time since last request: 0.000020 seconds.
  path: Assets/Sprites/Champions/Ezreal/Ezreal_Idle/Ezreal_Idle_0013_Layer-19.png
  artifactKey: Guid(f68d3b20a4478a746a637feb76cf22c6) Importer(2089858483,b0f066a214c2f5e87bad3c948f4d605d)
Start importing Assets/Sprites/Champions/Ezreal/Ezreal_Idle/Ezreal_Idle_0013_Layer-19.png using Guid(f68d3b20a4478a746a637feb76cf22c6) Importer(2089858483,b0f066a214c2f5e87bad3c948f4d605d) (ScriptedImporter) -> (artifact id: '6c7ecf3c8f086da605091cf315ef930d') in 0.0091535 seconds
Number of updated asset objects reloaded before import = 0Number of asset objects unloaded after import = 3

========================================================================
Received Import Request.
  Time since last request: 0.000030 seconds.
  path: Assets/Sprites/Champions/Ezreal/Ezreal_Attack/Ezreal_Attack_0010_Layer-23.png
  artifactKey: Guid(caad7aeef82d06a4bbcfbd00ec4a92ce) Importer(2089858483,b0f066a214c2f5e87bad3c948f4d605d)
Start importing Assets/Sprites/Champions/Ezreal/Ezreal_Attack/Ezreal_Attack_0010_Layer-23.png using Guid(caad7aeef82d06a4bbcfbd00ec4a92ce) Importer(2089858483,b0f066a214c2f5e87bad3c948f4d605d) (ScriptedImporter) -> (artifact id: '6a82ad552933ed66b7ef6e8b421b990a') in 0.0089184 seconds
Number of updated asset objects reloaded before import = 0Number of asset objects unloaded after import = 3

========================================================================
Received Import Request.
  Time since last request: 0.000017 seconds.
  path: Assets/Sprites/Champions/Ezreal/Ezreal_Attack/Ezreal_Attack_0028_Layer-41.png
  artifactKey: Guid(83cfc2ab5a7e0044ea4d3ffe6c84477a) Importer(2089858483,b0f066a214c2f5e87bad3c948f4d605d)
Start importing Assets/Sprites/Champions/Ezreal/Ezreal_Attack/Ezreal_Attack_0028_Layer-41.png using Guid(83cfc2ab5a7e0044ea4d3ffe6c84477a) Importer(2089858483,b0f066a214c2f5e87bad3c948f4d605d) (ScriptedImporter) -> (artifact id: '1a818b4dcb722a66b50753c15d0c9cb6') in 0.0089912 seconds
Number of updated asset objects reloaded before import = 0Number of asset objects unloaded after import = 3

========================================================================
Received Import Request.
  Time since last request: 0.000037 seconds.
  path: Assets/Sprites/Champions/Ezreal/Ezreal_Attack/Ezreal_Attack_0023_Layer-36.png
  artifactKey: Guid(b4ddbd9c99dccf34f9b06a58a6908d99) Importer(2089858483,b0f066a214c2f5e87bad3c948f4d605d)
Start importing Assets/Sprites/Champions/Ezreal/Ezreal_Attack/Ezreal_Attack_0023_Layer-36.png using Guid(b4ddbd9c99dccf34f9b06a58a6908d99) Importer(2089858483,b0f066a214c2f5e87bad3c948f4d605d) (ScriptedImporter) -> (artifact id: '82c8e11c079c4a237acbee2d74f2eda2') in 0.0131663 seconds
Number of updated asset objects reloaded before import = 0Number of asset objects unloaded after import = 3

========================================================================
Received Import Request.
  Time since last request: 0.000017 seconds.
  path: Assets/Sprites/Champions/Ezreal/Ezreal_Attack/Ezreal_Attack_0008_Layer-21.png
  artifactKey: Guid(800bae8559867f7438afaffbd01b4ab3) Importer(2089858483,b0f066a214c2f5e87bad3c948f4d605d)
Start importing Assets/Sprites/Champions/Ezreal/Ezreal_Attack/Ezreal_Attack_0008_Layer-21.png using Guid(800bae8559867f7438afaffbd01b4ab3) Importer(2089858483,b0f066a214c2f5e87bad3c948f4d605d) (ScriptedImporter) -> (artifact id: 'c721790a261f19e031085cd1f6a59f8a') in 0.0110546 seconds
Number of updated asset objects reloaded before import = 0Number of asset objects unloaded after import = 3

========================================================================
Received Import Request.
  Time since last request: 0.000019 seconds.
  path: Assets/Sprites/Champions/Ezreal/Ezreal_Run/Ezreal_Run_0009_Layer-18.png
  artifactKey: Guid(890a9d572e400804593f48378aef5214) Importer(2089858483,b0f066a214c2f5e87bad3c948f4d605d)
Start importing Assets/Sprites/Champions/Ezreal/Ezreal_Run/Ezreal_Run_0009_Layer-18.png using Guid(890a9d572e400804593f48378aef5214) Importer(2089858483,b0f066a214c2f5e87bad3c948f4d605d) (ScriptedImporter) -> (artifact id: '49a6e16870668bdf328a6228b38d7993') in 0.0094315 seconds
Number of updated asset objects reloaded before import = 0Number of asset objects unloaded after import = 3

========================================================================
Received Import Request.
  Time since last request: 0.000028 seconds.
  path: Assets/Sprites/Champions/Ezreal/Icon/ezreal_square_0.png
  artifactKey: Guid(0297c0429897cac41b07fd0cac15b5cf) Importer(2089858483,b0f066a214c2f5e87bad3c948f4d605d)
Start importing Assets/Sprites/Champions/Ezreal/Icon/ezreal_square_0.png using Guid(0297c0429897cac41b07fd0cac15b5cf) Importer(2089858483,b0f066a214c2f5e87bad3c948f4d605d) (ScriptedImporter) -> (artifact id: 'f6b6a254ea8ab9bbb146a95477633fa9') in 0.0078974 seconds
Number of updated asset objects reloaded before import = 0Number of asset objects unloaded after import = 3

========================================================================
Received Import Request.
  Time since last request: 0.000018 seconds.
  path: Assets/Sprites/Champions/Lux/Lux_Attack/Lux_Attack_0001_Layer-9.png
  artifactKey: Guid(0de3f321781b8fd4b8b5601719bd30ed) Importer(2089858483,b0f066a214c2f5e87bad3c948f4d605d)
Start importing Assets/Sprites/Champions/Lux/Lux_Attack/Lux_Attack_0001_Layer-9.png using Guid(0de3f321781b8fd4b8b5601719bd30ed) Importer(2089858483,b0f066a214c2f5e87bad3c948f4d605d) (ScriptedImporter) -> (artifact id: '6b5f42c508788f9a4eac4c475265551c') in 0.0094959 seconds
Number of updated asset objects reloaded before import = 0Number of asset objects unloaded after import = 3

========================================================================
Received Import Request.
  Time since last request: 0.000021 seconds.
  path: Assets/Sprites/Champions/Ezreal/Ezreal_Run/Ezreal_Run_0013_Layer-22.png
  artifactKey: Guid(7ea4577bbb718ed4480503cdae30ba32) Importer(2089858483,b0f066a214c2f5e87bad3c948f4d605d)
Start importing Assets/Sprites/Champions/Ezreal/Ezreal_Run/Ezreal_Run_0013_Layer-22.png using Guid(7ea4577bbb718ed4480503cdae30ba32) Importer(2089858483,b0f066a214c2f5e87bad3c948f4d605d) (ScriptedImporter) -> (artifact id: '19d13fa9b3df86ce9e3a7c3257810a3c') in 0.0138627 seconds
Number of updated asset objects reloaded before import = 0Number of asset objects unloaded after import = 3

========================================================================
Received Import Request.
  Time since last request: 0.000020 seconds.
  path: Assets/Sprites/Champions/Ezreal/Ezreal_Run/Ezreal_Run_0012_Layer-21.png
  artifactKey: Guid(e294d4b88d4d7854ca53edf39f1a9e39) Importer(2089858483,b0f066a214c2f5e87bad3c948f4d605d)
Start importing Assets/Sprites/Champions/Ezreal/Ezreal_Run/Ezreal_Run_0012_Layer-21.png using Guid(e294d4b88d4d7854ca53edf39f1a9e39) Importer(2089858483,b0f066a214c2f5e87bad3c948f4d605d) (ScriptedImporter) -> (artifact id: '95b53588035ae2990c250629354fd30f') in 0.0091879 seconds
Number of updated asset objects reloaded before import = 0Number of asset objects unloaded after import = 3

========================================================================
Received Import Request.
  Time since last request: 0.000023 seconds.
  path: Assets/Sprites/Champions/Ezreal/Ezreal_Attack/Ezreal_Attack_0006_Layer-19.png
  artifactKey: Guid(5f32d9d11a31b914ea718a0f3f64a3a1) Importer(2089858483,b0f066a214c2f5e87bad3c948f4d605d)
Start importing Assets/Sprites/Champions/Ezreal/Ezreal_Attack/Ezreal_Attack_0006_Layer-19.png using Guid(5f32d9d11a31b914ea718a0f3f64a3a1) Importer(2089858483,b0f066a214c2f5e87bad3c948f4d605d) (ScriptedImporter) -> (artifact id: 'd29a4c33a48dccea5d4fef75913916ae') in 0.0128004 seconds
Number of updated asset objects reloaded before import = 0Number of asset objects unloaded after import = 3

========================================================================
Received Import Request.
  Time since last request: 0.000037 seconds.
  path: Assets/Settings/Scenes/URP2DSceneTemplate.unity
  artifactKey: Guid(2cda990e2423bbf4892e6590ba056729) Importer(2089858483,b0f066a214c2f5e87bad3c948f4d605d)
Start importing Assets/Settings/Scenes/URP2DSceneTemplate.unity using Guid(2cda990e2423bbf4892e6590ba056729) Importer(2089858483,b0f066a214c2f5e87bad3c948f4d605d) (ScriptedImporter) -> (artifact id: 'd38b11505defafc995e9502474960891') in 0.0035311 seconds
Number of updated asset objects reloaded before import = 0Number of asset objects unloaded after import = 1

========================================================================
Received Import Request.
  Time since last request: 0.000015 seconds.
  path: Assets/Settings/UniversalRP.asset
  artifactKey: Guid(681886c5eb7344803b6206f758bf0b1c) Importer(2089858483,b0f066a214c2f5e87bad3c948f4d605d)
Start importing Assets/Settings/UniversalRP.asset using Guid(681886c5eb7344803b6206f758bf0b1c) Importer(2089858483,b0f066a214c2f5e87bad3c948f4d605d) (ScriptedImporter) -> (artifact id: '77bea3cc275ef45f87d1b0ea8d770f24') in 0.0415837 seconds
Number of updated asset objects reloaded before import = 0Number of asset objects unloaded after import = 1

========================================================================
Received Import Request.
  Time since last request: 0.000014 seconds.
  path: Assets/Sprites/Champions/Ezreal/Ezreal_Idle/Ezreal_Idle_0002_Layer-3.png
  artifactKey: Guid(d0f43ee6d45bcb942aa3022a0e021773) Importer(2089858483,b0f066a214c2f5e87bad3c948f4d605d)
Start importing Assets/Sprites/Champions/Ezreal/Ezreal_Idle/Ezreal_Idle_0002_Layer-3.png using Guid(d0f43ee6d45bcb942aa3022a0e021773) Importer(2089858483,b0f066a214c2f5e87bad3c948f4d605d) (ScriptedImporter) -> (artifact id: '1f161eeda52b3405403b52be025a7a08') in 0.0124206 seconds
Number of updated asset objects reloaded before import = 0Number of asset objects unloaded after import = 3

========================================================================
Received Import Request.
  Time since last request: 0.000015 seconds.
  path: Assets/Sprites/Champions/Lux/Lux_Idle/Lux_Idle_0010_Layer-18.png
  artifactKey: Guid(09a369ff1dfa9cc4fbd4638160c267e2) Importer(2089858483,b0f066a214c2f5e87bad3c948f4d605d)
Start importing Assets/Sprites/Champions/Lux/Lux_Idle/Lux_Idle_0010_Layer-18.png using Guid(09a369ff1dfa9cc4fbd4638160c267e2) Importer(2089858483,b0f066a214c2f5e87bad3c948f4d605d) (ScriptedImporter) -> (artifact id: 'f9214c8b00245ab0f6825e086e4fd6f1') in 0.0154645 seconds
Number of updated asset objects reloaded before import = 0Number of asset objects unloaded after import = 3

========================================================================
Received Import Request.
  Time since last request: 0.000019 seconds.
  path: Assets/Sprites/Champions/Lux/Lux_Idle/Lux_Idle_0001_Layer-9.png
  artifactKey: Guid(2e993e772c06b8048ba917c9c71bf1c3) Importer(2089858483,b0f066a214c2f5e87bad3c948f4d605d)
Start importing Assets/Sprites/Champions/Lux/Lux_Idle/Lux_Idle_0001_Layer-9.png using Guid(2e993e772c06b8048ba917c9c71bf1c3) Importer(2089858483,b0f066a214c2f5e87bad3c948f4d605d) (ScriptedImporter) -> (artifact id: 'e61bdd14828a2a2bcc79ef9a1e6b7fed') in 0.0112397 seconds
Number of updated asset objects reloaded before import = 0Number of asset objects unloaded after import = 3

========================================================================
Received Import Request.
  Time since last request: 0.000023 seconds.
  path: Assets/Sprites/Champions/Lux/Lux_Idle/Lux_Idle_0014_Layer-22.png
  artifactKey: Guid(63f95045aecc77b4a8b548f5bc0ad3d0) Importer(2089858483,b0f066a214c2f5e87bad3c948f4d605d)
Start importing Assets/Sprites/Champions/Lux/Lux_Idle/Lux_Idle_0014_Layer-22.png using Guid(63f95045aecc77b4a8b548f5bc0ad3d0) Importer(2089858483,b0f066a214c2f5e87bad3c948f4d605d) (ScriptedImporter) -> (artifact id: '173d88e548f4efe9e6a1496e3fbc16dd') in 0.0093866 seconds
Number of updated asset objects reloaded before import = 0Number of asset objects unloaded after import = 3

========================================================================
Received Import Request.
  Time since last request: 0.000023 seconds.
  path: Assets/Sprites/Champions/Lux/Lux_Idle/Lux_Idle_0013_Layer-21.png
  artifactKey: Guid(55cb69c093c155549abe702e4953a826) Importer(2089858483,b0f066a214c2f5e87bad3c948f4d605d)
Start importing Assets/Sprites/Champions/Lux/Lux_Idle/Lux_Idle_0013_Layer-21.png using Guid(55cb69c093c155549abe702e4953a826) Importer(2089858483,b0f066a214c2f5e87bad3c948f4d605d) (ScriptedImporter) -> (artifact id: 'c314ab3eab148ef9e1c815eb94cca088') in 0.0105616 seconds
Number of updated asset objects reloaded before import = 0Number of asset objects unloaded after import = 3

========================================================================
Received Import Request.
  Time since last request: 0.000019 seconds.
  path: Assets/Sprites/Champions/Lux/Lux_Idle/Lux_Idle_0002_Layer-10.png
  artifactKey: Guid(a2dc73b207c6ae243839c5e6aae2d064) Importer(2089858483,b0f066a214c2f5e87bad3c948f4d605d)
Start importing Assets/Sprites/Champions/Lux/Lux_Idle/Lux_Idle_0002_Layer-10.png using Guid(a2dc73b207c6ae243839c5e6aae2d064) Importer(2089858483,b0f066a214c2f5e87bad3c948f4d605d) (ScriptedImporter) -> (artifact id: '9514bf0bb7cb46da97aee81b94c86c13') in 0.0091836 seconds
Number of updated asset objects reloaded before import = 0Number of asset objects unloaded after import = 3

========================================================================
Received Import Request.
  Time since last request: 0.000018 seconds.
  path: Assets/Sprites/Champions/Lux/Lux_Run/Lux_Run_0001_Layer-8.png
  artifactKey: Guid(7dfcd67942a0dbe49a148d0ae4ad0f7a) Importer(2089858483,b0f066a214c2f5e87bad3c948f4d605d)
Start importing Assets/Sprites/Champions/Lux/Lux_Run/Lux_Run_0001_Layer-8.png using Guid(7dfcd67942a0dbe49a148d0ae4ad0f7a) Importer(2089858483,b0f066a214c2f5e87bad3c948f4d605d) (ScriptedImporter) -> (artifact id: 'c061d11168f0f8dec494da4b676fd78b') in 0.0095878 seconds
Number of updated asset objects reloaded before import = 0Number of asset objects unloaded after import = 3

========================================================================
Received Import Request.
  Time since last request: 0.000021 seconds.
  path: Assets/Scripts/ItemData.cs
  artifactKey: Guid(269b3bfaaf2dcf94d917227b7f04de69) Importer(2089858483,b0f066a214c2f5e87bad3c948f4d605d)
Start importing Assets/Scripts/ItemData.cs using Guid(269b3bfaaf2dcf94d917227b7f04de69) Importer(2089858483,b0f066a214c2f5e87bad3c948f4d605d) (ScriptedImporter) -> (artifact id: '75ac066e38ca8ccfccd79f168ce4f746') in 0.0035104 seconds
Number of updated asset objects reloaded before import = 0Number of asset objects unloaded after import = 0

========================================================================
Received Import Request.
  Time since last request: 0.000027 seconds.
  path: Assets/Sprites/Champions/Ezreal/Ezreal_Run/Ezreal_Run_0007_Layer-16.png
  artifactKey: Guid(08a26c90752467f44a8c741ba32e7eca) Importer(2089858483,b0f066a214c2f5e87bad3c948f4d605d)
Start importing Assets/Sprites/Champions/Ezreal/Ezreal_Run/Ezreal_Run_0007_Layer-16.png using Guid(08a26c90752467f44a8c741ba32e7eca) Importer(2089858483,b0f066a214c2f5e87bad3c948f4d605d) (ScriptedImporter) -> (artifact id: '6d2f830f1c7d9b51c5082911ee706337') in 0.0117865 seconds
Number of updated asset objects reloaded before import = 0Number of asset objects unloaded after import = 3

========================================================================
Received Import Request.
  Time since last request: 0.000019 seconds.
  path: Assets/Sprites/Champions/Ezreal/Icon/Ezreal_Essence_Flux.png
  artifactKey: Guid(1d860a1b6ebbd7c4bb47cf66956ce47d) Importer(2089858483,b0f066a214c2f5e87bad3c948f4d605d)
Start importing Assets/Sprites/Champions/Ezreal/Icon/Ezreal_Essence_Flux.png using Guid(1d860a1b6ebbd7c4bb47cf66956ce47d) Importer(2089858483,b0f066a214c2f5e87bad3c948f4d605d) (ScriptedImporter) -> (artifact id: '04bdc5f3a59facbb46ce90dbe1c0bdbf') in 0.0097868 seconds
Number of updated asset objects reloaded before import = 0Number of asset objects unloaded after import = 3

========================================================================
Received Import Request.
  Time since last request: 0.000016 seconds.
  path: Assets/Sprites/Champions/Lux/Lux_Run/Lux_Run_0012_Layer-19.png
  artifactKey: Guid(956080ac94110a44c909967dfbfcac9c) Importer(2089858483,b0f066a214c2f5e87bad3c948f4d605d)
Start importing Assets/Sprites/Champions/Lux/Lux_Run/Lux_Run_0012_Layer-19.png using Guid(956080ac94110a44c909967dfbfcac9c) Importer(2089858483,b0f066a214c2f5e87bad3c948f4d605d) (ScriptedImporter) -> (artifact id: 'c38ac546adb537bb915748e1a0a02b73') in 0.0100843 seconds
Number of updated asset objects reloaded before import = 0Number of asset objects unloaded after import = 3

========================================================================
Received Import Request.
  Time since last request: 0.000014 seconds.
  path: Assets/Sprites/Champions/Lux/Lux_Run/Lux_Run_0003_Layer-10.png
  artifactKey: Guid(741e52fa5fd94924bb027f276a095422) Importer(2089858483,b0f066a214c2f5e87bad3c948f4d605d)
Start importing Assets/Sprites/Champions/Lux/Lux_Run/Lux_Run_0003_Layer-10.png using Guid(741e52fa5fd94924bb027f276a095422) Importer(2089858483,b0f066a214c2f5e87bad3c948f4d605d) (ScriptedImporter) -> (artifact id: '4d255245393b78a718b5940123de145d') in 0.0090453 seconds
Number of updated asset objects reloaded before import = 0Number of asset objects unloaded after import = 3

========================================================================
Received Import Request.
  Time since last request: 0.000022 seconds.
  path: Assets/Sprites/Champions/Lux/Lux_Run/Lux_Run_0007_Layer-14.png
  artifactKey: Guid(cbcd660d0d6cf0f439b52fa6c57770ae) Importer(2089858483,b0f066a214c2f5e87bad3c948f4d605d)
Start importing Assets/Sprites/Champions/Lux/Lux_Run/Lux_Run_0007_Layer-14.png using Guid(cbcd660d0d6cf0f439b52fa6c57770ae) Importer(2089858483,b0f066a214c2f5e87bad3c948f4d605d) (ScriptedImporter) -> (artifact id: '447c2d83731d4f456a619bc7762a5c5f') in 0.0094603 seconds
Number of updated asset objects reloaded before import = 0Number of asset objects unloaded after import = 3

========================================================================
Received Import Request.
  Time since last request: 0.000027 seconds.
  path: Assets/Sprites/Champions/Lux/Lux_Run/Lux_Run_0005_Layer-12.png
  artifactKey: Guid(d840ea29964f65c41862242d104bcd46) Importer(2089858483,b0f066a214c2f5e87bad3c948f4d605d)
Start importing Assets/Sprites/Champions/Lux/Lux_Run/Lux_Run_0005_Layer-12.png using Guid(d840ea29964f65c41862242d104bcd46) Importer(2089858483,b0f066a214c2f5e87bad3c948f4d605d) (ScriptedImporter) -> (artifact id: '7a78f1f94a414a9c0c917d5ee050b362') in 0.0121063 seconds
Number of updated asset objects reloaded before import = 0Number of asset objects unloaded after import = 3

========================================================================
Received Import Request.
  Time since last request: 0.000016 seconds.
  path: Assets/Sprites/Champions/Lux/Lux_Attack/Lux_Attack_0015_Layer-23.png
  artifactKey: Guid(82119a28d91a60e49a8ca13752f9c932) Importer(2089858483,b0f066a214c2f5e87bad3c948f4d605d)
Start importing Assets/Sprites/Champions/Lux/Lux_Attack/Lux_Attack_0015_Layer-23.png using Guid(82119a28d91a60e49a8ca13752f9c932) Importer(2089858483,b0f066a214c2f5e87bad3c948f4d605d) (ScriptedImporter) -> (artifact id: 'ef912bf651b19c60e7fa2604a9f43edd') in 0.0095369 seconds
Number of updated asset objects reloaded before import = 0Number of asset objects unloaded after import = 3

========================================================================
Received Import Request.
  Time since last request: 0.000025 seconds.
  path: Assets/Sprites/Champions/Ezreal/Icon/Ezreal_Trueshot_Barrage.png
  artifactKey: Guid(6a14534cad8a57443b70561b84b685a6) Importer(2089858483,b0f066a214c2f5e87bad3c948f4d605d)
Start importing Assets/Sprites/Champions/Ezreal/Icon/Ezreal_Trueshot_Barrage.png using Guid(6a14534cad8a57443b70561b84b685a6) Importer(2089858483,b0f066a214c2f5e87bad3c948f4d605d) (ScriptedImporter) -> (artifact id: '3f3f35eae2329e0968a40f63cec392b8') in 0.0089689 seconds
Number of updated asset objects reloaded before import = 0Number of asset objects unloaded after import = 3

========================================================================
Received Import Request.
  Time since last request: 0.000013 seconds.
  path: Assets/Settings/DefaultVolumeProfile.asset
  artifactKey: Guid(3f9215ea0144899419cfbc0957140d3f) Importer(2089858483,b0f066a214c2f5e87bad3c948f4d605d)
Start importing Assets/Settings/DefaultVolumeProfile.asset using Guid(3f9215ea0144899419cfbc0957140d3f) Importer(2089858483,b0f066a214c2f5e87bad3c948f4d605d) (ScriptedImporter) -> (artifact id: 'bd37ed911e1f6927eeb08badfed9e5b7') in 0.0056536 seconds
Number of updated asset objects reloaded before import = 0Number of asset objects unloaded after import = 0

========================================================================
Received Import Request.
  Time since last request: 0.000018 seconds.
  path: Assets/TextMesh Pro/Shaders/TMP_Sprite.shader
  artifactKey: Guid(cf81c85f95fe47e1a27f6ae460cf182c) Importer(2089858483,b0f066a214c2f5e87bad3c948f4d605d)
Start importing Assets/TextMesh Pro/Shaders/TMP_Sprite.shader using Guid(cf81c85f95fe47e1a27f6ae460cf182c) Importer(2089858483,b0f066a214c2f5e87bad3c948f4d605d) (ScriptedImporter) -> (artifact id: '91b98c956fbfa8fd8ffa6e122c1d8367') in 0.0044066 seconds
Number of updated asset objects reloaded before import = 0Number of asset objects unloaded after import = 1

========================================================================
Received Import Request.
  Time since last request: 0.000022 seconds.
  path: Assets/Animation/Champions/Ezreal/Ezreal_Run.anim
  artifactKey: Guid(c1d395b15500414429d4ab9af586acbc) Importer(2089858483,b0f066a214c2f5e87bad3c948f4d605d)
Start importing Assets/Animation/Champions/Ezreal/Ezreal_Run.anim using Guid(c1d395b15500414429d4ab9af586acbc) Importer(2089858483,b0f066a214c2f5e87bad3c948f4d605d) (ScriptedImporter) -> (artifact id: 'f50adcba5e713dd8454a8d599d29b8b0') in 0.0054326 seconds
Number of updated asset objects reloaded before import = 0Number of asset objects unloaded after import = 1

========================================================================
Received Import Request.
  Time since last request: 0.000017 seconds.
  path: Assets/Animation/Champions/Ezreal/Ezreal_Idle.anim
  artifactKey: Guid(70cfd5335df569045996e1d8feddabd1) Importer(2089858483,b0f066a214c2f5e87bad3c948f4d605d)
Start importing Assets/Animation/Champions/Ezreal/Ezreal_Idle.anim using Guid(70cfd5335df569045996e1d8feddabd1) Importer(2089858483,b0f066a214c2f5e87bad3c948f4d605d) (ScriptedImporter) -> (artifact id: '745d61b94df83241af2e485fdfbe8b6c') in 0.0069986 seconds
Number of updated asset objects reloaded before import = 0Number of asset objects unloaded after import = 1

========================================================================
Received Import Request.
  Time since last request: 0.000016 seconds.
  path: Assets/Sprites/Champions/Ezreal/Ezreal_Attack/Ezreal_Attack_0035_Layer-48.png
  artifactKey: Guid(7fe906ac2aeda5c468e1646a02640215) Importer(2089858483,b0f066a214c2f5e87bad3c948f4d605d)
Start importing Assets/Sprites/Champions/Ezreal/Ezreal_Attack/Ezreal_Attack_0035_Layer-48.png using Guid(7fe906ac2aeda5c468e1646a02640215) Importer(2089858483,b0f066a214c2f5e87bad3c948f4d605d) (ScriptedImporter) -> (artifact id: 'd9aa38d29ef91ecafe3fcab4da617389') in 0.0107131 seconds
Number of updated asset objects reloaded before import = 0Number of asset objects unloaded after import = 3

========================================================================
Received Import Request.
  Time since last request: 0.000016 seconds.
  path: Assets/Sprites/Champions/Ezreal/Ezreal_Attack/Ezreal_Attack_0015_Layer-28.png
  artifactKey: Guid(b552dbf1112351b4196cf79a7fba2f37) Importer(2089858483,b0f066a214c2f5e87bad3c948f4d605d)
Start importing Assets/Sprites/Champions/Ezreal/Ezreal_Attack/Ezreal_Attack_0015_Layer-28.png using Guid(b552dbf1112351b4196cf79a7fba2f37) Importer(2089858483,b0f066a214c2f5e87bad3c948f4d605d) (ScriptedImporter) -> (artifact id: 'f134e1402e80c011ce5de146b6ba042e') in 0.0108958 seconds
Number of updated asset objects reloaded before import = 0Number of asset objects unloaded after import = 3

========================================================================
Received Import Request.
  Time since last request: 0.000025 seconds.
  path: Assets/Prefabs/Object/Ezreal_Q.prefab
  artifactKey: Guid(3b3bfde58d2111844913f165628d2129) Importer(2089858483,b0f066a214c2f5e87bad3c948f4d605d)
Start importing Assets/Prefabs/Object/Ezreal_Q.prefab using Guid(3b3bfde58d2111844913f165628d2129) Importer(2089858483,b0f066a214c2f5e87bad3c948f4d605d) (ScriptedImporter) -> (artifact id: 'e6e91486903f120d757bcdc016953396') in 0.0470659 seconds
Number of updated asset objects reloaded before import = 0Number of asset objects unloaded after import = 10

========================================================================
Received Import Request.
  Time since last request: 0.000027 seconds.
  path: Assets/Input/PlayerInputActions.inputactions
  artifactKey: Guid(cd55c942bffa2874686d4f6220b8edb0) Importer(2089858483,b0f066a214c2f5e87bad3c948f4d605d)
Start importing Assets/Input/PlayerInputActions.inputactions using Guid(cd55c942bffa2874686d4f6220b8edb0) Importer(2089858483,b0f066a214c2f5e87bad3c948f4d605d) (ScriptedImporter)