[Licensing::Module] Trying to connect to existing licensing client channel...
Built from '6000.3/staging' branch; Version is '6000.3.2f1 (a9779f353c9b) revision 11106207'; Using compiler version '194234433'; Build Type 'Release'
OS: 'Windows 11  (10.0.26200) 64bit Professional' Language: 'en' Physical Memory: 15752 MB
[Licensing::IpcConnector] Successfully connected to: "LicenseClient-Tray" at "2026-01-15T06:29:51.6781172Z"
BatchMode: 1, IsHumanControllingUs: 0, StartBugReporterOnCrash: 0, Is64bit: 1
Date: 2026-01-15T06:29:51Z

COMMAND LINE ARGUMENTS:
C:\Program Files\Unity\Hub\Editor\6000.3.2f1\Editor\Unity.exe
-adb2
-batchMode
-noUpm
-name
AssetImportWorker2
-projectPath
C:/Users/Tray/Unity/LOLMirrorMatch
-logFile
Logs/AssetImportWorker2.log
-srvPort
51910
-licensingIpc
LicenseClient-Tray
-job-worker-count
5
-background-job-worker-count
8
-gc-helper-count
1
-name
AssetImport
Successfully changed project path to: C:/Users/Tray/Unity/LOLMirrorMatch
C:/Users/Tray/Unity/LOLMirrorMatch
[UnityMemory] Configuration Parameters - Can be set up in boot.config
    "memorysetup-temp-allocator-size-nav-mesh-worker=65536"
    "memorysetup-temp-allocator-size-audio-worker=65536"
    "memorysetup-temp-allocator-size-gfx=262144"
    "memorysetup-allocator-temp-initial-block-size-main=262144"
    "memorysetup-allocator-temp-initial-block-size-worker=262144"
    "memorysetup-temp-allocator-size-background-worker=32768"
    "memorysetup-temp-allocator-size-job-worker=262144"
    "memorysetup-temp-allocator-size-preload-manager=33554432"
    "memorysetup-temp-allocator-size-gi-baking-worker=262144"
    "memorysetup-temp-allocator-size-gi-baking-worker=262144"
    "memorysetup-temp-allocator-size-gi-baking-worker=262144"
    "memorysetup-temp-allocator-size-gi-baking-worker=262144"
    "memorysetup-temp-allocator-size-gi-baking-worker=262144"
    "memorysetup-bucket-allocator-granularity=16"
    "memorysetup-bucket-allocator-bucket-count=8"
    "memorysetup-bucket-allocator-block-size=33554432"
    "memorysetup-bucket-allocator-block-count=8"
    "memorysetup-main-allocator-block-size=16777216"
    "memorysetup-thread-allocator-block-size=16777216"
    "memorysetup-gfx-main-allocator-block-size=16777216"
    "memorysetup-gfx-thread-allocator-block-size=16777216"
    "memorysetup-cache-allocator-block-size=4194304"
    "memorysetup-typetree-allocator-block-size=2097152"
    "memorysetup-profiler-bucket-allocator-granularity=16"
    "memorysetup-profiler-bucket-allocator-bucket-count=8"
    "memorysetup-profiler-bucket-allocator-block-size=33554432"
    "memorysetup-profiler-bucket-allocator-block-count=8"
    "memorysetup-profiler-allocator-block-size=16777216"
    "memorysetup-profiler-editor-allocator-block-size=1048576"
    "memorysetup-temp-allocator-size-main=16777216"
    "memorysetup-job-temp-allocator-block-size=2097152"
    "memorysetup-job-temp-allocator-block-size-background=1048576"
    "memorysetup-job-temp-allocator-reduction-small-platforms=262144"
    "memorysetup-temp-allocator-size-cloud-worker=32768"
Player connection [15388]  Target information:

Player connection [15388]  * "[IP] 192.168.1.226 [Port] 0 [Flags] 2 [Guid] 564334615 [EditorId] 564334615 [Version] 1048832 [Id] WindowsEditor(7,MSI) [Debug] 1 [PackageName] WindowsEditor [ProjectName] Editor" 

Player connection [15388] Host joined multi-casting on [225.0.0.222:54997]...
Player connection [15388] Host joined alternative multi-casting on [225.0.0.222:34997]...
JobSystem: Creating JobQueue using job-worker-count value 5
Input System module state changed to: Initialized.
[Physics::Module] Initialized fallback backend.
[Physics::Module] Id: 0xdecafbad
Library Redirect Path: Library/
[Physics::Module] Selected backend.
[Physics::Module] Name: PhysX
[Physics::Module] Id: 0xf2b8ea05
[Physics::Module] SDK Version: 4.1.2
[Physics::Module] Integration Version: 1.0.0
[Physics::Module] Threading Mode: Multi-Threaded
Refreshing native plugins compatible for Editor in 13.99 ms, found 5 plugins.
Preloading 1 native plugins for Editor in 1.49 ms.
Initialize engine version: 6000.3.2f1 (a9779f353c9b)
[Subsystems] Discovering subsystems at path C:/Program Files/Unity/Hub/Editor/6000.3.2f1/Editor/Data/Resources/UnitySubsystems
[Subsystems] Discovering subsystems at path C:/Users/Tray/Unity/LOLMirrorMatch/Assets
GfxDevice: creating device client; kGfxThreadingModeNonThreaded
Direct3D:
    Version:  Direct3D 11.0 [level 11.1]
    Renderer: Radeon RX 5500M (ID=0x7340)
    Vendor:   ATI
    VRAM:     4055 MB
    Driver:   32.0.11038.8002
Initialize mono
Mono path[0] = 'C:/Program Files/Unity/Hub/Editor/6000.3.2f1/Editor/Data/Managed'
Mono path[1] = 'C:/Program Files/Unity/Hub/Editor/6000.3.2f1/Editor/Data/MonoBleedingEdge/lib/mono/unityjit-win32'
Mono config path = 'C:/Program Files/Unity/Hub/Editor/6000.3.2f1/Editor/Data/MonoBleedingEdge/etc'
Using monoOptions --debugger-agent=transport=dt_socket,embedding=1,server=y,suspend=n,address=127.0.0.1:56932
Begin MonoManager ReloadAssembly
Registering precompiled unity dll's ...
Register platform support module: C:/Program Files/Unity/Hub/Editor/6000.3.2f1/Editor/Data/PlaybackEngines/WebGLSupport/UnityEditor.WebGL.Extensions.dll
Register platform support module: C:/Program Files/Unity/Hub/Editor/6000.3.2f1/Editor/Data/PlaybackEngines/WindowsStandaloneSupport/UnityEditor.WindowsStandalone.Extensions.dll
[Licensing::Module] Licensing is not yet initialized.
[Licensing::Client] Handshaking with LicensingClient:
  Version:                 1.17.4+4293ba1
  Session Id:              9211c7274005400dbe8843dbf317cb2d
  Correlation Id:          7960d505467c558d691ce346e1b87298
  External correlation Id: 8291052238534107556
  Machine Id:              MUO+ykhDnXWC5hgtd5lZAnH3Mwk=
[Licensing::Module] Successfully connected to LicensingClient on channel: "LicenseClient-Tray" (connect: 0.00s, validation: 0.00s, handshake: 2.46s)
[Licensing::IpcConnector] Successfully connected to: "LicenseClient-Tray-notifications" at "2026-01-15T06:29:54.1382235Z"
[Licensing::Module] Licensing Background thread has ended after 2.46s
[Licensing::Module] Licensing is initialized (took 1.39s).
[Licensing::Client] Successfully resolved entitlement details
[Licensing::Module] License group:
  Id: 18968360639405-UnityPersXXXX
  Product: Unity Personal
  Type: Assigned
  Expiration: Unlimited
Register platform support module: C:/Program Files/Unity/Hub/Editor/6000.3.2f1/Editor/Data/PlaybackEngines/AndroidPlayer/UnityEditor.Android.Extensions.dll
Registered in 1.400095 seconds.
- Loaded All Assemblies, in  1.916 seconds
Native extension for Android target not found
Android Extension - Scanning For ADB Devices 257 ms
Native extension for WindowsStandalone target not found
Native extension for WebGL target not found
Mono: successfully reloaded assembly
- Finished resetting the current domain, in  0.793 seconds
Domain Reload Profiling: 2704ms
	BeginReloadAssembly (147ms)
		ExecutionOrderSort (0ms)
		DisableScriptedObjects (0ms)
		BackupInstance (0ms)
		ReleaseScriptingObjects (0ms)
		CreateAndSetChildDomain (1ms)
	RebuildCommonClasses (65ms)
	RebuildNativeTypeToScriptingClass (17ms)
	initialDomainReloadingComplete (1469ms)
	LoadAllAssembliesAndSetupDomain (214ms)
		LoadAssemblies (143ms)
		RebuildTransferFunctionScriptingTraits (0ms)
		AnalyzeDomain (209ms)
			TypeCache.Refresh (207ms)
				TypeCache.ScanAssembly (192ms)
			BuildScriptInfoCaches (0ms)
			ResolveRequiredComponents (0ms)
	FinalizeReload (793ms)
		ReleaseScriptCaches (0ms)
		RebuildScriptCaches (0ms)
		SetupLoadedEditorAssemblies (734ms)
			LogAssemblyErrors (0ms)
			InitializePlatformSupportModulesInManaged (361ms)
			SetLoadedEditorAssemblies (5ms)
			BeforeProcessingInitializeOnLoad (105ms)
			ProcessInitializeOnLoadAttributes (179ms)
			ProcessInitializeOnLoadMethodAttributes (84ms)
			AfterProcessingInitializeOnLoad (0ms)
			EditorAssembliesLoaded (0ms)
		ExecutionOrderSort2 (0ms)
		AwakeInstancesAfterBackupRestoration (0ms)
Assembly reference Packages/com.unity.cinemachine/Editor/Samples/ExposeHDRPInternals/HDRP-Editor-ref.asmref has no target assembly definition
========================================================================
Worker process is ready to serve import requests
Import Worker Mode flag is 0x00
Assembly reference Packages/com.unity.cinemachine/Editor/Samples/ExposeHDRPInternals/HDRP-Editor-ref.asmref has no target assembly definition
Assembly reference Packages/com.unity.cinemachine/Editor/Samples/ExposeHDRPInternals/HDRP-Editor-ref.asmref has no target assembly definition
Begin MonoManager ReloadAssembly
[Licensing::Client] Successfully resolved entitlement details
Duplicate assembly 'System.Runtime.CompilerServices.Unsafe.dll' with different versions detected, using 'Packages/com.unity.collections/Unity.Collections.Tests/System.Runtime.CompilerServices.Unsafe/System.Runtime.CompilerServices.Unsafe.dll, AssemblyName=System.Runtime.CompilerServices.Unsafe, Version=6.0.0.0, Culture=neutral, PublicKeyToken=b03f5f7f11d50a3a' and ignoring 'Packages/com.unity.ai.assistant/Plugins/Markdig/Dependencies/System.Runtime.CompilerServices.Unsafe.dll, AssemblyName=System.Runtime.CompilerServices.Unsafe, Version=4.0.6.0, Culture=neutral, PublicKeyToken=b03f5f7f11d50a3a'.Symbol file LoadedFromMemory is not a mono symbol file
Symbol file LoadedFromMemory is not a mono symbol file
- Loaded All Assemblies, in  1.413 seconds
Assembly reference Packages/com.unity.cinemachine/Editor/Samples/ExposeHDRPInternals/HDRP-Editor-ref.asmref has no target assembly definition
'Packages/com.unity.cinemachine/Editor/Obsolete/CinemachineVirtualCameraBaseEditor.cs' contains partial class of Unity.Object, exactly 1 of the partial classes needs to be in a file with the same filename. This is to know the one that can be referenced from ie. GameObjects
'Packages/com.unity.cinemachine/Editor/Editors/CinemachineVirtualCameraBaseEditor.cs' contains partial class of Unity.Object, exactly 1 of the partial classes needs to be in a file with the same filename. This is to know the one that can be referenced from ie. GameObjects
Refreshing native plugins compatible for Editor in 15.55 ms, found 5 plugins.
Native extension for Android target not found
Native extension for WindowsStandalone target not found
Native extension for WebGL target not found
Assembly reference Packages/com.unity.cinemachine/Editor/Samples/ExposeHDRPInternals/HDRP-Editor-ref.asmref has no target assembly definition
Package Manager log level set to [2]
[Package Manager] Failed to launch server process. Reason: Unity was launched with the -noUpm command-line argument
[Package Manager] Unable to send message (not connected to server process).
[Package Manager] Cannot connect to Unity Package Manager local server
Refreshing native plugins compatible for Editor in 11.37 ms, found 5 plugins.
[Package Manager] Failed to launch server process. Reason: Unity was launched with the -noUpm command-line argument
[Package Manager] Unable to send message (not connected to server process).
[Package Manager] Cannot connect to Unity Package Manager local server
[Package Manager] Failed to launch server process. Reason: Unity was launched with the -noUpm command-line argument
[Package Manager] Unable to send message (not connected to server process).
[Package Manager] Cannot connect to Unity Package Manager local server
Mono: successfully reloaded assembly
- Finished resetting the current domain, in  1.346 seconds
Domain Reload Profiling: 2747ms
	BeginReloadAssembly (174ms)
		ExecutionOrderSort (0ms)
		DisableScriptedObjects (6ms)
		BackupInstance (0ms)
		ReleaseScriptingObjects (0ms)
		CreateAndSetChildDomain (40ms)
	RebuildCommonClasses (42ms)
	RebuildNativeTypeToScriptingClass (13ms)
	initialDomainReloadingComplete (40ms)
	LoadAllAssembliesAndSetupDomain (1132ms)
		LoadAssemblies (634ms)
		RebuildTransferFunctionScriptingTraits (0ms)
		AnalyzeDomain (579ms)
			TypeCache.Refresh (433ms)
				TypeCache.ScanAssembly (407ms)
			BuildScriptInfoCaches (124ms)
			ResolveRequiredComponents (16ms)
	FinalizeReload (1346ms)
		ReleaseScriptCaches (0ms)
		RebuildScriptCaches (0ms)
		SetupLoadedEditorAssemblies (1165ms)
			LogAssemblyErrors (0ms)
			InitializePlatformSupportModulesInManaged (12ms)
			SetLoadedEditorAssemblies (7ms)
			BeforeProcessingInitializeOnLoad (301ms)
			ProcessInitializeOnLoadAttributes (522ms)
			ProcessInitializeOnLoadMethodAttributes (313ms)
			AfterProcessingInitializeOnLoad (9ms)
			EditorAssembliesLoaded (0ms)
		ExecutionOrderSort2 (0ms)
		AwakeInstancesAfterBackupRestoration (7ms)
Launched and connected shader compiler UnityShaderCompiler.exe after 0.01 seconds
Refreshing native plugins compatible for Editor in 10.84 ms, found 5 plugins.
Preloading 1 native plugins for Editor in 0.10 ms.
Unloading 59 Unused Serialized files (Serialized files now loaded: 0)
Unloading 11037 unused Assets / (20.3 MB). Loaded Objects now: 11860.
Memory consumption went from 223.9 MB to 203.6 MB.
Total: 25.593800 ms (FindLiveObjects: 1.328400 ms CreateObjectMapping: 2.570600 ms MarkObjects: 12.423700 ms  DeleteObjects: 9.269000 ms)

========================================================================
Received Import Request.
  Time since last request: 18344.814935 seconds.
  path: Assets/Scripts/HealthBar.cs
  artifactKey: Guid(3ad270894cd54a449bd020a69e72b9da) Importer(2089858483,b0f066a214c2f5e87bad3c948f4d605d)
Start importing Assets/Scripts/HealthBar.cs using Guid(3ad270894cd54a449bd020a69e72b9da) Importer(2089858483,b0f066a214c2f5e87bad3c948f4d605d) (ScriptedImporter) -> (artifact id: '2ad19045eef87822a3fd2d072fd53c12') in 0.103929 seconds
Number of updated asset objects reloaded before import = 0Number of asset objects unloaded after import = 0

========================================================================
Received Import Request.
  Time since last request: 0.000022 seconds.
  path: Assets/TextMesh Pro/Fonts/LiberationSans.ttf
  artifactKey: Guid(e3265ab4bf004d28a9537516768c1c75) Importer(2089858483,b0f066a214c2f5e87bad3c948f4d605d)
Start importing Assets/TextMesh Pro/Fonts/LiberationSans.ttf using Guid(e3265ab4bf004d28a9537516768c1c75) Importer(2089858483,b0f066a214c2f5e87bad3c948f4d605d) (ScriptedImporter) -> (artifact id: 'c38280b2b385ec0bb0f4f22fe821ced8') in 0.0333057 seconds
Number of updated asset objects reloaded before import = 0Number of asset objects unloaded after import = 3

========================================================================
Received Import Request.
  Time since last request: 0.000023 seconds.
  path: Assets/TextMesh Pro/Shaders/TMP_SDF-Surface.shader
  artifactKey: Guid(f7ada0af4f174f0694ca6a487b8f543d) Importer(2089858483,b0f066a214c2f5e87bad3c948f4d605d)
Start importing Assets/TextMesh Pro/Shaders/TMP_SDF-Surface.shader using Guid(f7ada0af4f174f0694ca6a487b8f543d) Importer(2089858483,b0f066a214c2f5e87bad3c948f4d605d) (ScriptedImporter) -> (artifact id: 'fab04b380cfe08fc4cd46b514a834c57') in 0.0108851 seconds
Number of updated asset objects reloaded before import = 0Number of asset objects unloaded after import = 1

========================================================================
Received Import Request.
  Time since last request: 0.000029 seconds.
  path: Assets/Sprites/Champions/Ezreal/Ezreal/ezreal_base_ba_mis.png
  artifactKey: Guid(46af32367938e8343869932e0f9a2c24) Importer(2089858483,b0f066a214c2f5e87bad3c948f4d605d)
Start importing Assets/Sprites/Champions/Ezreal/Ezreal/ezreal_base_ba_mis.png using Guid(46af32367938e8343869932e0f9a2c24) Importer(2089858483,b0f066a214c2f5e87bad3c948f4d605d) (ScriptedImporter) -> (artifact id: '939c45d40e77ef55d08e6b767df6b67c') in 0.0505125 seconds
Number of updated asset objects reloaded before import = 0Number of asset objects unloaded after import = 4

========================================================================
Received Import Request.
  Time since last request: 0.000015 seconds.
  path: Assets/Scripts/EnemyController.cs
  artifactKey: Guid(4c89051bab6b46446807318d2466466f) Importer(2089858483,b0f066a214c2f5e87bad3c948f4d605d)
Start importing Assets/Scripts/EnemyController.cs using Guid(4c89051bab6b46446807318d2466466f) Importer(2089858483,b0f066a214c2f5e87bad3c948f4d605d) (ScriptedImporter) -> (artifact id: 'bc7dfdb1fce8770e4fa84008927c532b') in 0.0035534 seconds
Number of updated asset objects reloaded before import = 0Number of asset objects unloaded after import = 0

========================================================================
Received Import Request.
  Time since last request: 0.000015 seconds.
  path: Assets/Sprites/Champions/Ezreal/Ezreal_Attack/Ezreal_Attack_0001_Layer-14.png
  artifactKey: Guid(2394543439ee34841b74db206a30dd2a) Importer(2089858483,b0f066a214c2f5e87bad3c948f4d605d)
Start importing Assets/Sprites/Champions/Ezreal/Ezreal_Attack/Ezreal_Attack_0001_Layer-14.png using Guid(2394543439ee34841b74db206a30dd2a) Importer(2089858483,b0f066a214c2f5e87bad3c948f4d605d) (ScriptedImporter) -> (artifact id: 'eb2f6d8af228be2b1ff4573cfb774d78') in 0.0099088 seconds
Number of updated asset objects reloaded before import = 0Number of asset objects unloaded after import = 3

========================================================================
Received Import Request.
  Time since last request: 0.000021 seconds.
  path: Assets/Animation/Champions/Ezreal/Ezreal_Attack.anim
  artifactKey: Guid(b46596b4315ade542a87f037bbd4b02d) Importer(2089858483,b0f066a214c2f5e87bad3c948f4d605d)
Start importing Assets/Animation/Champions/Ezreal/Ezreal_Attack.anim using Guid(b46596b4315ade542a87f037bbd4b02d) Importer(2089858483,b0f066a214c2f5e87bad3c948f4d605d) (ScriptedImporter) -> (artifact id: '63a486d95cc4ef6a8d4ab61c0d31d70b') in 0.018671 seconds
Number of updated asset objects reloaded before import = 0Number of asset objects unloaded after import = 1

========================================================================
Received Import Request.
  Time since last request: 0.000018 seconds.
  path: Assets/Scripts/IndicatorController.cs
  artifactKey: Guid(64aa25084b3e65b4abbc54ea8e84850a) Importer(2089858483,b0f066a214c2f5e87bad3c948f4d605d)
Start importing Assets/Scripts/IndicatorController.cs using Guid(64aa25084b3e65b4abbc54ea8e84850a) Importer(2089858483,b0f066a214c2f5e87bad3c948f4d605d) (ScriptedImporter) -> (artifact id: '1a1bcca716b4496da259ca5e16412368') in 0.0036468 seconds
Number of updated asset objects reloaded before import = 0Number of asset objects unloaded after import = 0

========================================================================
Received Import Request.
  Time since last request: 0.000029 seconds.
  path: Assets/Scripts/ILevelProvider.cs
  artifactKey: Guid(5b30906644606d24a98dc006ae4a92c2) Importer(2089858483,b0f066a214c2f5e87bad3c948f4d605d)
Start importing Assets/Scripts/ILevelProvider.cs using Guid(5b30906644606d24a98dc006ae4a92c2) Importer(2089858483,b0f066a214c2f5e87bad3c948f4d605d) (ScriptedImporter) -> (artifact id: '8961be4ec964aa62e64a724759894a8e') in 0.0036563 seconds
Number of updated asset objects reloaded before import = 0Number of asset objects unloaded after import = 0

========================================================================
Received Import Request.
  Time since last request: 0.000019 seconds.
  path: Assets/TextMesh Pro/Shaders/TMPro_Properties.cginc
  artifactKey: Guid(3997e2241185407d80309a82f9148466) Importer(2089858483,b0f066a214c2f5e87bad3c948f4d605d)
Start importing Assets/TextMesh Pro/Shaders/TMPro_Properties.cginc using Guid(3997e2241185407d80309a82f9148466) Importer(2089858483,b0f066a214c2f5e87bad3c948f4d605d) (ScriptedImporter) -> (artifact id: 'feda748aac5133e320b8864429be3f97') in 0.003833 seconds
Number of updated asset objects reloaded before import = 0Number of asset objects unloaded after import = 1

========================================================================
Received Import Request.
  Time since last request: 0.000016 seconds.
  path: Assets/TextMesh Pro/Shaders/TMP_SDF-Mobile Overlay.shader
  artifactKey: Guid(a02a7d8c237544f1962732b55a9aebf1) Importer(2089858483,b0f066a214c2f5e87bad3c948f4d605d)
Start importing Assets/TextMesh Pro/Shaders/TMP_SDF-Mobile Overlay.shader using Guid(a02a7d8c237544f1962732b55a9aebf1) Importer(2089858483,b0f066a214c2f5e87bad3c948f4d605d) (ScriptedImporter) -> (artifact id: '07ac7742ea1c4f32675ba2ce8d1b3feb') in 0.0043084 seconds
Number of updated asset objects reloaded before import = 0Number of asset objects unloaded after import = 1

========================================================================
Received Import Request.
  Time since last request: 0.000015 seconds.
  path: Assets/TextMesh Pro/Shaders/TMP_Bitmap-Custom-Atlas.shader
  artifactKey: Guid(48bb5f55d8670e349b6e614913f9d910) Importer(2089858483,b0f066a214c2f5e87bad3c948f4d605d)
Start importing Assets/TextMesh Pro/Shaders/TMP_Bitmap-Custom-Atlas.shader using Guid(48bb5f55d8670e349b6e614913f9d910) Importer(2089858483,b0f066a214c2f5e87bad3c948f4d605d) (ScriptedImporter) -> (artifact id: '34d75e512aa66798b53ffc36831026c0') in 0.0045531 seconds
Number of updated asset objects reloaded before import = 0Number of asset objects unloaded after import = 1

========================================================================
Received Import Request.
  Time since last request: 0.000013 seconds.
  path: Assets/Scripts/SkillData.cs
  artifactKey: Guid(923c69f5b4207d94b99c86400f3597cd) Importer(2089858483,b0f066a214c2f5e87bad3c948f4d605d)
Start importing Assets/Scripts/SkillData.cs using Guid(923c69f5b4207d94b99c86400f3597cd) Importer(2089858483,b0f066a214c2f5e87bad3c948f4d605d) (ScriptedImporter) -> (artifact id: '901903d449e0edbc43b6417bd0a13a31') in 0.0039707 seconds
Number of updated asset objects reloaded before import = 0Number of asset objects unloaded after import = 0

========================================================================
Received Import Request.
  Time since last request: 0.000017 seconds.
  path: Assets/TextMesh Pro/Resources/LineBreaking Leading Characters.txt
  artifactKey: Guid(d82c1b31c7e74239bff1220585707d2b) Importer(2089858483,b0f066a214c2f5e87bad3c948f4d605d)
Start importing Assets/TextMesh Pro/Resources/LineBreaking Leading Characters.txt using Guid(d82c1b31c7e74239bff1220585707d2b) Importer(2089858483,b0f066a214c2f5e87bad3c948f4d605d) (ScriptedImporter) -> (artifact id: 'a4c3f5206f4d47bfe60e99dd32278da0') in 0.003814 seconds
Number of updated asset objects reloaded before import = 0Number of asset objects unloaded after import = 1

========================================================================
Received Import Request.
  Time since last request: 0.000023 seconds.
  path: Assets/Input/PlayerInputActions.inputactions
  artifactKey: Guid(cd55c942bffa2874686d4f6220b8edb0) Importer(815301076,1909f56bfc062723c751e8b465ee728b)
Start importing Assets/Input/PlayerInputActions.inputactions using Guid(cd55c942bffa2874686d4f6220b8edb0) Importer(815301076,1909f56bfc062723c751e8b465ee728b) (PreviewImporter) -> (artifact id: 'bbd9cf2768d1a1d3d46c5be8ef9ac4e6') in 0.0180903 seconds
Number of updated asset objects reloaded before import = 0Number of asset objects unloaded after import = 3

========================================================================
Received Import Request.
  Time since last request: 0.000016 seconds.
  path: Assets/Sprites/Game/CooldownOverlay.png
  artifactKey: Guid(cc76c87d4557f6c4a8f5134e8b807dfc) Importer(2089858483,b0f066a214c2f5e87bad3c948f4d605d)
Start importing Assets/Sprites/Game/CooldownOverlay.png using Guid(cc76c87d4557f6c4a8f5134e8b807dfc) Importer(2089858483,b0f066a214c2f5e87bad3c948f4d605d) (ScriptedImporter) -> (artifact id: 'bb3d1b33011827ec9e4d8ac673478ca5') in 0.0078311 seconds
Number of updated asset objects reloaded before import = 0Number of asset objects unloaded after import = 3

========================================================================
Received Import Request.
  Time since last request: 0.000015 seconds.
  path: Assets/Prefabs/HealthBar/EnemyHealthBarPrefab.prefab
  artifactKey: Guid(df4f01978c370214f9f8ef6f9c1e8cdf) Importer(2089858483,b0f066a214c2f5e87bad3c948f4d605d)
Start importing Assets/Prefabs/HealthBar/EnemyHealthBarPrefab.prefab using Guid(df4f01978c370214f9f8ef6f9c1e8cdf) Importer(2089858483,b0f066a214c2f5e87bad3c948f4d605d) (ScriptedImporter) -> (artifact id: '626452c500a984e826e8ad0720b2841b') in 0.0584525 seconds
Number of updated asset objects reloaded before import = 0Number of asset objects unloaded after import = 46

========================================================================
Received Import Request.
  Time since last request: 0.000015 seconds.
  path: Assets/Settings/UniversalRenderPipelineGlobalSettings.asset
  artifactKey: Guid(93b439a37f63240aca3dd4e01d978a9f) Importer(2089858483,b0f066a214c2f5e87bad3c948f4d605d)
Start importing Assets/Settings/UniversalRenderPipelineGlobalSettings.asset using Guid(93b439a37f63240aca3dd4e01d978a9f) Importer(2089858483,b0f066a214c2f5e87bad3c948f4d605d) (ScriptedImporter) -> (artifact id: 'b70d30b7b1a95e4a9bc3f68c6672893b') in 0.0857595 seconds
Number of updated asset objects reloaded before import = 0Number of asset objects unloaded after import = 0

========================================================================
Received Import Request.
  Time since last request: 0.000020 seconds.
  path: Assets/_Recovery/0.unity
  artifactKey: Guid(9545b60ba9276364cb011cb46f419098) Importer(2089858483,b0f066a214c2f5e87bad3c948f4d605d)
Start importing Assets/_Recovery/0.unity using Guid(9545b60ba9276364cb011cb46f419098) Importer(2089858483,b0f066a214c2f5e87bad3c948f4d605d) (ScriptedImporter) -> (artifact id: '9053e014eb6f3027d02d06a502f0f53a') in 0.0059006 seconds
Number of updated asset objects reloaded before import = 0Number of asset objects unloaded after import = 1

========================================================================
Received Import Request.
  Time since last request: 0.000031 seconds.
  path: Assets/Sprites/Champions/Ezreal/Ezreal_Attack/Ezreal_Attack_0032_Layer-45.png
  artifactKey: Guid(700d08945a73e0846893680e7690273c) Importer(2089858483,b0f066a214c2f5e87bad3c948f4d605d)
Start importing Assets/Sprites/Champions/Ezreal/Ezreal_Attack/Ezreal_Attack_0032_Layer-45.png using Guid(700d08945a73e0846893680e7690273c) Importer(2089858483,b0f066a214c2f5e87bad3c948f4d605d) (ScriptedImporter) -> (artifact id: 'f265473ae5e78844c4192d672bb74df8') in 0.0092846 seconds
Number of updated asset objects reloaded before import = 0Number of asset objects unloaded after import = 3

========================================================================
Received Import Request.
  Time since last request: 0.000017 seconds.
  path: Assets/Sprites/Champions/Ezreal/Ezreal_Idle/Ezreal_Idle_0000_Layer-1.png
  artifactKey: Guid(eb1e11ff9db0b4c4b9ba8d77993e45be) Importer(2089858483,b0f066a214c2f5e87bad3c948f4d605d)
Start importing Assets/Sprites/Champions/Ezreal/Ezreal_Idle/Ezreal_Idle_0000_Layer-1.png using Guid(eb1e11ff9db0b4c4b9ba8d77993e45be) Importer(2089858483,b0f066a214c2f5e87bad3c948f4d605d) (ScriptedImporter) -> (artifact id: 'f2e811279bdb9b8213f56765df390712') in 0.0103141 seconds
Number of updated asset objects reloaded before import = 0Number of asset objects unloaded after import = 3

========================================================================
Received Import Request.
  Time since last request: 0.000024 seconds.
  path: Assets/Sprites/Champions/Ezreal/Ezreal_Attack/Ezreal_Attack_0027_Layer-40.png
  artifactKey: Guid(450a2526f3e264d4287f4ea9cf4eba4c) Importer(2089858483,b0f066a214c2f5e87bad3c948f4d605d)
Start importing Assets/Sprites/Champions/Ezreal/Ezreal_Attack/Ezreal_Attack_0027_Layer-40.png using Guid(450a2526f3e264d4287f4ea9cf4eba4c) Importer(2089858483,b0f066a214c2f5e87bad3c948f4d605d) (ScriptedImporter) -> (artifact id: 'a91ba55ae04162e0da0c2181f466fb84') in 0.0086361 seconds
Number of updated asset objects reloaded before import = 0Number of asset objects unloaded after import = 3

========================================================================
Received Import Request.
  Time since last request: 0.000019 seconds.
  path: Assets/Sprites/Champions/Ezreal/Ezreal_Attack/Ezreal_Attack_0029_Layer-42.png
  artifactKey: Guid(629181a267b6cbd4eb419fa997c38998) Importer(2089858483,b0f066a214c2f5e87bad3c948f4d605d)
Start importing Assets/Sprites/Champions/Ezreal/Ezreal_Attack/Ezreal_Attack_0029_Layer-42.png using Guid(629181a267b6cbd4eb419fa997c38998) Importer(2089858483,b0f066a214c2f5e87bad3c948f4d605d) (ScriptedImporter) -> (artifact id: 'b1263a774112acf4e8f879795c0e1b12') in 0.0098546 seconds
Number of updated asset objects reloaded before import = 0Number of asset objects unloaded after import = 3

========================================================================
Received Import Request.
  Time since last request: 0.000019 seconds.
  path: Assets/Sprites/Champions/Ezreal/Ezreal_Idle/Ezreal_Idle_0008_Layer-14.png
  artifactKey: Guid(e98fc5bd6e0e76d45b6df30f35242e97) Importer(2089858483,b0f066a214c2f5e87bad3c948f4d605d)
Start importing Assets/Sprites/Champions/Ezreal/Ezreal_Idle/Ezreal_Idle_0008_Layer-14.png using Guid(e98fc5bd6e0e76d45b6df30f35242e97) Importer(2089858483,b0f066a214c2f5e87bad3c948f4d605d) (ScriptedImporter) -> (artifact id: '2f23c15c6338b6ce6b5fb0947baf599a') in 0.008336 seconds
Number of updated asset objects reloaded before import = 0Number of asset objects unloaded after import = 3

========================================================================
Received Import Request.
  Time since last request: 0.000030 seconds.
  path: Assets/Sprites/Champions/Ezreal/Ezreal_Attack/Ezreal_Attack_0037_Layer-50.png
  artifactKey: Guid(10634abf8aa08fb438a5235c1e3cd48f) Importer(2089858483,b0f066a214c2f5e87bad3c948f4d605d)
Start importing Assets/Sprites/Champions/Ezreal/Ezreal_Attack/Ezreal_Attack_0037_Layer-50.png using Guid(10634abf8aa08fb438a5235c1e3cd48f) Importer(2089858483,b0f066a214c2f5e87bad3c948f4d605d) (ScriptedImporter) -> (artifact id: 'f498c0107f48816688b81e557a09e028') in 0.0096539 seconds
Number of updated asset objects reloaded before import = 0Number of asset objects unloaded after import = 3

========================================================================
Received Import Request.
  Time since last request: 0.000021 seconds.
  path: Assets/Sprites/Champions/Ezreal/Ezreal_Attack/Ezreal_Attack_0007_Layer-20.png
  artifactKey: Guid(8546269a80bc2d9499e1635041cb17d5) Importer(2089858483,b0f066a214c2f5e87bad3c948f4d605d)
Start importing Assets/Sprites/Champions/Ezreal/Ezreal_Attack/Ezreal_Attack_0007_Layer-20.png using Guid(8546269a80bc2d9499e1635041cb17d5) Importer(2089858483,b0f066a214c2f5e87bad3c948f4d605d) (ScriptedImporter) -> (artifact id: 'ba01abacb624992abb63464433c18371') in 0.0087979 seconds
Number of updated asset objects reloaded before import = 0Number of asset objects unloaded after import = 3

========================================================================
Received Import Request.
  Time since last request: 0.000020 seconds.
  path: Assets/Sprites/Champions/Ezreal/Ezreal_Attack/Ezreal_Attack_0025_Layer-38.png
  artifactKey: Guid(7f10d2f5b1a94014896873b6727d9984) Importer(2089858483,b0f066a214c2f5e87bad3c948f4d605d)
Start importing Assets/Sprites/Champions/Ezreal/Ezreal_Attack/Ezreal_Attack_0025_Layer-38.png using Guid(7f10d2f5b1a94014896873b6727d9984) Importer(2089858483,b0f066a214c2f5e87bad3c948f4d605d) (ScriptedImporter) -> (artifact id: 'c2b5aa84ebfacbba5e10ae79e56bc0d8') in 0.0121662 seconds
Number of updated asset objects reloaded before import = 0Number of asset objects unloaded after import = 3

========================================================================
Received Import Request.
  Time since last request: 0.000018 seconds.
  path: Assets/Sprites/Champions/Ezreal/Ezreal_Attack/Ezreal_Attack_0004_Layer-17.png
  artifactKey: Guid(0309fdf1d5bf552449531d82782a569d) Importer(2089858483,b0f066a214c2f5e87bad3c948f4d605d)
Start importing Assets/Sprites/Champions/Ezreal/Ezreal_Attack/Ezreal_Attack_0004_Layer-17.png using Guid(0309fdf1d5bf552449531d82782a569d) Importer(2089858483,b0f066a214c2f5e87bad3c948f4d605d) (ScriptedImporter) -> (artifact id: 'f63f2d7c341a66592c522bdb848f2fd3') in 0.0089983 seconds
Number of updated asset objects reloaded before import = 0Number of asset objects unloaded after import = 3

========================================================================
Received Import Request.
  Time since last request: 0.000025 seconds.
  path: Assets/Sprites/Champions/Ezreal/Ezreal_Attack/Ezreal_Attack_0041_Layer-54.png
  artifactKey: Guid(41fd09e25a1f52b469000d9ad2caf8bf) Importer(2089858483,b0f066a214c2f5e87bad3c948f4d605d)
Start importing Assets/Sprites/Champions/Ezreal/Ezreal_Attack/Ezreal_Attack_0041_Layer-54.png using Guid(41fd09e25a1f52b469000d9ad2caf8bf) Importer(2089858483,b0f066a214c2f5e87bad3c948f4d605d) (ScriptedImporter) -> (artifact id: 'abe6a4ec5c9922beecf655226855bf57') in 0.0086952 seconds
Number of updated asset objects reloaded before import = 0Number of asset objects unloaded after import = 3

========================================================================
Received Import Request.
  Time since last request: 0.000027 seconds.
  path: Assets/Sprites/Champions/Ezreal/Ezreal_Idle/Ezreal_Idle_0023_Layer-29.png
  artifactKey: Guid(ceed0ed2695c77940b06c04eef26cdf2) Importer(2089858483,b0f066a214c2f5e87bad3c948f4d605d)
Start importing Assets/Sprites/Champions/Ezreal/Ezreal_Idle/Ezreal_Idle_0023_Layer-29.png using Guid(ceed0ed2695c77940b06c04eef26cdf2) Importer(2089858483,b0f066a214c2f5e87bad3c948f4d605d) (ScriptedImporter) -> (artifact id: 'eb3ed0f58e3cc0e40dfb6da735a9ac9c') in 0.0097381 seconds
Number of updated asset objects reloaded before import = 0Number of asset objects unloaded after import = 3

========================================================================
Received Import Request.
  Time since last request: 0.000016 seconds.
  path: Assets/Sprites/Champions/Ezreal/Ezreal_Idle/Ezreal_Idle_0027_Layer-33.png
  artifactKey: Guid(e640fe632f81f9248ba78fddcbe77b93) Importer(2089858483,b0f066a214c2f5e87bad3c948f4d605d)
Start importing Assets/Sprites/Champions/Ezreal/Ezreal_Idle/Ezreal_Idle_0027_Layer-33.png using Guid(e640fe632f81f9248ba78fddcbe77b93) Importer(2089858483,b0f066a214c2f5e87bad3c948f4d605d) (ScriptedImporter) -> (artifact id: 'a10009a2d7b1bd2f3ee2e47dfafe34a8') in 0.0095423 seconds
Number of updated asset objects reloaded before import = 0Number of asset objects unloaded after import = 3

========================================================================
Received Import Request.
  Time since last request: 0.000017 seconds.
  path: Assets/Sprites/Champions/Ezreal/Ezreal_Q/Ezreal_Q_0001_Layer-27.png
  artifactKey: Guid(46fc604755dac5143ade0be9bacf1c24) Importer(2089858483,b0f066a214c2f5e87bad3c948f4d605d)
Start importing Assets/Sprites/Champions/Ezreal/Ezreal_Q/Ezreal_Q_0001_Layer-27.png using Guid(46fc604755dac5143ade0be9bacf1c24) Importer(2089858483,b0f066a214c2f5e87bad3c948f4d605d) (ScriptedImporter) -> (artifact id: '8293592b2511d16f9a138af0191fdf2a') in 0.0091317 seconds
Number of updated asset objects reloaded before import = 0Number of asset objects unloaded after import = 3

========================================================================
Received Import Request.
  Time since last request: 0.000015 seconds.
  path: Assets/Sprites/Champions/Ezreal/Ezreal_Idle/Ezreal_Idle_0021_Layer-27.png
  artifactKey: Guid(7eedd494a11680f42be2905e9b13a4a1) Importer(2089858483,b0f066a214c2f5e87bad3c948f4d605d)
Start importing Assets/Sprites/Champions/Ezreal/Ezreal_Idle/Ezreal_Idle_0021_Layer-27.png using Guid(7eedd494a11680f42be2905e9b13a4a1) Importer(2089858483,b0f066a214c2f5e87bad3c948f4d605d) (ScriptedImporter) -> (artifact id: '6bf3e991a198fff64a2f19019ce11018') in 0.0104621 seconds
Number of updated asset objects reloaded before import = 0Number of asset objects unloaded after import = 3

========================================================================
Received Import Request.
  Time since last request: 0.000019 seconds.
  path: Assets/Sprites/Champions/Ezreal/Ezreal_Idle/Ezreal_Idle_0034_Layer-40.png
  artifactKey: Guid(3474b0414f8743e4dafb3f8585decdbf) Importer(2089858483,b0f066a214c2f5e87bad3c948f4d605d)
Start importing Assets/Sprites/Champions/Ezreal/Ezreal_Idle/Ezreal_Idle_0034_Layer-40.png using Guid(3474b0414f8743e4dafb3f8585decdbf) Importer(2089858483,b0f066a214c2f5e87bad3c948f4d605d) (ScriptedImporter) -> (artifact id: 'd9c6234d926031f8692ddba4d70d352b') in 0.0087098 seconds
Number of updated asset objects reloaded before import = 0Number of asset objects unloaded after import = 3

========================================================================
Received Import Request.
  Time since last request: 0.000033 seconds.
  path: Assets/Sprites/Champions/Ezreal/Ezreal_Idle/Ezreal_Idle_0022_Layer-28.png
  artifactKey: Guid(435dbb9c25a0f934b92deb04d217f863) Importer(2089858483,b0f066a214c2f5e87bad3c948f4d605d)
Start importing Assets/Sprites/Champions/Ezreal/Ezreal_Idle/Ezreal_Idle_0022_Layer-28.png using Guid(435dbb9c25a0f934b92deb04d217f863) Importer(2089858483,b0f066a214c2f5e87bad3c948f4d605d) (ScriptedImporter) -> (artifact id: '29d4b6fb95d43da55d33ba2bd093e7e9') in 0.0091998 seconds
Number of updated asset objects reloaded before import = 0Number of asset objects unloaded after import = 3

========================================================================
Received Import Request.
  Time since last request: 0.000017 seconds.
  path: Assets/Sprites/Champions/Ezreal/Ezreal_Idle/Ezreal_Idle_0015_Layer-21.png
  artifactKey: Guid(c2293edee96a5bf4d8d0636de7391573) Importer(2089858483,b0f066a214c2f5e87bad3c948f4d605d)
Start importing Assets/Sprites/Champions/Ezreal/Ezreal_Idle/Ezreal_Idle_0015_Layer-21.png using Guid(c2293edee96a5bf4d8d0636de7391573) Importer(2089858483,b0f066a214c2f5e87bad3c948f4d605d) (ScriptedImporter) -> (artifact id: '348ef5becb996bab0fb6d30b4edfd046') in 0.0090872 seconds
Number of updated asset objects reloaded before import = 0Number of asset objects unloaded after import = 3

========================================================================
Received Import Request.
  Time since last request: 0.000018 seconds.
  path: Assets/Sprites/Champions/Ezreal/Ezreal_Idle/Ezreal_Idle_0032_Layer-38.png
  artifactKey: Guid(869c72efb164f3041bc5f978c7f92abb) Importer(2089858483,b0f066a214c2f5e87bad3c948f4d605d)
Start importing Assets/Sprites/Champions/Ezreal/Ezreal_Idle/Ezreal_Idle_0032_Layer-38.png using Guid(869c72efb164f3041bc5f978c7f92abb) Importer(2089858483,b0f066a214c2f5e87bad3c948f4d605d) (ScriptedImporter) -> (artifact id: 'a26ec9d0e74172598e448bbfafbf8883') in 0.0089599 seconds
Number of updated asset objects reloaded before import = 0Number of asset objects unloaded after import = 3

========================================================================
Received Import Request.
  Time since last request: 0.000016 seconds.
  path: Assets/Sprites/Champions/Ezreal/Ezreal_Idle/Ezreal_Idle_0026_Layer-32.png
  artifactKey: Guid(8a4702f73ad78bf4e91d53f7c2216b5b) Importer(2089858483,b0f066a214c2f5e87bad3c948f4d605d)
Start importing Assets/Sprites/Champions/Ezreal/Ezreal_Idle/Ezreal_Idle_0026_Layer-32.png using Guid(8a4702f73ad78bf4e91d53f7c2216b5b) Importer(2089858483,b0f066a214c2f5e87bad3c948f4d605d) (ScriptedImporter) -> (artifact id: '21d8c9501cc6c28832e1540c03c14f1e') in 0.0093785 seconds
Number of updated asset objects reloaded before import = 0Number of asset objects unloaded after import = 3

========================================================================
Received Import Request.
  Time since last request: 0.000020 seconds.
  path: Assets/Sprites/Champions/Lux/Lux_Attack/Lux_Attack_0003_Layer-11.png
  artifactKey: Guid(7b07ff92f013a3e4d83b604b3defcdd5) Importer(2089858483,b0f066a214c2f5e87bad3c948f4d605d)
Start importing Assets/Sprites/Champions/Lux/Lux_Attack/Lux_Attack_0003_Layer-11.png using Guid(7b07ff92f013a3e4d83b604b3defcdd5) Importer(2089858483,b0f066a214c2f5e87bad3c948f4d605d) (ScriptedImporter) -> (artifact id: 'f27133509643846f344fa030e1df4db3') in 0.0115108 seconds
Number of updated asset objects reloaded before import = 0Number of asset objects unloaded after import = 3

========================================================================
Received Import Request.
  Time since last request: 0.000028 seconds.
  path: Assets/Sprites/Champions/Ezreal/Ezreal_Run/Ezreal_Run_0014_Layer-23.png
  artifactKey: Guid(34fb1d5837b8c914090f510592288489) Importer(2089858483,b0f066a214c2f5e87bad3c948f4d605d)
Start importing Assets/Sprites/Champions/Ezreal/Ezreal_Run/Ezreal_Run_0014_Layer-23.png using Guid(34fb1d5837b8c914090f510592288489) Importer(2089858483,b0f066a214c2f5e87bad3c948f4d605d) (ScriptedImporter) -> (artifact id: 'aea845d40b1b75bc791623ee756f26f9') in 0.0093987 seconds
Number of updated asset objects reloaded before import = 0Number of asset objects unloaded after import = 3

========================================================================
Received Import Request.
  Time since last request: 0.000022 seconds.
  path: Assets/Sprites/Champions/Ezreal/Ezreal_Run/Ezreal_Run_0010_Layer-19.png
  artifactKey: Guid(16d530481ac13f941ad91f20ef78b6fa) Importer(2089858483,b0f066a214c2f5e87bad3c948f4d605d)
Start importing Assets/Sprites/Champions/Ezreal/Ezreal_Run/Ezreal_Run_0010_Layer-19.png using Guid(16d530481ac13f941ad91f20ef78b6fa) Importer(2089858483,b0f066a214c2f5e87bad3c948f4d605d) (ScriptedImporter) -> (artifact id: '2a2b9290c72b1146de85523928b155c4') in 0.0113674 seconds
Number of updated asset objects reloaded before import = 0Number of asset objects unloaded after import = 3

========================================================================
Received Import Request.
  Time since last request: 0.000020 seconds.
  path: Assets/Sprites/Champions/Ezreal/Ezreal_Run/Ezreal_Run_0004_Layer-13.png
  artifactKey: Guid(24454474fa83f6f4783866413404ce95) Importer(2089858483,b0f066a214c2f5e87bad3c948f4d605d)
Start importing Assets/Sprites/Champions/Ezreal/Ezreal_Run/Ezreal_Run_0004_Layer-13.png using Guid(24454474fa83f6f4783866413404ce95) Importer(2089858483,b0f066a214c2f5e87bad3c948f4d605d) (ScriptedImporter) -> (artifact id: '4a7b0b39216acaebc82d11dc0e349834') in 0.0094028 seconds
Number of updated asset objects reloaded before import = 0Number of asset objects unloaded after import = 3

========================================================================
Received Import Request.
  Time since last request: 0.000014 seconds.
  path: Assets/Sprites/Champions/Ezreal/Ezreal_Run/Ezreal_Run_0006_Layer-15.png
  artifactKey: Guid(3678788e038eae240839ccf903692c53) Importer(2089858483,b0f066a214c2f5e87bad3c948f4d605d)
Start importing Assets/Sprites/Champions/Ezreal/Ezreal_Run/Ezreal_Run_0006_Layer-15.png using Guid(3678788e038eae240839ccf903692c53) Importer(2089858483,b0f066a214c2f5e87bad3c948f4d605d) (ScriptedImporter) -> (artifact id: '9bccaedffb96f25badcea7b518c07c7a') in 0.0091504 seconds
Number of updated asset objects reloaded before import = 0Number of asset objects unloaded after import = 3

========================================================================
Received Import Request.
  Time since last request: 0.000018 seconds.
  path: Assets/Sprites/Champions/Ezreal/Ezreal_Idle/Ezreal_Idle_0003_Layer-9.png
  artifactKey: Guid(b635ab74796a23549b75bb1b16675480) Importer(2089858483,b0f066a214c2f5e87bad3c948f4d605d)
Start importing Assets/Sprites/Champions/Ezreal/Ezreal_Idle/Ezreal_Idle_0003_Layer-9.png using Guid(b635ab74796a23549b75bb1b16675480) Importer(2089858483,b0f066a214c2f5e87bad3c948f4d605d) (ScriptedImporter) -> (artifact id: '28122bb6be218623d54c96e5f5bbd866') in 0.0085568 seconds
Number of updated asset objects reloaded before import = 0Number of asset objects unloaded after import = 3

========================================================================
Received Import Request.
  Time since last request: 0.000029 seconds.
  path: Assets/Scripts/HeroData.cs
  artifactKey: Guid(dc0fb8531bb2cd442887996bce88536c) Importer(2089858483,b0f066a214c2f5e87bad3c948f4d605d)
Start importing Assets/Scripts/HeroData.cs using Guid(dc0fb8531bb2cd442887996bce88536c) Importer(2089858483,b0f066a214c2f5e87bad3c948f4d605d) (ScriptedImporter) -> (artifact id: '589124221a31ef8b7ec65ae0e0b51ae0') in 0.0035001 seconds
Number of updated asset objects reloaded before import = 0Number of asset objects unloaded after import = 0

========================================================================
Received Import Request.
  Time since last request: 0.000016 seconds.
  path: Assets/TextMesh Pro/Shaders/TMP_SDF-Mobile Masking.shader
  artifactKey: Guid(bc1ede39bf3643ee8e493720e4259791) Importer(2089858483,b0f066a214c2f5e87bad3c948f4d605d)
Start importing Assets/TextMesh Pro/Shaders/TMP_SDF-Mobile Masking.shader using Guid(bc1ede39bf3643ee8e493720e4259791) Importer(2089858483,b0f066a214c2f5e87bad3c948f4d605d) (ScriptedImporter) -> (artifact id: 'febc16b2c81bf5541f590ab5e177f0a6') in 0.0059534 seconds
Number of updated asset objects reloaded before import = 0Number of asset objects unloaded after import = 1

========================================================================
Received Import Request.
  Time since last request: 0.000018 seconds.
  path: Assets/TextMesh Pro/Shaders/TMP_SDF-Mobile-2-Pass.shader
  artifactKey: Guid(0178fcb869bafef4690d177d31d17db8) Importer(2089858483,b0f066a214c2f5e87bad3c948f4d605d)
Start importing Assets/TextMesh Pro/Shaders/TMP_SDF-Mobile-2-Pass.shader using Guid(0178fcb869bafef4690d177d31d17db8) Importer(2089858483,b0f066a214c2f5e87bad3c948f4d605d) (ScriptedImporter) -> (artifact id: 'abd59f7cd37e7894869296214317b60f') in 0.004867 seconds
Number of updated asset objects reloaded before import = 0Number of asset objects unloaded after import = 1

========================================================================
Received Import Request.
  Time since last request: 0.000015 seconds.
  path: Assets/TextMesh Pro/Shaders/TMP_SDF-Mobile SSD.shader
  artifactKey: Guid(c8d12adcee749c344b8117cf7c7eb912) Importer(2089858483,b0f066a214c2f5e87bad3c948f4d605d)
Start importing Assets/TextMesh Pro/Shaders/TMP_SDF-Mobile SSD.shader using Guid(c8d12adcee749c344b8117cf7c7eb912) Importer(2089858483,b0f066a214c2f5e87bad3c948f4d605d) (ScriptedImporter) -> (artifact id: '675835a7df437fd55b159daa730678ed') in 0.0048872 seconds
Number of updated asset objects reloaded before import = 0Number of asset objects unloaded after import = 1

========================================================================
Received Import Request.
  Time since last request: 0.000014 seconds.
  path: Assets/Sprites/Champions/Lux/Lux_Idle/Lux_Idle_0003_Layer-11.png
  artifactKey: Guid(f3a687fcdb492d0468a3c96622056955) Importer(2089858483,b0f066a214c2f5e87bad3c948f4d605d)
Start importing Assets/Sprites/Champions/Lux/Lux_Idle/Lux_Idle_0003_Layer-11.png using Guid(f3a687fcdb492d0468a3c96622056955) Importer(2089858483,b0f066a214c2f5e87bad3c948f4d605d) (ScriptedImporter) -> (artifact id: 'b44fedffa4ee17d7cfc41bf147ed4170') in 0.0106566 seconds
Number of updated asset objects reloaded before import = 0Number of asset objects unloaded after import = 3

========================================================================
Received Import Request.
  Time since last request: 0.000026 seconds.
  path: Assets/Sprites/Champions/Lux/Lux_Idle/Lux_Idle_0009_Layer-17.png
  artifactKey: Guid(c84770a52b43d054bbe55f51b0fe717b) Importer(2089858483,b0f066a214c2f5e87bad3c948f4d605d)
Start importing Assets/Sprites/Champions/Lux/Lux_Idle/Lux_Idle_0009_Layer-17.png using Guid(c84770a52b43d054bbe55f51b0fe717b) Importer(2089858483,b0f066a214c2f5e87bad3c948f4d605d) (ScriptedImporter) -> (artifact id: '2f8ed38cc6c91687a4c0f4b93b119c52') in 0.0108388 seconds
Number of updated asset objects reloaded before import = 0Number of asset objects unloaded after import = 3

========================================================================
Received Import Request.
  Time since last request: 0.000026 seconds.
  path: Assets/Sprites/Champions/Lux/Lux_Attack/Lux_Attack_0010_Layer-18.png
  artifactKey: Guid(cba4c6f757928914e855e8a7ee96b710) Importer(2089858483,b0f066a214c2f5e87bad3c948f4d605d)
Start importing Assets/Sprites/Champions/Lux/Lux_Attack/Lux_Attack_0010_Layer-18.png using Guid(cba4c6f757928914e855e8a7ee96b710) Importer(2089858483,b0f066a214c2f5e87bad3c948f4d605d) (ScriptedImporter) -> (artifact id: '1ecf88c9c6b4411bf63a68071a20f23e') in 0.0109631 seconds
Number of updated asset objects reloaded before import = 0Number of asset objects unloaded after import = 3

========================================================================
Received Import Request.
  Time since last request: 0.000018 seconds.
  path: Assets/Sprites/Champions/Lux/Lux_Idle/Lux_Idle_0006_Layer-14.png
  artifactKey: Guid(d9964c19de992f840adc2df213743d2b) Importer(2089858483,b0f066a214c2f5e87bad3c948f4d605d)
Start importing Assets/Sprites/Champions/Lux/Lux_Idle/Lux_Idle_0006_Layer-14.png using Guid(d9964c19de992f840adc2df213743d2b) Importer(2089858483,b0f066a214c2f5e87bad3c948f4d605d) (ScriptedImporter) -> (artifact id: 'ab8b8b946f819d5e6625bdab0fd22bb3') in 0.0097571 seconds
Number of updated asset objects reloaded before import = 0Number of asset objects unloaded after import = 3

========================================================================
Received Import Request.
  Time since last request: 0.000020 seconds.
  path: Assets/Sprites/Champions/Lux/Lux_Idle/Lux_Idle_0008_Layer-16.png
  artifactKey: Guid(c4d4fc54720509949a1f4c784ecc0f88) Importer(2089858483,b0f066a214c2f5e87bad3c948f4d605d)
Start importing Assets/Sprites/Champions/Lux/Lux_Idle/Lux_Idle_0008_Layer-16.png using Guid(c4d4fc54720509949a1f4c784ecc0f88) Importer(2089858483,b0f066a214c2f5e87bad3c948f4d605d) (ScriptedImporter) -> (artifact id: 'aae5336d24ba22336e410425dee92930') in 0.0105474 seconds
Number of updated asset objects reloaded before import = 0Number of asset objects unloaded after import = 3

========================================================================
Received Import Request.
  Time since last request: 0.000013 seconds.
  path: Assets/Sprites/Champions/Lux/Lux_Idle/Lux_Idle_0015_Layer-23.png
  artifactKey: Guid(4acd38bf5f8734b49949c79b599f4b2a) Importer(2089858483,b0f066a214c2f5e87bad3c948f4d605d)
Start importing Assets/Sprites/Champions/Lux/Lux_Idle/Lux_Idle_0015_Layer-23.png using Guid(4acd38bf5f8734b49949c79b599f4b2a) Importer(2089858483,b0f066a214c2f5e87bad3c948f4d605d) (ScriptedImporter) -> (artifact id: '8277095132b59a736d527c49b08bab8b') in 0.0131573 seconds
Number of updated asset objects reloaded before import = 0Number of asset objects unloaded after import = 3

========================================================================
Received Import Request.
  Time since last request: 0.000015 seconds.
  path: Assets/Sprites/Champions/Ezreal/Ezreal_Attack/Ezreal_Attack_0020_Layer-33.png
  artifactKey: Guid(bd3aba6ce87d789429e24f3d48eed2c9) Importer(2089858483,b0f066a214c2f5e87bad3c948f4d605d)
Start importing Assets/Sprites/Champions/Ezreal/Ezreal_Attack/Ezreal_Attack_0020_Layer-33.png using Guid(bd3aba6ce87d789429e24f3d48eed2c9) Importer(2089858483,b0f066a214c2f5e87bad3c948f4d605d) (ScriptedImporter) -> (artifact id: 'd9f57faf752d93bce5fa3daa4508a063') in 0.0100807 seconds
Number of updated asset objects reloaded before import = 0Number of asset objects unloaded after import = 3

========================================================================
Received Import Request.
  Time since last request: 0.000031 seconds.
  path: Assets/Settings/InputSystem_Actions.inputactions
  artifactKey: Guid(2bcd2660ca9b64942af0de543d8d7100) Importer(2089858483,b0f066a214c2f5e87bad3c948f4d605d)
Start importing Assets/Settings/InputSystem_Actions.inputactions using Guid(2bcd2660ca9b64942af0de543d8d7100) Importer(2089858483,b0f066a214c2f5e87bad3c948f4d605d) (ScriptedImporter)